#
# There is insufficient memory for the Java Runtime Environment to continue.
# Native memory allocation (malloc) failed to allocate 698496 bytes for Chunk::new
# Possible reasons:
#   The system is out of physical RAM or swap space
#   In 32 bit mode, the process size limit was hit
# Possible solutions:
#   Reduce memory load on the system
#   Increase physical memory or swap space
#   Check if swap backing store is full
#   Use 64 bit Java on a 64 bit OS
#   Decrease Java heap size (-Xmx/-Xms)
#   Decrease number of Java threads
#   Decrease Java thread stack sizes (-Xss)
#   Set larger code cache with -XX:ReservedCodeCacheSize=
# This output file may be truncated or incomplete.
#
#  Out of Memory Error (allocation.cpp:390), pid=2536, tid=4468
#
# JRE version: Java(TM) SE Runtime Environment (8.0_73-b02) (build 1.8.0_73-b02)
# Java VM: Java HotSpot(TM) 64-Bit Server VM (25.73-b02 mixed mode windows-amd64 compressed oops)
# Failed to write core dump. Minidumps are not enabled by default on client versions of Windows
#

---------------  T H R E A D  ---------------

Current thread (0x0000000014dbd000):  JavaThread "C2 CompilerThread0" daemon [_thread_in_native, id=4468, stack(0x00000000163f0000,0x00000000164f0000)]

Stack: [0x00000000163f0000,0x00000000164f0000]
[error occurred during error reporting (printing stack bounds), id 0xc0000005]

Native frames: (J=compiled Java code, j=interpreted, Vv=VM code, C=native code)


Current CompileTask:
C2:   2087 1146       4       com.android.dx.ssa.SCCP::simulateStmt (481 bytes)


---------------  P R O C E S S  ---------------

Java Threads: ( => current thread )
  0x00000000169b2800 JavaThread "pool-2-thread-4" [_thread_in_Java, id=3360, stack(0x00000000170f0000,0x00000000171f0000)]
  0x0000000016828800 JavaThread "pool-2-thread-2" [_thread_in_Java, id=1352, stack(0x0000000016ef0000,0x0000000016ff0000)]
  0x0000000016827800 JavaThread "pool-3-thread-1" [_thread_blocked, id=8816, stack(0x0000000016df0000,0x0000000016ef0000)]
  0x00000000166f4800 JavaThread "Service Thread" daemon [_thread_blocked, id=5416, stack(0x0000000016af0000,0x0000000016bf0000)]
  0x0000000014e1d000 JavaThread "C1 CompilerThread2" daemon [_thread_blocked, id=428, stack(0x00000000165f0000,0x00000000166f0000)]
  0x0000000014e1a000 JavaThread "C2 CompilerThread1" daemon [_thread_in_native, id=2244, stack(0x00000000164f0000,0x00000000165f0000)]
=>0x0000000014dbd000 JavaThread "C2 CompilerThread0" daemon [_thread_in_native, id=4468, stack(0x00000000163f0000,0x00000000164f0000)]
  0x0000000014dbb800 JavaThread "Attach Listener" daemon [_thread_blocked, id=7416, stack(0x00000000162f0000,0x00000000163f0000)]
  0x0000000014dba000 JavaThread "Signal Dispatcher" daemon [_thread_blocked, id=7460, stack(0x00000000161f0000,0x00000000162f0000)]
  0x00000000026e0800 JavaThread "Finalizer" daemon [_thread_blocked, id=9168, stack(0x0000000016010000,0x0000000016110000)]
  0x00000000026dd000 JavaThread "Reference Handler" daemon [_thread_blocked, id=2760, stack(0x0000000015f10000,0x0000000016010000)]
  0x00000000025f0800 JavaThread "main" [_thread_blocked, id=4844, stack(0x00000000023f0000,0x00000000024f0000)]

Other Threads:
  0x0000000014d88000 VMThread [stack: 0x0000000015e10000,0x0000000015f10000] [id=6328]
  0x0000000016701800 WatcherThread [stack: 0x0000000016bf0000,0x0000000016cf0000] [id=6792]

VM state:not at safepoint (normal execution)

VM Mutex/Monitor currently owned by a thread: None

Heap:
 PSYoungGen      total 18944K, used 18161K [0x00000000eab00000, 0x00000000ed000000, 0x0000000100000000)
  eden space 16384K, 95% used [0x00000000eab00000,0x00000000eba40580,0x00000000ebb00000)
  from space 2560K, 99% used [0x00000000ebb00000,0x00000000ebd7bed8,0x00000000ebd80000)
  to   space 2560K, 0% used [0x00000000ecd80000,0x00000000ecd80000,0x00000000ed000000)
 ParOldGen       total 44032K, used 2026K [0x00000000c0000000, 0x00000000c2b00000, 0x00000000eab00000)
  object space 44032K, 4% used [0x00000000c0000000,0x00000000c01fa998,0x00000000c2b00000)
 Metaspace       used 5882K, capacity 6960K, committed 7040K, reserved 1056768K
  class space    used 589K, capacity 616K, committed 640K, reserved 1048576K

Card table byte_map: [0x0000000011ab0000,0x0000000011cc0000] byte_map_base: 0x00000000114b0000

Marking Bits: (ParMarkBitMap*) 0x00000000600e0600
 Begin Bits: [0x0000000012220000, 0x0000000013220000)
 End Bits:   [0x0000000013220000, 0x0000000014220000)

Polling page: 0x0000000000b90000

CodeCache: size=245760Kb used=4818Kb max_used=4818Kb free=240941Kb
 bounds [0x00000000026f0000, 0x0000000002bb0000, 0x00000000116f0000]
 total_blobs=1448 nmethods=1185 adapters=176
 compilation: enabled

Compilation events (10 events):
Event: 2.074 Thread 0x0000000014e1d000 nmethod 1185 0x0000000002b9e110 code [0x0000000002b9e360, 0x0000000002b9f188]
Event: 2.074 Thread 0x0000000014e1d000 1186       3       com.android.dx.ssa.SsaMethod::getGoto (26 bytes)
Event: 2.074 Thread 0x0000000014e1d000 nmethod 1186 0x0000000002b9f950 code [0x0000000002b9fb00, 0x0000000002ba0078]
Event: 2.074 Thread 0x0000000014e1d000 1187       3       java.util.HashMap$HashIterator::hasNext (13 bytes)
Event: 2.074 Thread 0x0000000014e1d000 nmethod 1187 0x0000000002ba02d0 code [0x0000000002ba0420, 0x0000000002ba05d0]
Event: 2.074 Thread 0x0000000014e1d000 1193       3       com.android.dx.rop.code.AccessFlags::isStatic (13 bytes)
Event: 2.075 Thread 0x0000000014e1d000 nmethod 1193 0x0000000002ba0650 code [0x0000000002ba07a0, 0x0000000002ba0930]
Event: 2.075 Thread 0x0000000014e1d000 1194       3       com.android.dx.cf.code.OneLocalsArray::getMaxLocals (6 bytes)
Event: 2.075 Thread 0x0000000014e1d000 nmethod 1194 0x0000000002ba09d0 code [0x0000000002ba0b20, 0x0000000002ba0c70]
Event: 2.076 Thread 0x0000000014e1d000 1196       3       com.android.dx.ssa.ConstCollector::getConstsSortedByCountUse (386 bytes)

GC Heap History (2 events):
Event: 1.654 GC heap before
{Heap before GC invocations=1 (full 0):
 PSYoungGen      total 18944K, used 16384K [0x00000000eab00000, 0x00000000ec000000, 0x0000000100000000)
  eden space 16384K, 100% used [0x00000000eab00000,0x00000000ebb00000,0x00000000ebb00000)
  from space 2560K, 0% used [0x00000000ebd80000,0x00000000ebd80000,0x00000000ec000000)
  to   space 2560K, 0% used [0x00000000ebb00000,0x00000000ebb00000,0x00000000ebd80000)
 ParOldGen       total 44032K, used 0K [0x00000000c0000000, 0x00000000c2b00000, 0x00000000eab00000)
  object space 44032K, 0% used [0x00000000c0000000,0x00000000c0000000,0x00000000c2b00000)
 Metaspace       used 5700K, capacity 6768K, committed 7040K, reserved 1056768K
  class space    used 587K, capacity 616K, committed 640K, reserved 1048576K
Event: 1.733 GC heap after
Heap after GC invocations=1 (full 0):
 PSYoungGen      total 18944K, used 2543K [0x00000000eab00000, 0x00000000ed000000, 0x0000000100000000)
  eden space 16384K, 0% used [0x00000000eab00000,0x00000000eab00000,0x00000000ebb00000)
  from space 2560K, 99% used [0x00000000ebb00000,0x00000000ebd7bed8,0x00000000ebd80000)
  to   space 2560K, 0% used [0x00000000ecd80000,0x00000000ecd80000,0x00000000ed000000)
 ParOldGen       total 44032K, used 2026K [0x00000000c0000000, 0x00000000c2b00000, 0x00000000eab00000)
  object space 44032K, 4% used [0x00000000c0000000,0x00000000c01fa998,0x00000000c2b00000)
 Metaspace       used 5700K, capacity 6768K, committed 7040K, reserved 1056768K
  class space    used 587K, capacity 616K, committed 640K, reserved 1048576K
}

Deoptimization events (10 events):
Event: 1.497 Thread 0x000000001694c800 Uncommon trap: reason=class_check action=maybe_recompile pc=0x00000000029486f0 method=com.android.dx.ssa.NormalSsaInsn.accept(Lcom/android/dx/ssa/SsaInsn$Visitor;)V @ 9
Event: 1.497 Thread 0x000000001694c800 Uncommon trap: reason=class_check action=maybe_recompile pc=0x00000000029486f0 method=com.android.dx.ssa.NormalSsaInsn.accept(Lcom/android/dx/ssa/SsaInsn$Visitor;)V @ 9
Event: 1.498 Thread 0x000000001694c800 Uncommon trap: reason=class_check action=maybe_recompile pc=0x00000000029486f0 method=com.android.dx.ssa.NormalSsaInsn.accept(Lcom/android/dx/ssa/SsaInsn$Visitor;)V @ 9
Event: 1.499 Thread 0x000000001694c800 Uncommon trap: reason=class_check action=maybe_recompile pc=0x00000000029486f0 method=com.android.dx.ssa.NormalSsaInsn.accept(Lcom/android/dx/ssa/SsaInsn$Visitor;)V @ 9
Event: 1.636 Thread 0x00000000169b2800 Uncommon trap: reason=unstable_if action=reinterpret pc=0x00000000029e009c method=com.android.dx.rop.cst.Constant.compareTo(Lcom/android/dx/rop/cst/Constant;)I @ 12
Event: 1.797 Thread 0x00000000025f0800 Uncommon trap: reason=unstable_if action=reinterpret pc=0x0000000002a05580 method=com.android.dx.rop.code.RegisterSpec.equals(ILcom/android/dx/rop/type/TypeBearer;Lcom/android/dx/rop/code/LocalItem;)Z @ 42
Event: 2.019 Thread 0x00000000169b2800 Uncommon trap: reason=unstable_if action=reinterpret pc=0x0000000002a387ac method=com.android.dx.rop.code.RegisterSpecSet.put(Lcom/android/dx/rop/code/RegisterSpec;)V @ 77
Event: 2.019 Thread 0x00000000169b2800 Uncommon trap: reason=unstable_if action=reinterpret pc=0x0000000002a5c36c method=com.android.dx.rop.code.RegisterSpecSet.put(Lcom/android/dx/rop/code/RegisterSpec;)V @ 77
Event: 2.024 Thread 0x00000000169b2800 Uncommon trap: reason=bimorphic action=maybe_recompile pc=0x0000000002991770 method=java.util.HashMap.getNode(ILjava/lang/Object;)Ljava/util/HashMap$Node; @ 126
Event: 2.073 Thread 0x0000000016828800 Uncommon trap: reason=unstable_if action=reinterpret pc=0x0000000002b1107c method=com.android.dx.util.IntList.binarysearch(I)I @ 105

Internal exceptions (2 events):
Event: 0.076 Thread 0x00000000025f0800 Exception <a 'java/lang/NoSuchMethodError': Method sun.misc.Unsafe.defineClass(Ljava/lang/String;[BII)Ljava/lang/Class; name or signature does not match> (0x00000000eab0d580) thrown at [D:\re\puppet\workspace\8-2-build-windows-amd64-cygwin\jdk8u73\6086\hotvIðzî]³?
Event: 0.076 Thread 0x00000000025f0800 Exception <a 'java/lang/NoSuchMethodError': Method sun.misc.Unsafe.prefetchRead(Ljava/lang/Object;J)V name or signature does not match> (0x00000000eab0d868) thrown at [D:\re\puppet\workspace\8-2-build-windows-amd64-cygwin\jdk8u73\6086\hotspot\src\share\vm\

Events (10 events):
Event: 2.052 loading class java/util/HashMap$KeySet done
Event: 2.052 loading class java/util/HashMap$KeyIterator
Event: 2.052 loading class java/util/HashMap$KeyIterator done
Event: 2.066 Thread 0x000000001694c800 Thread exited: 0x000000001694c800
Event: 2.069 Thread 0x0000000016856000 Thread exited: 0x0000000016856000
Event: 2.073 Thread 0x0000000016828800 Uncommon trap: trap_request=0xffffff65 fr.pc=0x0000000002b1107c
Event: 2.073 Thread 0x0000000016828800 DEOPT PACKING pc=0x0000000002b1107c sp=0x0000000016fee8e0
Event: 2.073 Thread 0x0000000016828800 DEOPT UNPACKING pc=0x000000000273582a sp=0x0000000016fee858 mode 2
Event: 2.074 Thread 0x0000000016828800 DEOPT PACKING pc=0x00000000029ce802 sp=0x0000000016fee7a0
Event: 2.074 Thread 0x0000000016828800 DEOPT UNPACKING pc=0x000000000273787f sp=0x0000000016fee508 mode 0


Dynamic libraries:
0x00007ff7fc950000 - 0x00007ff7fc987000 	C:\Program Files\Java\jdk1.8.0_73\bin\java.exe
0x00007ffbac100000 - 0x00007ffbac2c1000 	C:\WINDOWS\SYSTEM32\ntdll.dll
0x00007ffbabdd0000 - 0x00007ffbabe7d000 	C:\WINDOWS\system32\KERNEL32.DLL
0x00007ffba8c50000 - 0x00007ffba8e38000 	C:\WINDOWS\system32\KERNELBASE.dll
0x00007ffbabd20000 - 0x00007ffbabdc7000 	C:\WINDOWS\system32\ADVAPI32.dll
0x00007ffbaba60000 - 0x00007ffbabafd000 	C:\WINDOWS\system32\msvcrt.dll
0x00007ffba9670000 - 0x00007ffba96cb000 	C:\WINDOWS\system32\sechost.dll
0x00007ffbabfe0000 - 0x00007ffbac0fc000 	C:\WINDOWS\system32\RPCRT4.dll
0x00007ffbabe80000 - 0x00007ffbabfd6000 	C:\WINDOWS\system32\USER32.dll
0x00007ffbab760000 - 0x00007ffbab8e6000 	C:\WINDOWS\system32\GDI32.dll
0x00007ffb9b690000 - 0x00007ffb9b904000 	C:\WINDOWS\WinSxS\amd64_microsoft.windows.common-controls_6595b64144ccf1df_6.0.10586.589_none_a2ddb3caa539acce\COMCTL32.dll
0x00007ffbaaed0000 - 0x00007ffbab14d000 	C:\WINDOWS\system32\combase.dll
0x00007ffba9490000 - 0x00007ffba94fa000 	C:\WINDOWS\system32\bcryptPrimitives.dll
0x00007ffbaae90000 - 0x00007ffbaaecb000 	C:\WINDOWS\system32\IMM32.DLL
0x0000000060160000 - 0x0000000060232000 	C:\Program Files\Java\jdk1.8.0_73\jre\bin\msvcr100.dll
0x000000005f8d0000 - 0x0000000060160000 	C:\Program Files\Java\jdk1.8.0_73\jre\bin\server\jvm.dll
0x00007ffbaae80000 - 0x00007ffbaae88000 	C:\WINDOWS\system32\PSAPI.DLL
0x00007ffb9ae40000 - 0x00007ffb9ae49000 	C:\WINDOWS\SYSTEM32\WSOCK32.dll
0x00007ffbab6f0000 - 0x00007ffbab75b000 	C:\WINDOWS\system32\WS2_32.dll
0x00007ffba6970000 - 0x00007ffba6993000 	C:\WINDOWS\SYSTEM32\WINMM.dll
0x00007ffb9c1d0000 - 0x00007ffb9c1da000 	C:\WINDOWS\SYSTEM32\VERSION.dll
0x00007ffba6940000 - 0x00007ffba696c000 	C:\WINDOWS\SYSTEM32\WINMMBASE.dll
0x00007ffba88d0000 - 0x00007ffba8913000 	C:\WINDOWS\system32\cfgmgr32.dll
0x000000005f8c0000 - 0x000000005f8cf000 	C:\Program Files\Java\jdk1.8.0_73\jre\bin\verify.dll
0x000000005f890000 - 0x000000005f8b9000 	C:\Program Files\Java\jdk1.8.0_73\jre\bin\java.dll
0x000000005f870000 - 0x000000005f886000 	C:\Program Files\Java\jdk1.8.0_73\jre\bin\zip.dll
0x00007ffba96d0000 - 0x00007ffbaac2c000 	C:\WINDOWS\system32\SHELL32.dll
0x00007ffba8e40000 - 0x00007ffba9485000 	C:\WINDOWS\system32\windows.storage.dll
0x00007ffbabcb0000 - 0x00007ffbabd02000 	C:\WINDOWS\system32\shlwapi.dll
0x00007ffba8730000 - 0x00007ffba873f000 	C:\WINDOWS\system32\kernel.appcore.dll
0x00007ffba8810000 - 0x00007ffba88c5000 	C:\WINDOWS\system32\shcore.dll
0x00007ffba8740000 - 0x00007ffba878b000 	C:\WINDOWS\system32\powrprof.dll
0x00007ffba8790000 - 0x00007ffba87a4000 	C:\WINDOWS\system32\profapi.dll

VM Arguments:
jvm_args: -Djava.awt.headless=true -Xmx1024M -Dfile.encoding=windows-1252 -Duser.country=GB -Duser.language=en -Duser.variant 
java_command: com.android.dx.command.Main --dex --force-jumbo --num-threads=4 --multi-dex --output C:\Users\sandhu\Documents\sdma\assignment\Assignment8\SunCalculator\app\build\intermediates\transforms\dex\debug\folders\1000\10\com.android.support-support-vector-drawable-24.2.1_4064993def2bdc5c342abac911d9e38ef44e86f7 C:\Users\sandhu\Documents\sdma\assignment\Assignment8\SunCalculator\app\build\intermediates\exploded-aar\com.android.support\support-vector-drawable\24.2.1\jars\classes.jar
java_class_path (initial): C:\Users\sandhu\AppData\Local\Android\sdk1\build-tools\24.0.0\lib\dx.jar
Launcher Type: SUN_STANDARD

Environment Variables:
JAVA_HOME=C:\Program Files\Java\jdk1.8.0_73
PATH=C:\ProgramData\Oracle\Java\javapath;C:\Program Files (x86)\Intel\iCLS Client\;C:\Program Files\Intel\iCLS Client\;C:\WINDOWS\system32;C:\WINDOWS;C:\WINDOWS\System32\Wbem;C:\WINDOWS\System32\WindowsPowerShell\v1.0\;C:\Program Files\Java\jdk1.8.0_60\bin;C:\wamp\bin\php\php5.5.12;C:\Users\sandhu\Documents\WAAD\curl-7.46.0-win64\bin;C:\Program Files (x86)\Skype\Phone\;C:\xampp\mysql\bin
USERNAME=sandhu
OS=Windows_NT
PROCESSOR_IDENTIFIER=Intel64 Family 6 Model 69 Stepping 1, GenuineIntel



---------------  S Y S T E M  ---------------

OS: Windows 10.0 , 64 bit Build 10586 (10.0.10586.589)

CPU:total 4 (2 cores per cpu, 2 threads per core) family 6 model 69 stepping 1, cmov, cx8, fxsr, mmx, sse, sse2, sse3, ssse3, sse4.1, sse4.2, popcnt, avx, avx2, aes, clmul, erms, lzcnt, ht, tsc, tscinvbit, bmi1, bmi2

Memory: 4k page, physical 4133144k(371936k free), swap 11879416k(4184k free)

vm_info: Java HotSpot(TM) 64-Bit Server VM (25.73-b02) for windows-amd64 JRE (1.8.0_73-b02), built on Jan 29 2016 17:38:49 by "java_re" with MS VC++ 10.0 (VS2010)

time: Wed Oct 19 22:10:57 2016
elapsed time: 2 seconds (0d 0h 0m 2s)

