#
# There is insufficient memory for the Java Runtime Environment to continue.
# Native memory allocation (malloc) failed to allocate 46096 bytes for Chunk::new
# Possible reasons:
#   The system is out of physical RAM or swap space
#   In 32 bit mode, the process size limit was hit
# Possible solutions:
#   Reduce memory load on the system
#   Increase physical memory or swap space
#   Check if swap backing store is full
#   Use 64 bit Java on a 64 bit OS
#   Decrease Java heap size (-Xmx/-Xms)
#   Decrease number of Java threads
#   Decrease Java thread stack sizes (-Xss)
#   Set larger code cache with -XX:ReservedCodeCacheSize=
# This output file may be truncated or incomplete.
#
#  Out of Memory Error (allocation.cpp:390), pid=1700, tid=9004
#
# JRE version: Java(TM) SE Runtime Environment (8.0_73-b02) (build 1.8.0_73-b02)
# Java VM: Java HotSpot(TM) 64-Bit Server VM (25.73-b02 mixed mode windows-amd64 compressed oops)
# Failed to write core dump. Minidumps are not enabled by default on client versions of Windows
#

---------------  T H R E A D  ---------------

Current thread (0x00000000157ed000):  JavaThread "C2 CompilerThread0" daemon [_thread_in_native, id=9004, stack(0x0000000016e20000,0x0000000016f20000)]

Stack: [0x0000000016e20000,0x0000000016f20000]
[error occurred during error reporting (printing stack bounds), id 0xc0000005]

Native frames: (J=compiled Java code, j=interpreted, Vv=VM code, C=native code)


Current CompileTask:
C2:    738  291       4       java.lang.String::equals (81 bytes)


---------------  P R O C E S S  ---------------

Java Threads: ( => current thread )
  0x000000001739f000 JavaThread "pool-2-thread-4" [_thread_blocked, id=4360, stack(0x0000000017b20000,0x0000000017c20000)]
  0x000000001725b800 JavaThread "pool-2-thread-3" [_thread_in_Java, id=1808, stack(0x0000000017a20000,0x0000000017b20000)]
  0x000000001725a800 JavaThread "pool-2-thread-2" [_thread_in_Java, id=4160, stack(0x0000000017920000,0x0000000017a20000)]
  0x0000000017253800 JavaThread "pool-3-thread-1" [_thread_blocked, id=960, stack(0x0000000017820000,0x0000000017920000)]
  0x0000000017245800 JavaThread "pool-2-thread-1" [_thread_blocked, id=5076, stack(0x0000000017720000,0x0000000017820000)]
  0x0000000017125800 JavaThread "Service Thread" daemon [_thread_blocked, id=3012, stack(0x0000000017520000,0x0000000017620000)]
  0x000000001584d000 JavaThread "C1 CompilerThread2" daemon [_thread_in_native, id=2232, stack(0x0000000017020000,0x0000000017120000)]
  0x000000001583e800 JavaThread "C2 CompilerThread1" daemon [_thread_blocked, id=4996, stack(0x0000000016f20000,0x0000000017020000)]
=>0x00000000157ed000 JavaThread "C2 CompilerThread0" daemon [_thread_in_native, id=9004, stack(0x0000000016e20000,0x0000000016f20000)]
  0x00000000157eb800 JavaThread "Attach Listener" daemon [_thread_blocked, id=6736, stack(0x0000000016d20000,0x0000000016e20000)]
  0x00000000157ea000 JavaThread "Signal Dispatcher" daemon [_thread_blocked, id=836, stack(0x0000000016c20000,0x0000000016d20000)]
  0x0000000003110800 JavaThread "Finalizer" daemon [_thread_blocked, id=5132, stack(0x0000000016a40000,0x0000000016b40000)]
  0x000000000310d000 JavaThread "Reference Handler" daemon [_thread_blocked, id=1640, stack(0x0000000016940000,0x0000000016a40000)]
  0x0000000003020800 JavaThread "main" [_thread_blocked, id=7120, stack(0x0000000002d80000,0x0000000002e80000)]

Other Threads:
  0x00000000157b8000 VMThread [stack: 0x0000000016840000,0x0000000016940000] [id=8600]
  0x000000001713c000 WatcherThread [stack: 0x0000000017620000,0x0000000017720000] [id=316]

VM state:not at safepoint (normal execution)

VM Mutex/Monitor currently owned by a thread: None

Heap:
 PSYoungGen      total 18944K, used 7268K [0x00000000eab00000, 0x00000000ec000000, 0x0000000100000000)
  eden space 16384K, 44% used [0x00000000eab00000,0x00000000eb2190d8,0x00000000ebb00000)
  from space 2560K, 0% used [0x00000000ebd80000,0x00000000ebd80000,0x00000000ec000000)
  to   space 2560K, 0% used [0x00000000ebb00000,0x00000000ebb00000,0x00000000ebd80000)
 ParOldGen       total 44032K, used 0K [0x00000000c0000000, 0x00000000c2b00000, 0x00000000eab00000)
  object space 44032K, 0% used [0x00000000c0000000,0x00000000c0000000,0x00000000c2b00000)
 Metaspace       used 4530K, capacity 5808K, committed 6016K, reserved 1058816K
  class space    used 499K, capacity 552K, committed 640K, reserved 1048576K

Card table byte_map: [0x00000000124e0000,0x00000000126f0000] byte_map_base: 0x0000000011ee0000

Marking Bits: (ParMarkBitMap*) 0x00000000600e0600
 Begin Bits: [0x0000000012c50000, 0x0000000013c50000)
 End Bits:   [0x0000000013c50000, 0x0000000014c50000)

Polling page: 0x0000000001370000

CodeCache: size=245760Kb used=1669Kb max_used=1672Kb free=244090Kb
 bounds [0x0000000003120000, 0x0000000003390000, 0x0000000012120000]
 total_blobs=557 nmethods=300 adapters=170
 compilation: enabled

Compilation events (10 events):
Event: 0.735 Thread 0x000000001584d000  286       3       com.android.dx.ssa.NormalSsaInsn::<init> (15 bytes)
Event: 0.736 Thread 0x000000001584d000 nmethod 286 0x00000000032bd490 code [0x00000000032bd620, 0x00000000032bda28]
Event: 0.736 Thread 0x000000001584d000  288       1       com.android.dx.rop.code.RopMethod::getBlocks (5 bytes)
Event: 0.736 Thread 0x000000001584d000 nmethod 288 0x00000000032bdbd0 code [0x00000000032bdd20, 0x00000000032bde30]
Event: 0.736 Thread 0x000000001584d000  290       1       com.android.dx.ssa.SsaBasicBlock::getInsns (5 bytes)
Event: 0.736 Thread 0x000000001584d000 nmethod 290 0x00000000032bde90 code [0x00000000032bdfe0, 0x00000000032be0f0]
Event: 0.736 Thread 0x000000001584d000  292       1       com.android.dx.ssa.SsaInsn::getResult (5 bytes)
Event: 0.736 Thread 0x000000001584d000 nmethod 292 0x00000000032be150 code [0x00000000032be2a0, 0x00000000032be3b0]
Event: 0.736 Thread 0x000000001584d000  294       3       java.util.BitSet::nextSetBit (102 bytes)
Event: 0.736 Thread 0x000000001583e800  298       4       java.util.ArrayList::get (11 bytes)

GC Heap History (0 events):
No events

Deoptimization events (0 events):
No events

Internal exceptions (2 events):
Event: 0.093 Thread 0x0000000003020800 Exception <a 'java/lang/NoSuchMethodError': Method sun.misc.Unsafe.defineClass(Ljava/lang/String;[BII)Ljava/lang/Class; name or signature does not match> (0x00000000eab0d4a0) thrown at [D:\re\puppet\workspace\8-2-build-windows-amd64-cygwin\jdk8u73\6086\hota6ЛSпи?
Event: 0.093 Thread 0x0000000003020800 Exception <a 'java/lang/NoSuchMethodError': Method sun.misc.Unsafe.prefetchRead(Ljava/lang/Object;J)V name or signature does not match> (0x00000000eab0d788) thrown at [D:\re\puppet\workspace\8-2-build-windows-amd64-cygwin\jdk8u73\6086\hotspot\src\share\vm\

Events (10 events):
Event: 0.730 loading class java/lang/CloneNotSupportedException
Event: 0.730 loading class java/lang/CloneNotSupportedException done
Event: 0.732 loading class com/android/dx/ssa/LocalVariableExtractor
Event: 0.732 loading class com/android/dx/ssa/LocalVariableExtractor done
Event: 0.733 loading class com/android/dx/ssa/LocalVariableInfo
Event: 0.733 loading class com/android/dx/ssa/LocalVariableInfo done
Event: 0.735 loading class com/android/dx/rop/code/RegisterSpecSet
Event: 0.735 loading class com/android/dx/rop/code/RegisterSpecSet done
Event: 0.736 loading class com/android/dx/ssa/DomFront
Event: 0.736 loading class com/android/dx/ssa/DomFront done


Dynamic libraries:
0x00007ff7fc950000 - 0x00007ff7fc987000 	C:\Program Files\Java\jdk1.8.0_73\bin\java.exe
0x00007ffbac100000 - 0x00007ffbac2c1000 	C:\WINDOWS\SYSTEM32\ntdll.dll
0x00007ffbabdd0000 - 0x00007ffbabe7d000 	C:\WINDOWS\system32\KERNEL32.DLL
0x00007ffba8c50000 - 0x00007ffba8e38000 	C:\WINDOWS\system32\KERNELBASE.dll
0x00007ffbabd20000 - 0x00007ffbabdc7000 	C:\WINDOWS\system32\ADVAPI32.dll
0x00007ffbaba60000 - 0x00007ffbabafd000 	C:\WINDOWS\system32\msvcrt.dll
0x00007ffba9670000 - 0x00007ffba96cb000 	C:\WINDOWS\system32\sechost.dll
0x00007ffbabfe0000 - 0x00007ffbac0fc000 	C:\WINDOWS\system32\RPCRT4.dll
0x00007ffbabe80000 - 0x00007ffbabfd6000 	C:\WINDOWS\system32\USER32.dll
0x00007ffbab760000 - 0x00007ffbab8e6000 	C:\WINDOWS\system32\GDI32.dll
0x00007ffb9b690000 - 0x00007ffb9b904000 	C:\WINDOWS\WinSxS\amd64_microsoft.windows.common-controls_6595b64144ccf1df_6.0.10586.589_none_a2ddb3caa539acce\COMCTL32.dll
0x00007ffbaaed0000 - 0x00007ffbab14d000 	C:\WINDOWS\system32\combase.dll
0x00007ffba9490000 - 0x00007ffba94fa000 	C:\WINDOWS\system32\bcryptPrimitives.dll
0x00007ffbaae90000 - 0x00007ffbaaecb000 	C:\WINDOWS\system32\IMM32.DLL
0x0000000060160000 - 0x0000000060232000 	C:\Program Files\Java\jdk1.8.0_73\jre\bin\msvcr100.dll
0x000000005f8d0000 - 0x0000000060160000 	C:\Program Files\Java\jdk1.8.0_73\jre\bin\server\jvm.dll
0x00007ffbaae80000 - 0x00007ffbaae88000 	C:\WINDOWS\system32\PSAPI.DLL
0x00007ffb9ae40000 - 0x00007ffb9ae49000 	C:\WINDOWS\SYSTEM32\WSOCK32.dll
0x00007ffbab6f0000 - 0x00007ffbab75b000 	C:\WINDOWS\system32\WS2_32.dll
0x00007ffba6970000 - 0x00007ffba6993000 	C:\WINDOWS\SYSTEM32\WINMM.dll
0x00007ffb9c1d0000 - 0x00007ffb9c1da000 	C:\WINDOWS\SYSTEM32\VERSION.dll
0x00007ffba6940000 - 0x00007ffba696c000 	C:\WINDOWS\SYSTEM32\WINMMBASE.dll
0x00007ffba88d0000 - 0x00007ffba8913000 	C:\WINDOWS\system32\cfgmgr32.dll
0x000000005f8c0000 - 0x000000005f8cf000 	C:\Program Files\Java\jdk1.8.0_73\jre\bin\verify.dll
0x000000005f890000 - 0x000000005f8b9000 	C:\Program Files\Java\jdk1.8.0_73\jre\bin\java.dll
0x000000005f870000 - 0x000000005f886000 	C:\Program Files\Java\jdk1.8.0_73\jre\bin\zip.dll
0x00007ffba96d0000 - 0x00007ffbaac2c000 	C:\WINDOWS\system32\SHELL32.dll
0x00007ffba8e40000 - 0x00007ffba9485000 	C:\WINDOWS\system32\windows.storage.dll
0x00007ffbabcb0000 - 0x00007ffbabd02000 	C:\WINDOWS\system32\shlwapi.dll
0x00007ffba8730000 - 0x00007ffba873f000 	C:\WINDOWS\system32\kernel.appcore.dll
0x00007ffba8810000 - 0x00007ffba88c5000 	C:\WINDOWS\system32\shcore.dll
0x00007ffba8740000 - 0x00007ffba878b000 	C:\WINDOWS\system32\powrprof.dll
0x00007ffba8790000 - 0x00007ffba87a4000 	C:\WINDOWS\system32\profapi.dll

VM Arguments:
jvm_args: -Djava.awt.headless=true -Xmx1024M -Dfile.encoding=windows-1252 -Duser.country=GB -Duser.language=en -Duser.variant 
java_command: com.android.dx.command.Main --dex --force-jumbo --num-threads=4 --multi-dex --output C:\Users\sandhu\Documents\sdma\assignment\Assignment8\SunCalculator\app\build\intermediates\transforms\dex\debug\folders\1000\5\slice_4 C:\Users\sandhu\Documents\sdma\assignment\Assignment8\SunCalculator\app\build\intermediates\transforms\instantRunSlicer\debug\folders\1\5\slice_4
java_class_path (initial): C:\Users\sandhu\AppData\Local\Android\sdk1\build-tools\24.0.0\lib\dx.jar
Launcher Type: SUN_STANDARD

Environment Variables:
JAVA_HOME=C:\Program Files\Java\jdk1.8.0_73
PATH=C:\ProgramData\Oracle\Java\javapath;C:\Program Files (x86)\Intel\iCLS Client\;C:\Program Files\Intel\iCLS Client\;C:\WINDOWS\system32;C:\WINDOWS;C:\WINDOWS\System32\Wbem;C:\WINDOWS\System32\WindowsPowerShell\v1.0\;C:\Program Files\Java\jdk1.8.0_60\bin;C:\wamp\bin\php\php5.5.12;C:\Users\sandhu\Documents\WAAD\curl-7.46.0-win64\bin;C:\Program Files (x86)\Skype\Phone\;C:\xampp\mysql\bin
USERNAME=sandhu
OS=Windows_NT
PROCESSOR_IDENTIFIER=Intel64 Family 6 Model 69 Stepping 1, GenuineIntel



---------------  S Y S T E M  ---------------

OS: Windows 10.0 , 64 bit Build 10586 (10.0.10586.589)

CPU:total 4 (2 cores per cpu, 2 threads per core) family 6 model 69 stepping 1, cmov, cx8, fxsr, mmx, sse, sse2, sse3, ssse3, sse4.1, sse4.2, popcnt, avx, avx2, aes, clmul, erms, lzcnt, ht, tsc, tscinvbit, bmi1, bmi2

Memory: 4k page, physical 4133144k(343872k free), swap 11879416k(3092k free)

vm_info: Java HotSpot(TM) 64-Bit Server VM (25.73-b02) for windows-amd64 JRE (1.8.0_73-b02), built on Jan 29 2016 17:38:49 by "java_re" with MS VC++ 10.0 (VS2010)

time: Wed Oct 19 22:11:10 2016
elapsed time: 0 seconds (0d 0h 0m 0s)

