#
# There is insufficient memory for the Java Runtime Environment to continue.
# Native memory allocation (malloc) failed to allocate 1024176 bytes for Chunk::new
# Possible reasons:
#   The system is out of physical RAM or swap space
#   In 32 bit mode, the process size limit was hit
# Possible solutions:
#   Reduce memory load on the system
#   Increase physical memory or swap space
#   Check if swap backing store is full
#   Use 64 bit Java on a 64 bit OS
#   Decrease Java heap size (-Xmx/-Xms)
#   Decrease number of Java threads
#   Decrease Java thread stack sizes (-Xss)
#   Set larger code cache with -XX:ReservedCodeCacheSize=
# This output file may be truncated or incomplete.
#
#  Out of Memory Error (allocation.cpp:390), pid=5836, tid=3192
#
# JRE version: Java(TM) SE Runtime Environment (8.0_73-b02) (build 1.8.0_73-b02)
# Java VM: Java HotSpot(TM) 64-Bit Server VM (25.73-b02 mixed mode windows-amd64 compressed oops)
# Failed to write core dump. Minidumps are not enabled by default on client versions of Windows
#

---------------  T H R E A D  ---------------

Current thread (0x0000000014d2c800):  JavaThread "C2 CompilerThread0" daemon [_thread_in_native, id=3192, stack(0x0000000016370000,0x0000000016470000)]

Stack: [0x0000000016370000,0x0000000016470000]
[error occurred during error reporting (printing stack bounds), id 0xc0000005]

Native frames: (J=compiled Java code, j=interpreted, Vv=VM code, C=native code)


Current CompileTask:
C2:   8520 2082       4       com.android.dx.ssa.SsaConverter::placePhiFunctions (394 bytes)


---------------  P R O C E S S  ---------------

Java Threads: ( => current thread )
  0x00000000169d1800 JavaThread "pool-2-thread-4" [_thread_blocked, id=5852, stack(0x0000000017870000,0x0000000017970000)]
  0x00000000169d1000 JavaThread "pool-2-thread-3" [_thread_blocked, id=6348, stack(0x0000000017770000,0x0000000017870000)]
  0x000000001696c800 JavaThread "pool-2-thread-2" [_thread_blocked, id=4228, stack(0x0000000017670000,0x0000000017770000)]
  0x000000001690d800 JavaThread "pool-3-thread-1" [_thread_blocked, id=7656, stack(0x0000000017570000,0x0000000017670000)]
  0x0000000016910800 JavaThread "pool-2-thread-1" [_thread_blocked, id=8688, stack(0x0000000017470000,0x0000000017570000)]
  0x0000000016675800 JavaThread "Service Thread" daemon [_thread_blocked, id=8292, stack(0x0000000016a70000,0x0000000016b70000)]
  0x0000000014d8c000 JavaThread "C1 CompilerThread2" daemon [_thread_blocked, id=5916, stack(0x0000000016570000,0x0000000016670000)]
  0x0000000014d89000 JavaThread "C2 CompilerThread1" daemon [_thread_blocked, id=8220, stack(0x0000000016470000,0x0000000016570000)]
=>0x0000000014d2c800 JavaThread "C2 CompilerThread0" daemon [_thread_in_native, id=3192, stack(0x0000000016370000,0x0000000016470000)]
  0x0000000014d2a800 JavaThread "Attach Listener" daemon [_thread_blocked, id=4112, stack(0x0000000016270000,0x0000000016370000)]
  0x0000000014d29000 JavaThread "Signal Dispatcher" daemon [_thread_blocked, id=4348, stack(0x0000000016170000,0x0000000016270000)]
  0x0000000002651800 JavaThread "Finalizer" daemon [_thread_blocked, id=8380, stack(0x0000000015f90000,0x0000000016090000)]
  0x000000000264e800 JavaThread "Reference Handler" daemon [_thread_blocked, id=396, stack(0x0000000015e90000,0x0000000015f90000)]
  0x0000000002560800 JavaThread "main" [_thread_blocked, id=3372, stack(0x00000000023c0000,0x00000000024c0000)]

Other Threads:
  0x0000000014cf7000 VMThread [stack: 0x0000000015d90000,0x0000000015e90000] [id=8660]
  0x000000001667a800 WatcherThread [stack: 0x0000000016b70000,0x0000000016c70000] [id=2548]

VM state:at safepoint (normal execution)

VM Mutex/Monitor currently owned by a thread:  ([mutex/lock_event])
[0x000000000255c4e0] Threads_lock - owner thread: 0x0000000014cf7000
[0x000000000255c2e0] Heap_lock - owner thread: 0x00000000169d1800

Heap:
 PSYoungGen      total 74240K, used 74227K [0x00000000eab00000, 0x00000000f4600000, 0x0000000100000000)
  eden space 65024K, 100% used [0x00000000eab00000,0x00000000eea80000,0x00000000eea80000)
  from space 9216K, 99% used [0x00000000eea80000,0x00000000ef37cc00,0x00000000ef380000)
  to   space 14336K, 99% used [0x00000000f3800000,0x00000000f45fef30,0x00000000f4600000)
 ParOldGen       total 44032K, used 23661K [0x00000000c0000000, 0x00000000c2b00000, 0x00000000eab00000)
  object space 44032K, 53% used [0x00000000c0000000,0x00000000c171b6c8,0x00000000c2b00000)
 Metaspace       used 6371K, capacity 7152K, committed 7296K, reserved 1056768K
  class space    used 595K, capacity 616K, committed 640K, reserved 1048576K

Card table byte_map: [0x0000000011a20000,0x0000000011c30000] byte_map_base: 0x0000000011420000

Marking Bits: (ParMarkBitMap*) 0x00000000600e0600
 Begin Bits: [0x0000000012190000, 0x0000000013190000)
 End Bits:   [0x0000000013190000, 0x0000000014190000)

Polling page: 0x00000000022f0000

CodeCache: size=245760Kb used=8564Kb max_used=8580Kb free=237195Kb
 bounds [0x0000000002660000, 0x0000000002ed0000, 0x0000000011660000]
 total_blobs=2249 nmethods=1979 adapters=182
 compilation: enabled

Compilation events (10 events):
Event: 8.343 Thread 0x0000000014d89000 nmethod 2062 0x0000000002e76590 code [0x0000000002e766e0, 0x0000000002e76958]
Event: 8.343 Thread 0x0000000014d89000 2085       4       com.android.dx.ssa.back.LivenessAnalyzer::coInterferePhis (128 bytes)
Event: 8.425 Thread 0x0000000014d8c000 2090 %     3       com.android.dx.ssa.PhiInsn::updateSourcesToDefinitions @ 8 (68 bytes)
Event: 8.426 Thread 0x0000000014d8c000 nmethod 2090% 0x0000000002e79090 code [0x0000000002e792a0, 0x0000000002e79f28]
Event: 8.427 Thread 0x0000000014d8c000 2091       3       com.android.dx.ssa.PhiInsn::updateSourcesToDefinitions (68 bytes)
Event: 8.428 Thread 0x0000000014d8c000 nmethod 2091 0x0000000002e801d0 code [0x0000000002e803e0, 0x0000000002e80f78]
Event: 8.444 Thread 0x0000000014d89000 nmethod 2085 0x0000000002ec7310 code [0x0000000002ec7520, 0x0000000002ec8db8]
Event: 8.444 Thread 0x0000000014d89000 2089 %     4       java.util.BitSet::cardinality @ 4 (32 bytes)
Event: 8.447 Thread 0x0000000014d89000 nmethod 2089% 0x0000000002e78c90 code [0x0000000002e78de0, 0x0000000002e78f58]
Event: 8.447 Thread 0x0000000014d89000 2086 %     4       com.android.dx.ssa.SCCP::run @ 133 (298 bytes)

GC Heap History (10 events):
Event: 3.164 GC heap after
Heap after GC invocations=3 (full 0):
 PSYoungGen      total 18944K, used 2528K [0x00000000eab00000, 0x00000000ed000000, 0x0000000100000000)
  eden space 16384K, 0% used [0x00000000eab00000,0x00000000eab00000,0x00000000ebb00000)
  from space 2560K, 98% used [0x00000000ebb00000,0x00000000ebd78028,0x00000000ebd80000)
  to   space 2560K, 0% used [0x00000000ecd80000,0x00000000ecd80000,0x00000000ed000000)
 ParOldGen       total 44032K, used 4341K [0x00000000c0000000, 0x00000000c2b00000, 0x00000000eab00000)
  object space 44032K, 9% used [0x00000000c0000000,0x00000000c043d578,0x00000000c2b00000)
 Metaspace       used 6053K, capacity 6960K, committed 7040K, reserved 1056768K
  class space    used 593K, capacity 616K, committed 640K, reserved 1048576K
}
Event: 3.721 GC heap before
{Heap before GC invocations=4 (full 0):
 PSYoungGen      total 18944K, used 18912K [0x00000000eab00000, 0x00000000ed000000, 0x0000000100000000)
  eden space 16384K, 100% used [0x00000000eab00000,0x00000000ebb00000,0x00000000ebb00000)
  from space 2560K, 98% used [0x00000000ebb00000,0x00000000ebd78028,0x00000000ebd80000)
  to   space 2560K, 0% used [0x00000000ecd80000,0x00000000ecd80000,0x00000000ed000000)
 ParOldGen       total 44032K, used 4341K [0x00000000c0000000, 0x00000000c2b00000, 0x00000000eab00000)
  object space 44032K, 9% used [0x00000000c0000000,0x00000000c043d578,0x00000000c2b00000)
 Metaspace       used 6155K, capacity 7024K, committed 7296K, reserved 1056768K
  class space    used 593K, capacity 616K, committed 640K, reserved 1048576K
Event: 3.808 GC heap after
Heap after GC invocations=4 (full 0):
 PSYoungGen      total 35328K, used 2528K [0x00000000eab00000, 0x00000000ed000000, 0x0000000100000000)
  eden space 32768K, 0% used [0x00000000eab00000,0x00000000eab00000,0x00000000ecb00000)
  from space 2560K, 98% used [0x00000000ecd80000,0x00000000ecff8048,0x00000000ed000000)
  to   space 2560K, 0% used [0x00000000ecb00000,0x00000000ecb00000,0x00000000ecd80000)
 ParOldGen       total 44032K, used 7039K [0x00000000c0000000, 0x00000000c2b00000, 0x00000000eab00000)
  object space 44032K, 15% used [0x00000000c0000000,0x00000000c06dfe90,0x00000000c2b00000)
 Metaspace       used 6155K, capacity 7024K, committed 7296K, reserved 1056768K
  class space    used 593K, capacity 616K, committed 640K, reserved 1048576K
}
Event: 5.135 GC heap before
{Heap before GC invocations=5 (full 0):
 PSYoungGen      total 35328K, used 35296K [0x00000000eab00000, 0x00000000ed000000, 0x0000000100000000)
  eden space 32768K, 100% used [0x00000000eab00000,0x00000000ecb00000,0x00000000ecb00000)
  from space 2560K, 98% used [0x00000000ecd80000,0x00000000ecff8048,0x00000000ed000000)
  to   space 2560K, 0% used [0x00000000ecb00000,0x00000000ecb00000,0x00000000ecd80000)
 ParOldGen       total 44032K, used 7039K [0x00000000c0000000, 0x00000000c2b00000, 0x00000000eab00000)
  object space 44032K, 15% used [0x00000000c0000000,0x00000000c06dfe90,0x00000000c2b00000)
 Metaspace       used 6238K, capacity 7088K, committed 7296K, reserved 1056768K
  class space    used 593K, capacity 616K, committed 640K, reserved 1048576K
Event: 5.236 GC heap after
Heap after GC invocations=5 (full 0):
 PSYoungGen      total 35328K, used 2535K [0x00000000eab00000, 0x00000000efc00000, 0x0000000100000000)
  eden space 32768K, 0% used [0x00000000eab00000,0x00000000eab00000,0x00000000ecb00000)
  from space 2560K, 99% used [0x00000000ecb00000,0x00000000ecd79fa0,0x00000000ecd80000)
  to   space 8704K, 0% used [0x00000000ef380000,0x00000000ef380000,0x00000000efc00000)
 ParOldGen       total 44032K, used 12307K [0x00000000c0000000, 0x00000000c2b00000, 0x00000000eab00000)
  object space 44032K, 27% used [0x00000000c0000000,0x00000000c0c04c38,0x00000000c2b00000)
 Metaspace       used 6238K, capacity 7088K, committed 7296K, reserved 1056768K
  class space    used 593K, capacity 616K, committed 640K, reserved 1048576K
}
Event: 6.208 GC heap before
{Heap before GC invocations=6 (full 0):
 PSYoungGen      total 35328K, used 35303K [0x00000000eab00000, 0x00000000efc00000, 0x0000000100000000)
  eden space 32768K, 100% used [0x00000000eab00000,0x00000000ecb00000,0x00000000ecb00000)
  from space 2560K, 99% used [0x00000000ecb00000,0x00000000ecd79fa0,0x00000000ecd80000)
  to   space 8704K, 0% used [0x00000000ef380000,0x00000000ef380000,0x00000000efc00000)
 ParOldGen       total 44032K, used 12307K [0x00000000c0000000, 0x00000000c2b00000, 0x00000000eab00000)
  object space 44032K, 27% used [0x00000000c0000000,0x00000000c0c04c38,0x00000000c2b00000)
 Metaspace       used 6248K, capacity 7088K, committed 7296K, reserved 1056768K
  class space    used 593K, capacity 616K, committed 640K, reserved 1048576K
Event: 6.315 GC heap after
Heap after GC invocations=6 (full 0):
 PSYoungGen      total 73728K, used 7225K [0x00000000eab00000, 0x00000000efd00000, 0x0000000100000000)
  eden space 65024K, 0% used [0x00000000eab00000,0x00000000eab00000,0x00000000eea80000)
  from space 8704K, 83% used [0x00000000ef380000,0x00000000efa8e4d8,0x00000000efc00000)
  to   space 9216K, 0% used [0x00000000eea80000,0x00000000eea80000,0x00000000ef380000)
 ParOldGen       total 44032K, used 12307K [0x00000000c0000000, 0x00000000c2b00000, 0x00000000eab00000)
  object space 44032K, 27% used [0x00000000c0000000,0x00000000c0c04c38,0x00000000c2b00000)
 Metaspace       used 6248K, capacity 7088K, committed 7296K, reserved 1056768K
  class space    used 593K, capacity 616K, committed 640K, reserved 1048576K
}
Event: 7.620 GC heap before
{Heap before GC invocations=7 (full 0):
 PSYoungGen      total 73728K, used 72249K [0x00000000eab00000, 0x00000000efd00000, 0x0000000100000000)
  eden space 65024K, 100% used [0x00000000eab00000,0x00000000eea80000,0x00000000eea80000)
  from space 8704K, 83% used [0x00000000ef380000,0x00000000efa8e4d8,0x00000000efc00000)
  to   space 9216K, 0% used [0x00000000eea80000,0x00000000eea80000,0x00000000ef380000)
 ParOldGen       total 44032K, used 12307K [0x00000000c0000000, 0x00000000c2b00000, 0x00000000eab00000)
  object space 44032K, 27% used [0x00000000c0000000,0x00000000c0c04c38,0x00000000c2b00000)
 Metaspace       used 6358K, capacity 7152K, committed 7296K, reserved 1056768K
  class space    used 595K, capacity 616K, committed 640K, reserved 1048576K
Event: 7.708 GC heap after
Heap after GC invocations=7 (full 0):
 PSYoungGen      total 74240K, used 9203K [0x00000000eab00000, 0x00000000f4600000, 0x0000000100000000)
  eden space 65024K, 0% used [0x00000000eab00000,0x00000000eab00000,0x00000000eea80000)
  from space 9216K, 99% used [0x00000000eea80000,0x00000000ef37cc00,0x00000000ef380000)
  to   space 14336K, 0% used [0x00000000f3800000,0x00000000f3800000,0x00000000f4600000)
 ParOldGen       total 44032K, used 19853K [0x00000000c0000000, 0x00000000c2b00000, 0x00000000eab00000)
  object space 44032K, 45% used [0x00000000c0000000,0x00000000c13634b0,0x00000000c2b00000)
 Metaspace       used 6358K, capacity 7152K, committed 7296K, reserved 1056768K
  class space    used 595K, capacity 616K, committed 640K, reserved 1048576K
}
Event: 8.461 GC heap before
{Heap before GC invocations=8 (full 0):
 PSYoungGen      total 74240K, used 74227K [0x00000000eab00000, 0x00000000f4600000, 0x0000000100000000)
  eden space 65024K, 100% used [0x00000000eab00000,0x00000000eea80000,0x00000000eea80000)
  from space 9216K, 99% used [0x00000000eea80000,0x00000000ef37cc00,0x00000000ef380000)
  to   space 14336K, 0% used [0x00000000f3800000,0x00000000f3800000,0x00000000f4600000)
 ParOldGen       total 44032K, used 19853K [0x00000000c0000000, 0x00000000c2b00000, 0x00000000eab00000)
  object space 44032K, 45% used [0x00000000c0000000,0x00000000c13634b0,0x00000000c2b00000)
 Metaspace       used 6371K, capacity 7152K, committed 7296K, reserved 1056768K
  class space    used 595K, capacity 616K, committed 640K, reserved 1048576K

Deoptimization events (10 events):
Event: 6.632 Thread 0x0000000016910800 Uncommon trap: reason=uninitialized action=reinterpret pc=0x0000000002c44504 method=com.android.dx.cf.code.BytecodeArray.parseInstruction(ILcom/android/dx/cf/code/BytecodeArray$Visitor;)I @ 1079
Event: 6.782 Thread 0x0000000016910800 Uncommon trap: reason=bimorphic action=maybe_recompile pc=0x0000000002d7c87c method=com.android.dx.ssa.SCCP.simulatePhi(Lcom/android/dx/ssa/PhiInsn;)V @ 124
Event: 6.782 Thread 0x0000000016910800 Uncommon trap: reason=bimorphic action=maybe_recompile pc=0x0000000002d7c87c method=com.android.dx.ssa.SCCP.simulatePhi(Lcom/android/dx/ssa/PhiInsn;)V @ 124
Event: 6.782 Thread 0x0000000016910800 Uncommon trap: reason=bimorphic action=maybe_recompile pc=0x00000000029db628 method=java.util.HashMap.getNode(ILjava/lang/Object;)Ljava/util/HashMap$Node; @ 126
Event: 6.783 Thread 0x0000000016910800 Uncommon trap: reason=class_check action=maybe_recompile pc=0x0000000002c22228 method=java.util.HashMap.putVal(ILjava/lang/Object;Ljava/lang/Object;ZZ)Ljava/lang/Object; @ 203
Event: 6.783 Thread 0x0000000016910800 Uncommon trap: reason=bimorphic action=maybe_recompile pc=0x00000000029db628 method=java.util.HashMap.getNode(ILjava/lang/Object;)Ljava/util/HashMap$Node; @ 126
Event: 6.783 Thread 0x0000000016910800 Uncommon trap: reason=class_check action=maybe_recompile pc=0x0000000002c22228 method=java.util.HashMap.putVal(ILjava/lang/Object;Ljava/lang/Object;ZZ)Ljava/lang/Object; @ 203
Event: 6.783 Thread 0x0000000016910800 Uncommon trap: reason=bimorphic action=maybe_recompile pc=0x00000000029db628 method=java.util.HashMap.getNode(ILjava/lang/Object;)Ljava/util/HashMap$Node; @ 126
Event: 6.783 Thread 0x0000000016910800 Uncommon trap: reason=bimorphic action=maybe_recompile pc=0x00000000029db628 method=java.util.HashMap.getNode(ILjava/lang/Object;)Ljava/util/HashMap$Node; @ 126
Event: 8.162 Thread 0x00000000169d1800 Uncommon trap: reason=class_check action=maybe_recompile pc=0x0000000002a63e98 method=java.util.HashMap.putVal(ILjava/lang/Object;Ljava/lang/Object;ZZ)Ljava/lang/Object; @ 203

Internal exceptions (4 events):
Event: 0.096 Thread 0x0000000002560800 Exception <a 'java/lang/NoSuchMethodError': Method sun.misc.Unsafe.defineClass(Ljava/lang/String;[BII)Ljava/lang/Class; name or signature does not match> (0x00000000eab0d560) thrown at [D:\re\puppet\workspace\8-2-build-windows-amd64-cygwin\jdk8u73\6086\hotîµ&”/•¸?
Event: 0.096 Thread 0x0000000002560800 Exception <a 'java/lang/NoSuchMethodError': Method sun.misc.Unsafe.prefetchRead(Ljava/lang/Object;J)V name or signature does not match> (0x00000000eab0d848) thrown at [D:\re\puppet\workspace\8-2-build-windows-amd64-cygwin\jdk8u73\6086\hotspot\src\share\vm\:°Â•_@
Event: 2.752 Thread 0x00000000169d1800 Implicit null exception at 0x000000000292b2b3 to 0x000000000292ca7d
Event: 3.823 Thread 0x0000000016910800 Implicit null exception at 0x0000000002925fe2 to 0x00000000029260da

Events (10 events):
Event: 8.135 Thread 0x00000000169d1000 DEOPT PACKING pc=0x0000000002b31715 sp=0x000000001786ed60
Event: 8.135 Thread 0x00000000169d1000 DEOPT UNPACKING pc=0x00000000026a787f sp=0x000000001786eac0 mode 0
Event: 8.162 Thread 0x00000000169d1800 Uncommon trap: trap_request=0xffffffde fr.pc=0x0000000002a63e98
Event: 8.162 Thread 0x00000000169d1800 DEOPT PACKING pc=0x0000000002a63e98 sp=0x000000001796e900
Event: 8.162 Thread 0x00000000169d1800 DEOPT UNPACKING pc=0x00000000026a582a sp=0x000000001796e888 mode 2
Event: 8.192 Thread 0x000000001696c800 DEOPT PACKING pc=0x0000000002b2b259 sp=0x000000001776e8d0
Event: 8.192 Thread 0x000000001696c800 DEOPT UNPACKING pc=0x00000000026a787f sp=0x000000001776e700 mode 0
Event: 8.428 Thread 0x00000000169d1800 DEOPT PACKING pc=0x0000000002c7c80a sp=0x000000001796e9b0
Event: 8.428 Thread 0x00000000169d1800 DEOPT UNPACKING pc=0x00000000026a787f sp=0x000000001796e738 mode 0
Event: 8.461 Executing VM operation: ParallelGCFailedAllocation


Dynamic libraries:
0x00007ff7fc950000 - 0x00007ff7fc987000 	C:\Program Files\Java\jdk1.8.0_73\bin\java.exe
0x00007ffbac100000 - 0x00007ffbac2c1000 	C:\WINDOWS\SYSTEM32\ntdll.dll
0x00007ffbabdd0000 - 0x00007ffbabe7d000 	C:\WINDOWS\system32\KERNEL32.DLL
0x00007ffba8c50000 - 0x00007ffba8e38000 	C:\WINDOWS\system32\KERNELBASE.dll
0x00007ffbabd20000 - 0x00007ffbabdc7000 	C:\WINDOWS\system32\ADVAPI32.dll
0x00007ffbaba60000 - 0x00007ffbabafd000 	C:\WINDOWS\system32\msvcrt.dll
0x00007ffba9670000 - 0x00007ffba96cb000 	C:\WINDOWS\system32\sechost.dll
0x00007ffbabfe0000 - 0x00007ffbac0fc000 	C:\WINDOWS\system32\RPCRT4.dll
0x00007ffbabe80000 - 0x00007ffbabfd6000 	C:\WINDOWS\system32\USER32.dll
0x00007ffbab760000 - 0x00007ffbab8e6000 	C:\WINDOWS\system32\GDI32.dll
0x00007ffb9b690000 - 0x00007ffb9b904000 	C:\WINDOWS\WinSxS\amd64_microsoft.windows.common-controls_6595b64144ccf1df_6.0.10586.589_none_a2ddb3caa539acce\COMCTL32.dll
0x00007ffbaaed0000 - 0x00007ffbab14d000 	C:\WINDOWS\system32\combase.dll
0x00007ffba9490000 - 0x00007ffba94fa000 	C:\WINDOWS\system32\bcryptPrimitives.dll
0x00007ffbaae90000 - 0x00007ffbaaecb000 	C:\WINDOWS\system32\IMM32.DLL
0x0000000060160000 - 0x0000000060232000 	C:\Program Files\Java\jdk1.8.0_73\jre\bin\msvcr100.dll
0x000000005f8d0000 - 0x0000000060160000 	C:\Program Files\Java\jdk1.8.0_73\jre\bin\server\jvm.dll
0x00007ffbaae80000 - 0x00007ffbaae88000 	C:\WINDOWS\system32\PSAPI.DLL
0x00007ffb9ae40000 - 0x00007ffb9ae49000 	C:\WINDOWS\SYSTEM32\WSOCK32.dll
0x00007ffbab6f0000 - 0x00007ffbab75b000 	C:\WINDOWS\system32\WS2_32.dll
0x00007ffba6970000 - 0x00007ffba6993000 	C:\WINDOWS\SYSTEM32\WINMM.dll
0x00007ffb9c1d0000 - 0x00007ffb9c1da000 	C:\WINDOWS\SYSTEM32\VERSION.dll
0x00007ffba6940000 - 0x00007ffba696c000 	C:\WINDOWS\SYSTEM32\WINMMBASE.dll
0x00007ffba88d0000 - 0x00007ffba8913000 	C:\WINDOWS\system32\cfgmgr32.dll
0x000000005f8c0000 - 0x000000005f8cf000 	C:\Program Files\Java\jdk1.8.0_73\jre\bin\verify.dll
0x000000005f890000 - 0x000000005f8b9000 	C:\Program Files\Java\jdk1.8.0_73\jre\bin\java.dll
0x000000005f870000 - 0x000000005f886000 	C:\Program Files\Java\jdk1.8.0_73\jre\bin\zip.dll
0x00007ffba96d0000 - 0x00007ffbaac2c000 	C:\WINDOWS\system32\SHELL32.dll
0x00007ffba8e40000 - 0x00007ffba9485000 	C:\WINDOWS\system32\windows.storage.dll
0x00007ffbabcb0000 - 0x00007ffbabd02000 	C:\WINDOWS\system32\shlwapi.dll
0x00007ffba8730000 - 0x00007ffba873f000 	C:\WINDOWS\system32\kernel.appcore.dll
0x00007ffba8810000 - 0x00007ffba88c5000 	C:\WINDOWS\system32\shcore.dll
0x00007ffba8740000 - 0x00007ffba878b000 	C:\WINDOWS\system32\powrprof.dll
0x00007ffba8790000 - 0x00007ffba87a4000 	C:\WINDOWS\system32\profapi.dll

VM Arguments:
jvm_args: -Djava.awt.headless=true -Xmx1024M -Dfile.encoding=windows-1252 -Duser.country=GB -Duser.language=en -Duser.variant 
java_command: com.android.dx.command.Main --dex --force-jumbo --num-threads=4 --multi-dex --output C:\Users\sandhu\Documents\sdma\assignment\Assignment8\SunCalculator\app\build\intermediates\transforms\dex\debug\folders\1000\10\com.google.android.gms-play-services-3.1.36_232fcf5ed2e59d4f6e36e8771f419341a745cf31 C:\Users\sandhu\Documents\sdma\assignment\Assignment8\SunCalculator\app\build\intermediates\exploded-aar\com.google.android.gms\play-services\3.1.36\jars\classes.jar
java_class_path (initial): C:\Users\sandhu\AppData\Local\Android\sdk1\build-tools\24.0.0\lib\dx.jar
Launcher Type: SUN_STANDARD

Environment Variables:
JAVA_HOME=C:\Program Files\Java\jdk1.8.0_73
PATH=C:\ProgramData\Oracle\Java\javapath;C:\Program Files (x86)\Intel\iCLS Client\;C:\Program Files\Intel\iCLS Client\;C:\WINDOWS\system32;C:\WINDOWS;C:\WINDOWS\System32\Wbem;C:\WINDOWS\System32\WindowsPowerShell\v1.0\;C:\Program Files\Java\jdk1.8.0_60\bin;C:\wamp\bin\php\php5.5.12;C:\Users\sandhu\Documents\WAAD\curl-7.46.0-win64\bin;C:\Program Files (x86)\Skype\Phone\;C:\xampp\mysql\bin
USERNAME=sandhu
OS=Windows_NT
PROCESSOR_IDENTIFIER=Intel64 Family 6 Model 69 Stepping 1, GenuineIntel



---------------  S Y S T E M  ---------------

OS: Windows 10.0 , 64 bit Build 10586 (10.0.10586.589)

CPU:total 4 (2 cores per cpu, 2 threads per core) family 6 model 69 stepping 1, cmov, cx8, fxsr, mmx, sse, sse2, sse3, ssse3, sse4.1, sse4.2, popcnt, avx, avx2, aes, clmul, erms, lzcnt, ht, tsc, tscinvbit, bmi1, bmi2

Memory: 4k page, physical 4133144k(385204k free), swap 11879416k(4096k free)

vm_info: Java HotSpot(TM) 64-Bit Server VM (25.73-b02) for windows-amd64 JRE (1.8.0_73-b02), built on Jan 29 2016 17:38:49 by "java_re" with MS VC++ 10.0 (VS2010)

time: Wed Oct 19 22:11:04 2016
elapsed time: 8 seconds (0d 0h 0m 8s)

