#
# There is insufficient memory for the Java Runtime Environment to continue.
# Native memory allocation (malloc) failed to allocate 1404416 bytes for Chunk::new
# Possible reasons:
#   The system is out of physical RAM or swap space
#   In 32 bit mode, the process size limit was hit
# Possible solutions:
#   Reduce memory load on the system
#   Increase physical memory or swap space
#   Check if swap backing store is full
#   Use 64 bit Java on a 64 bit OS
#   Decrease Java heap size (-Xmx/-Xms)
#   Decrease number of Java threads
#   Decrease Java thread stack sizes (-Xss)
#   Set larger code cache with -XX:ReservedCodeCacheSize=
# This output file may be truncated or incomplete.
#
#  Out of Memory Error (allocation.cpp:390), pid=9116, tid=1684
#
# JRE version: Java(TM) SE Runtime Environment (8.0_73-b02) (build 1.8.0_73-b02)
# Java VM: Java HotSpot(TM) 64-Bit Server VM (25.73-b02 mixed mode windows-amd64 compressed oops)
# Failed to write core dump. Minidumps are not enabled by default on client versions of Windows
#

---------------  T H R E A D  ---------------

Current thread (0x00000000156c0800):  JavaThread "C2 CompilerThread1" daemon [_thread_in_native, id=1684, stack(0x0000000016e00000,0x0000000016f00000)]

Stack: [0x0000000016e00000,0x0000000016f00000]
[error occurred during error reporting (printing stack bounds), id 0xc0000005]

Native frames: (J=compiled Java code, j=interpreted, Vv=VM code, C=native code)


Current CompileTask:
C2:   4515 1724       4       com.android.dx.dex.code.OutputFinisher::addConstants (93 bytes)


---------------  P R O C E S S  ---------------

Java Threads: ( => current thread )
  0x000000001728b000 JavaThread "pool-1-thread-1" [_thread_in_vm, id=7904, stack(0x00000000192d0000,0x00000000193d0000)]
  0x0000000017004800 JavaThread "Service Thread" daemon [_thread_blocked, id=4224, stack(0x0000000017400000,0x0000000017500000)]
  0x000000001571c800 JavaThread "C1 CompilerThread2" daemon [_thread_blocked, id=6340, stack(0x0000000016f00000,0x0000000017000000)]
=>0x00000000156c0800 JavaThread "C2 CompilerThread1" daemon [_thread_in_native, id=1684, stack(0x0000000016e00000,0x0000000016f00000)]
  0x00000000156bd800 JavaThread "C2 CompilerThread0" daemon [_thread_blocked, id=8304, stack(0x0000000016d00000,0x0000000016e00000)]
  0x00000000156bb800 JavaThread "Attach Listener" daemon [_thread_blocked, id=8488, stack(0x0000000016c00000,0x0000000016d00000)]
  0x00000000156ba000 JavaThread "Signal Dispatcher" daemon [_thread_blocked, id=8556, stack(0x0000000016b00000,0x0000000016c00000)]
  0x0000000002fc0800 JavaThread "Finalizer" daemon [_thread_blocked, id=276, stack(0x0000000016910000,0x0000000016a10000)]
  0x0000000002fbd000 JavaThread "Reference Handler" daemon [_thread_blocked, id=5236, stack(0x0000000016810000,0x0000000016910000)]
  0x0000000002ed0800 JavaThread "main" [_thread_blocked, id=288, stack(0x0000000002cc0000,0x0000000002dc0000)]

Other Threads:
  0x0000000015688000 VMThread [stack: 0x0000000016710000,0x0000000016810000] [id=2444]
  0x000000001702c000 WatcherThread [stack: 0x0000000017500000,0x0000000017600000] [id=4996]

VM state:not at safepoint (normal execution)

VM Mutex/Monitor currently owned by a thread: None

Heap:
 PSYoungGen      total 35328K, used 5280K [0x00000000eab00000, 0x00000000efb00000, 0x0000000100000000)
  eden space 32768K, 8% used [0x00000000eab00000,0x00000000eada8280,0x00000000ecb00000)
  from space 2560K, 100% used [0x00000000ecb00000,0x00000000ecd80000,0x00000000ecd80000)
  to   space 8192K, 0% used [0x00000000ef300000,0x00000000ef300000,0x00000000efb00000)
 ParOldGen       total 44032K, used 14184K [0x00000000c0000000, 0x00000000c2b00000, 0x00000000eab00000)
  object space 44032K, 32% used [0x00000000c0000000,0x00000000c0dda230,0x00000000c2b00000)
 Metaspace       used 6160K, capacity 7152K, committed 7296K, reserved 1056768K
  class space    used 594K, capacity 616K, committed 640K, reserved 1048576K

Card table byte_map: [0x0000000012390000,0x00000000125a0000] byte_map_base: 0x0000000011d90000

Marking Bits: (ParMarkBitMap*) 0x00000000600e0600
 Begin Bits: [0x0000000012b00000, 0x0000000013b00000)
 End Bits:   [0x0000000013b00000, 0x0000000014b00000)

Polling page: 0x0000000002c80000

CodeCache: size=245760Kb used=6739Kb max_used=6748Kb free=239020Kb
 bounds [0x0000000002fd0000, 0x0000000003670000, 0x0000000011fd0000]
 total_blobs=1958 nmethods=1695 adapters=176
 compilation: enabled

Compilation events (10 events):
Event: 4.411 Thread 0x00000000156bd800 nmethod 1719 0x000000000366c450 code [0x000000000366c5a0, 0x000000000366c698]
Event: 4.411 Thread 0x00000000156c0800 1720       4       com.android.dx.rop.cst.CstType::hashCode (8 bytes)
Event: 4.415 Thread 0x00000000156c0800 nmethod 1720 0x000000000366ab10 code [0x000000000366ac60, 0x000000000366adf8]
Event: 4.417 Thread 0x00000000156bd800 1721       4       com.android.dx.rop.code.RegisterSpecSet::size (49 bytes)
Event: 4.420 Thread 0x00000000156bd800 nmethod 1721 0x000000000366a7d0 code [0x000000000366a900, 0x000000000366aa38]
Event: 4.421 Thread 0x00000000156c0800 1722       4       java.util.HashMap::newNode (13 bytes)
Event: 4.422 Thread 0x00000000156c0800 nmethod 1722 0x000000000366a4d0 code [0x000000000366a620, 0x000000000366a738]
Event: 4.427 Thread 0x00000000156bd800 1723       4       java.util.HashMap::resize (359 bytes)
Event: 4.439 Thread 0x00000000156c0800 1724       4       com.android.dx.dex.code.OutputFinisher::addConstants (93 bytes)
Event: 4.445 Thread 0x00000000156bd800 nmethod 1723 0x000000000366d6d0 code [0x000000000366d860, 0x000000000366ddb8]

GC Heap History (10 events):
Event: 1.563 GC heap before
{Heap before GC invocations=1 (full 0):
 PSYoungGen      total 18944K, used 16384K [0x00000000eab00000, 0x00000000ec000000, 0x0000000100000000)
  eden space 16384K, 100% used [0x00000000eab00000,0x00000000ebb00000,0x00000000ebb00000)
  from space 2560K, 0% used [0x00000000ebd80000,0x00000000ebd80000,0x00000000ec000000)
  to   space 2560K, 0% used [0x00000000ebb00000,0x00000000ebb00000,0x00000000ebd80000)
 ParOldGen       total 44032K, used 0K [0x00000000c0000000, 0x00000000c2b00000, 0x00000000eab00000)
  object space 44032K, 0% used [0x00000000c0000000,0x00000000c0000000,0x00000000c2b00000)
 Metaspace       used 5581K, capacity 6704K, committed 6784K, reserved 1056768K
  class space    used 583K, capacity 616K, committed 640K, reserved 1048576K
Event: 1.594 GC heap after
Heap after GC invocations=1 (full 0):
 PSYoungGen      total 18944K, used 2548K [0x00000000eab00000, 0x00000000ec000000, 0x0000000100000000)
  eden space 16384K, 0% used [0x00000000eab00000,0x00000000eab00000,0x00000000ebb00000)
  from space 2560K, 99% used [0x00000000ebb00000,0x00000000ebd7d268,0x00000000ebd80000)
  to   space 2560K, 0% used [0x00000000ebd80000,0x00000000ebd80000,0x00000000ec000000)
 ParOldGen       total 44032K, used 1328K [0x00000000c0000000, 0x00000000c2b00000, 0x00000000eab00000)
  object space 44032K, 3% used [0x00000000c0000000,0x00000000c014c3e8,0x00000000c2b00000)
 Metaspace       used 5581K, capacity 6704K, committed 6784K, reserved 1056768K
  class space    used 583K, capacity 616K, committed 640K, reserved 1048576K
}
Event: 1.970 GC heap before
{Heap before GC invocations=2 (full 0):
 PSYoungGen      total 18944K, used 18932K [0x00000000eab00000, 0x00000000ec000000, 0x0000000100000000)
  eden space 16384K, 100% used [0x00000000eab00000,0x00000000ebb00000,0x00000000ebb00000)
  from space 2560K, 99% used [0x00000000ebb00000,0x00000000ebd7d268,0x00000000ebd80000)
  to   space 2560K, 0% used [0x00000000ebd80000,0x00000000ebd80000,0x00000000ec000000)
 ParOldGen       total 44032K, used 1328K [0x00000000c0000000, 0x00000000c2b00000, 0x00000000eab00000)
  object space 44032K, 3% used [0x00000000c0000000,0x00000000c014c3e8,0x00000000c2b00000)
 Metaspace       used 5872K, capacity 6960K, committed 7040K, reserved 1056768K
  class space    used 586K, capacity 616K, committed 640K, reserved 1048576K
Event: 1.982 GC heap after
Heap after GC invocations=2 (full 0):
 PSYoungGen      total 18944K, used 2535K [0x00000000eab00000, 0x00000000ed000000, 0x0000000100000000)
  eden space 16384K, 0% used [0x00000000eab00000,0x00000000eab00000,0x00000000ebb00000)
  from space 2560K, 99% used [0x00000000ebd80000,0x00000000ebff9c78,0x00000000ec000000)
  to   space 2560K, 0% used [0x00000000ebb00000,0x00000000ebb00000,0x00000000ebd80000)
 ParOldGen       total 44032K, used 3320K [0x00000000c0000000, 0x00000000c2b00000, 0x00000000eab00000)
  object space 44032K, 7% used [0x00000000c0000000,0x00000000c033e110,0x00000000c2b00000)
 Metaspace       used 5872K, capacity 6960K, committed 7040K, reserved 1056768K
  class space    used 586K, capacity 616K, committed 640K, reserved 1048576K
}
Event: 2.170 GC heap before
{Heap before GC invocations=3 (full 0):
 PSYoungGen      total 18944K, used 18919K [0x00000000eab00000, 0x00000000ed000000, 0x0000000100000000)
  eden space 16384K, 100% used [0x00000000eab00000,0x00000000ebb00000,0x00000000ebb00000)
  from space 2560K, 99% used [0x00000000ebd80000,0x00000000ebff9c78,0x00000000ec000000)
  to   space 2560K, 0% used [0x00000000ebb00000,0x00000000ebb00000,0x00000000ebd80000)
 ParOldGen       total 44032K, used 3320K [0x00000000c0000000, 0x00000000c2b00000, 0x00000000eab00000)
  object space 44032K, 7% used [0x00000000c0000000,0x00000000c033e110,0x00000000c2b00000)
 Metaspace       used 5953K, capacity 7024K, committed 7296K, reserved 1056768K
  class space    used 587K, capacity 616K, committed 640K, reserved 1048576K
Event: 2.183 GC heap after
Heap after GC invocations=3 (full 0):
 PSYoungGen      total 18944K, used 2560K [0x00000000eab00000, 0x00000000ed000000, 0x0000000100000000)
  eden space 16384K, 0% used [0x00000000eab00000,0x00000000eab00000,0x00000000ebb00000)
  from space 2560K, 100% used [0x00000000ebb00000,0x00000000ebd80000,0x00000000ebd80000)
  to   space 2560K, 0% used [0x00000000ecd80000,0x00000000ecd80000,0x00000000ed000000)
 ParOldGen       total 44032K, used 6032K [0x00000000c0000000, 0x00000000c2b00000, 0x00000000eab00000)
  object space 44032K, 13% used [0x00000000c0000000,0x00000000c05e42a8,0x00000000c2b00000)
 Metaspace       used 5953K, capacity 7024K, committed 7296K, reserved 1056768K
  class space    used 587K, capacity 616K, committed 640K, reserved 1048576K
}
Event: 2.475 GC heap before
{Heap before GC invocations=4 (full 0):
 PSYoungGen      total 18944K, used 18944K [0x00000000eab00000, 0x00000000ed000000, 0x0000000100000000)
  eden space 16384K, 100% used [0x00000000eab00000,0x00000000ebb00000,0x00000000ebb00000)
  from space 2560K, 100% used [0x00000000ebb00000,0x00000000ebd80000,0x00000000ebd80000)
  to   space 2560K, 0% used [0x00000000ecd80000,0x00000000ecd80000,0x00000000ed000000)
 ParOldGen       total 44032K, used 6032K [0x00000000c0000000, 0x00000000c2b00000, 0x00000000eab00000)
  object space 44032K, 13% used [0x00000000c0000000,0x00000000c05e42a8,0x00000000c2b00000)
 Metaspace       used 6015K, capacity 7088K, committed 7296K, reserved 1056768K
  class space    used 588K, capacity 616K, committed 640K, reserved 1048576K
Event: 2.527 GC heap after
Heap after GC invocations=4 (full 0):
 PSYoungGen      total 35328K, used 2560K [0x00000000eab00000, 0x00000000ed000000, 0x0000000100000000)
  eden space 32768K, 0% used [0x00000000eab00000,0x00000000eab00000,0x00000000ecb00000)
  from space 2560K, 100% used [0x00000000ecd80000,0x00000000ed000000,0x00000000ed000000)
  to   space 2560K, 0% used [0x00000000ecb00000,0x00000000ecb00000,0x00000000ecd80000)
 ParOldGen       total 44032K, used 9213K [0x00000000c0000000, 0x00000000c2b00000, 0x00000000eab00000)
  object space 44032K, 20% used [0x00000000c0000000,0x00000000c08ff700,0x00000000c2b00000)
 Metaspace       used 6015K, capacity 7088K, committed 7296K, reserved 1056768K
  class space    used 588K, capacity 616K, committed 640K, reserved 1048576K
}
Event: 3.519 GC heap before
{Heap before GC invocations=5 (full 0):
 PSYoungGen      total 35328K, used 35328K [0x00000000eab00000, 0x00000000ed000000, 0x0000000100000000)
  eden space 32768K, 100% used [0x00000000eab00000,0x00000000ecb00000,0x00000000ecb00000)
  from space 2560K, 100% used [0x00000000ecd80000,0x00000000ed000000,0x00000000ed000000)
  to   space 2560K, 0% used [0x00000000ecb00000,0x00000000ecb00000,0x00000000ecd80000)
 ParOldGen       total 44032K, used 9213K [0x00000000c0000000, 0x00000000c2b00000, 0x00000000eab00000)
  object space 44032K, 20% used [0x00000000c0000000,0x00000000c08ff700,0x00000000c2b00000)
 Metaspace       used 6081K, capacity 7088K, committed 7296K, reserved 1056768K
  class space    used 588K, capacity 616K, committed 640K, reserved 1048576K
Event: 3.687 GC heap after
Heap after GC invocations=5 (full 0):
 PSYoungGen      total 35328K, used 2560K [0x00000000eab00000, 0x00000000efb00000, 0x0000000100000000)
  eden space 32768K, 0% used [0x00000000eab00000,0x00000000eab00000,0x00000000ecb00000)
  from space 2560K, 100% used [0x00000000ecb00000,0x00000000ecd80000,0x00000000ecd80000)
  to   space 8192K, 0% used [0x00000000ef300000,0x00000000ef300000,0x00000000efb00000)
 ParOldGen       total 44032K, used 14184K [0x00000000c0000000, 0x00000000c2b00000, 0x00000000eab00000)
  object space 44032K, 32% used [0x00000000c0000000,0x00000000c0dda230,0x00000000c2b00000)
 Metaspace       used 6081K, capacity 7088K, committed 7296K, reserved 1056768K
  class space    used 588K, capacity 616K, committed 640K, reserved 1048576K
}

Deoptimization events (10 events):
Event: 4.316 Thread 0x000000001728b000 Uncommon trap: reason=class_check action=maybe_recompile pc=0x00000000034a86d8 method=java.util.Arrays.hashCode([Ljava/lang/Object;)I @ 43
Event: 4.316 Thread 0x000000001728b000 Uncommon trap: reason=class_check action=maybe_recompile pc=0x00000000034a86d8 method=java.util.Arrays.hashCode([Ljava/lang/Object;)I @ 43
Event: 4.316 Thread 0x000000001728b000 Uncommon trap: reason=class_check action=maybe_recompile pc=0x00000000034a86d8 method=java.util.Arrays.hashCode([Ljava/lang/Object;)I @ 43
Event: 4.316 Thread 0x000000001728b000 Uncommon trap: reason=class_check action=maybe_recompile pc=0x00000000034a86d8 method=java.util.Arrays.hashCode([Ljava/lang/Object;)I @ 43
Event: 4.318 Thread 0x000000001728b000 Uncommon trap: reason=bimorphic action=maybe_recompile pc=0x000000000323b2d4 method=java.util.HashMap.getNode(ILjava/lang/Object;)Ljava/util/HashMap$Node; @ 126
Event: 4.319 Thread 0x000000001728b000 Uncommon trap: reason=class_check action=maybe_recompile pc=0x000000000346d6f8 method=java.util.Arrays.hashCode([Ljava/lang/Object;)I @ 43
Event: 4.348 Thread 0x000000001728b000 Uncommon trap: reason=bimorphic action=maybe_recompile pc=0x000000000323b2d4 method=java.util.HashMap.getNode(ILjava/lang/Object;)Ljava/util/HashMap$Node; @ 126
Event: 4.377 Thread 0x000000001728b000 Uncommon trap: reason=bimorphic action=maybe_recompile pc=0x000000000323b2d4 method=java.util.HashMap.getNode(ILjava/lang/Object;)Ljava/util/HashMap$Node; @ 126
Event: 4.377 Thread 0x000000001728b000 Uncommon trap: reason=bimorphic action=maybe_recompile pc=0x000000000323b2d4 method=java.util.HashMap.getNode(ILjava/lang/Object;)Ljava/util/HashMap$Node; @ 126
Event: 4.377 Thread 0x000000001728b000 Uncommon trap: reason=bimorphic action=maybe_recompile pc=0x00000000032f6728 method=java.util.HashMap.getNode(ILjava/lang/Object;)Ljava/util/HashMap$Node; @ 126

Internal exceptions (3 events):
Event: 0.086 Thread 0x0000000002ed0800 Exception <a 'java/lang/NoSuchMethodError': Method sun.misc.Unsafe.defineClass(Ljava/lang/String;[BII)Ljava/lang/Class; name or signature does not match> (0x00000000eab0d570) thrown at [D:\re\puppet\workspace\8-2-build-windows-amd64-cygwin\jdk8u73\6086\hotwK#bÄ∂?
Event: 0.086 Thread 0x0000000002ed0800 Exception <a 'java/lang/NoSuchMethodError': Method sun.misc.Unsafe.prefetchRead(Ljava/lang/Object;J)V name or signature does not match> (0x00000000eab0d858) thrown at [D:\re\puppet\workspace\8-2-build-windows-amd64-cygwin\jdk8u73\6086\hotspot\src\share\vm\J"»T¥Å
Event: 2.063 Thread 0x000000001727f800 Implicit null exception at 0x00000000034c8461 to 0x00000000034c8f91

Events (10 events):
Event: 4.377 Thread 0x000000001728b000 DEOPT PACKING pc=0x000000000323b2d4 sp=0x00000000193ce740
Event: 4.377 Thread 0x000000001728b000 DEOPT UNPACKING pc=0x000000000301582a sp=0x00000000193ce678 mode 2
Event: 4.377 Thread 0x000000001728b000 Uncommon trap: trap_request=0xffffffc6 fr.pc=0x000000000323b2d4
Event: 4.377 Thread 0x000000001728b000 DEOPT PACKING pc=0x000000000323b2d4 sp=0x00000000193ce740
Event: 4.377 Thread 0x000000001728b000 DEOPT UNPACKING pc=0x000000000301582a sp=0x00000000193ce678 mode 2
Event: 4.377 Thread 0x000000001728b000 Uncommon trap: trap_request=0xffffffc6 fr.pc=0x00000000032f6728
Event: 4.377 Thread 0x000000001728b000 DEOPT PACKING pc=0x00000000032f6728 sp=0x00000000193ce6e0
Event: 4.377 Thread 0x000000001728b000 DEOPT UNPACKING pc=0x000000000301582a sp=0x00000000193ce678 mode 2
Event: 4.408 loading class com/android/dx/dex/file/CatchStructs
Event: 4.408 loading class com/android/dx/dex/file/CatchStructs done


Dynamic libraries:
0x00007ff7fc950000 - 0x00007ff7fc987000 	C:\Program Files\Java\jdk1.8.0_73\bin\java.exe
0x00007ffbac100000 - 0x00007ffbac2c1000 	C:\WINDOWS\SYSTEM32\ntdll.dll
0x00007ffbabdd0000 - 0x00007ffbabe7d000 	C:\WINDOWS\system32\KERNEL32.DLL
0x00007ffba8c50000 - 0x00007ffba8e38000 	C:\WINDOWS\system32\KERNELBASE.dll
0x00007ffbabd20000 - 0x00007ffbabdc7000 	C:\WINDOWS\system32\ADVAPI32.dll
0x00007ffbaba60000 - 0x00007ffbabafd000 	C:\WINDOWS\system32\msvcrt.dll
0x00007ffba9670000 - 0x00007ffba96cb000 	C:\WINDOWS\system32\sechost.dll
0x00007ffbabfe0000 - 0x00007ffbac0fc000 	C:\WINDOWS\system32\RPCRT4.dll
0x00007ffbabe80000 - 0x00007ffbabfd6000 	C:\WINDOWS\system32\USER32.dll
0x00007ffbab760000 - 0x00007ffbab8e6000 	C:\WINDOWS\system32\GDI32.dll
0x00007ffb9b690000 - 0x00007ffb9b904000 	C:\WINDOWS\WinSxS\amd64_microsoft.windows.common-controls_6595b64144ccf1df_6.0.10586.589_none_a2ddb3caa539acce\COMCTL32.dll
0x00007ffbaaed0000 - 0x00007ffbab14d000 	C:\WINDOWS\system32\combase.dll
0x00007ffba9490000 - 0x00007ffba94fa000 	C:\WINDOWS\system32\bcryptPrimitives.dll
0x00007ffbaae90000 - 0x00007ffbaaecb000 	C:\WINDOWS\system32\IMM32.DLL
0x0000000060160000 - 0x0000000060232000 	C:\Program Files\Java\jdk1.8.0_73\jre\bin\msvcr100.dll
0x000000005f8d0000 - 0x0000000060160000 	C:\Program Files\Java\jdk1.8.0_73\jre\bin\server\jvm.dll
0x00007ffbaae80000 - 0x00007ffbaae88000 	C:\WINDOWS\system32\PSAPI.DLL
0x00007ffb9ae40000 - 0x00007ffb9ae49000 	C:\WINDOWS\SYSTEM32\WSOCK32.dll
0x00007ffbab6f0000 - 0x00007ffbab75b000 	C:\WINDOWS\system32\WS2_32.dll
0x00007ffba6970000 - 0x00007ffba6993000 	C:\WINDOWS\SYSTEM32\WINMM.dll
0x00007ffb9c1d0000 - 0x00007ffb9c1da000 	C:\WINDOWS\SYSTEM32\VERSION.dll
0x00007ffba6940000 - 0x00007ffba696c000 	C:\WINDOWS\SYSTEM32\WINMMBASE.dll
0x00007ffba88d0000 - 0x00007ffba8913000 	C:\WINDOWS\system32\cfgmgr32.dll
0x000000005f8c0000 - 0x000000005f8cf000 	C:\Program Files\Java\jdk1.8.0_73\jre\bin\verify.dll
0x000000005f890000 - 0x000000005f8b9000 	C:\Program Files\Java\jdk1.8.0_73\jre\bin\java.dll
0x000000005f870000 - 0x000000005f886000 	C:\Program Files\Java\jdk1.8.0_73\jre\bin\zip.dll
0x00007ffba96d0000 - 0x00007ffbaac2c000 	C:\WINDOWS\system32\SHELL32.dll
0x00007ffba8e40000 - 0x00007ffba9485000 	C:\WINDOWS\system32\windows.storage.dll
0x00007ffbabcb0000 - 0x00007ffbabd02000 	C:\WINDOWS\system32\shlwapi.dll
0x00007ffba8730000 - 0x00007ffba873f000 	C:\WINDOWS\system32\kernel.appcore.dll
0x00007ffba8810000 - 0x00007ffba88c5000 	C:\WINDOWS\system32\shcore.dll
0x00007ffba8740000 - 0x00007ffba878b000 	C:\WINDOWS\system32\powrprof.dll
0x00007ffba8790000 - 0x00007ffba87a4000 	C:\WINDOWS\system32\profapi.dll

VM Arguments:
jvm_args: -Djava.awt.headless=true -Xmx1024M -Dfile.encoding=windows-1252 -Duser.country=GB -Duser.language=en -Duser.variant 
java_command: com.android.dx.command.Main --dex --force-jumbo --num-threads=4 --multi-dex --output C:\Users\sandhu\Documents\sdma\assignment\Assignment8\SunCalculator\app\build\intermediates\transforms\dex\debug\folders\1000\10\com.android.support-support-media-compat-24.2.1_0c2fd43ea3faa15096a59029fd57986a09df97e7 C:\Users\sandhu\Documents\sdma\assignment\Assignment8\SunCalculator\app\build\intermediates\exploded-aar\com.android.support\support-media-compat\24.2.1\jars\classes.jar
java_class_path (initial): C:\Users\sandhu\AppData\Local\Android\sdk1\build-tools\24.0.0\lib\dx.jar
Launcher Type: SUN_STANDARD

Environment Variables:
JAVA_HOME=C:\Program Files\Java\jdk1.8.0_73
PATH=C:\ProgramData\Oracle\Java\javapath;C:\Program Files (x86)\Intel\iCLS Client\;C:\Program Files\Intel\iCLS Client\;C:\WINDOWS\system32;C:\WINDOWS;C:\WINDOWS\System32\Wbem;C:\WINDOWS\System32\WindowsPowerShell\v1.0\;C:\Program Files\Java\jdk1.8.0_60\bin;C:\wamp\bin\php\php5.5.12;C:\Users\sandhu\Documents\WAAD\curl-7.46.0-win64\bin;C:\Program Files (x86)\Skype\Phone\;C:\xampp\mysql\bin
USERNAME=sandhu
OS=Windows_NT
PROCESSOR_IDENTIFIER=Intel64 Family 6 Model 69 Stepping 1, GenuineIntel



---------------  S Y S T E M  ---------------

OS: Windows 10.0 , 64 bit Build 10586 (10.0.10586.589)

CPU:total 4 (2 cores per cpu, 2 threads per core) family 6 model 69 stepping 1, cmov, cx8, fxsr, mmx, sse, sse2, sse3, ssse3, sse4.1, sse4.2, popcnt, avx, avx2, aes, clmul, erms, lzcnt, ht, tsc, tscinvbit, bmi1, bmi2

Memory: 4k page, physical 4133144k(421076k free), swap 11879416k(6200k free)

vm_info: Java HotSpot(TM) 64-Bit Server VM (25.73-b02) for windows-amd64 JRE (1.8.0_73-b02), built on Jan 29 2016 17:38:49 by "java_re" with MS VC++ 10.0 (VS2010)

time: Wed Oct 19 22:13:12 2016
elapsed time: 4 seconds (0d 0h 0m 4s)

