#
# There is insufficient memory for the Java Runtime Environment to continue.
# Native memory allocation (malloc) failed to allocate 32744 bytes for ChunkPool::allocate
# Possible reasons:
#   The system is out of physical RAM or swap space
#   In 32 bit mode, the process size limit was hit
# Possible solutions:
#   Reduce memory load on the system
#   Increase physical memory or swap space
#   Check if swap backing store is full
#   Use 64 bit Java on a 64 bit OS
#   Decrease Java heap size (-Xmx/-Xms)
#   Decrease number of Java threads
#   Decrease Java thread stack sizes (-Xss)
#   Set larger code cache with -XX:ReservedCodeCacheSize=
# This output file may be truncated or incomplete.
#
#  Out of Memory Error (allocation.cpp:273), pid=4884, tid=280
#
# JRE version: Java(TM) SE Runtime Environment (8.0_73-b02) (build 1.8.0_73-b02)
# Java VM: Java HotSpot(TM) 64-Bit Server VM (25.73-b02 mixed mode windows-amd64 compressed oops)
# Failed to write core dump. Minidumps are not enabled by default on client versions of Windows
#

---------------  T H R E A D  ---------------

Current thread (0x00000000153b0800):  JavaThread "C1 CompilerThread2" daemon [_thread_in_native, id=280, stack(0x0000000016ca0000,0x0000000016da0000)]

Stack: [0x0000000016ca0000,0x0000000016da0000]
[error occurred during error reporting (printing stack bounds), id 0xc0000005]

Native frames: (J=compiled Java code, j=interpreted, Vv=VM code, C=native code)


Current CompileTask:
C1:    781  310       3       java.util.zip.ZipEntry::setExtra0 (360 bytes)


---------------  P R O C E S S  ---------------

Java Threads: ( => current thread )
  0x0000000017064000 JavaThread "pool-2-thread-4" [_thread_in_vm, id=8700, stack(0x00000000177a0000,0x00000000178a0000)]
  0x0000000017063800 JavaThread "pool-2-thread-3" [_thread_in_vm, id=7996, stack(0x00000000176a0000,0x00000000177a0000)]
  0x0000000017062000 JavaThread "pool-2-thread-2" [_thread_in_Java, id=3188, stack(0x00000000175a0000,0x00000000176a0000)]
  0x000000001705e000 JavaThread "pool-3-thread-1" [_thread_blocked, id=3812, stack(0x00000000174a0000,0x00000000175a0000)]
  0x0000000017059000 JavaThread "pool-2-thread-1" [_thread_blocked, id=2540, stack(0x00000000173a0000,0x00000000174a0000)]
  0x00000000153be800 JavaThread "Service Thread" daemon [_thread_blocked, id=3724, stack(0x00000000171a0000,0x00000000172a0000)]
=>0x00000000153b0800 JavaThread "C1 CompilerThread2" daemon [_thread_in_native, id=280, stack(0x0000000016ca0000,0x0000000016da0000)]
  0x000000001535f800 JavaThread "C2 CompilerThread1" daemon [_thread_blocked, id=5268, stack(0x0000000016ba0000,0x0000000016ca0000)]
  0x000000001535c800 JavaThread "C2 CompilerThread0" daemon [_thread_blocked, id=3444, stack(0x0000000016aa0000,0x0000000016ba0000)]
  0x000000001535a800 JavaThread "Attach Listener" daemon [_thread_blocked, id=1908, stack(0x00000000169a0000,0x0000000016aa0000)]
  0x0000000015359000 JavaThread "Signal Dispatcher" daemon [_thread_blocked, id=9104, stack(0x00000000168a0000,0x00000000169a0000)]
  0x0000000002c66000 JavaThread "Finalizer" daemon [_thread_blocked, id=3984, stack(0x00000000165b0000,0x00000000166b0000)]
  0x0000000002c5d000 JavaThread "Reference Handler" daemon [_thread_blocked, id=8740, stack(0x00000000164b0000,0x00000000165b0000)]
  0x0000000002b70800 JavaThread "main" [_thread_blocked, id=908, stack(0x0000000002a60000,0x0000000002b60000)]

Other Threads:
  0x0000000015328000 VMThread [stack: 0x00000000163b0000,0x00000000164b0000] [id=4592]
  0x0000000016dca000 WatcherThread [stack: 0x00000000172a0000,0x00000000173a0000] [id=7912]

VM state:not at safepoint (normal execution)

VM Mutex/Monitor currently owned by a thread: None

Heap:
 PSYoungGen      total 18944K, used 9264K [0x00000000eab00000, 0x00000000ec000000, 0x0000000100000000)
  eden space 16384K, 56% used [0x00000000eab00000,0x00000000eb40c228,0x00000000ebb00000)
  from space 2560K, 0% used [0x00000000ebd80000,0x00000000ebd80000,0x00000000ec000000)
  to   space 2560K, 0% used [0x00000000ebb00000,0x00000000ebb00000,0x00000000ebd80000)
 ParOldGen       total 44032K, used 0K [0x00000000c0000000, 0x00000000c2b00000, 0x00000000eab00000)
  object space 44032K, 0% used [0x00000000c0000000,0x00000000c0000000,0x00000000c2b00000)
 Metaspace       used 4632K, capacity 5808K, committed 6016K, reserved 1056768K
  class space    used 513K, capacity 552K, committed 640K, reserved 1048576K

Card table byte_map: [0x0000000012030000,0x0000000012240000] byte_map_base: 0x0000000011a30000

Marking Bits: (ParMarkBitMap*) 0x00000000600e0600
 Begin Bits: [0x00000000127a0000, 0x00000000137a0000)
 End Bits:   [0x00000000137a0000, 0x00000000147a0000)

Polling page: 0x00000000010e0000

CodeCache: size=245760Kb used=1775Kb max_used=1775Kb free=243984Kb
 bounds [0x0000000002c70000, 0x0000000002ee0000, 0x0000000011c70000]
 total_blobs=567 nmethods=308 adapters=172
 compilation: enabled

Compilation events (10 events):
Event: 0.771 Thread 0x00000000153b0800 nmethod 304 0x0000000002e29d10 code [0x0000000002e29e80, 0x0000000002e2a048]
Event: 0.772 Thread 0x00000000153b0800  305       3       com.android.dx.rop.type.Type::getType (2 bytes)
Event: 0.773 Thread 0x00000000153b0800 nmethod 305 0x0000000002e299d0 code [0x0000000002e29b20, 0x0000000002e29c70]
Event: 0.773 Thread 0x00000000153b0800  306       1       com.android.dx.rop.code.Insn::getOpcode (5 bytes)
Event: 0.773 Thread 0x00000000153b0800 nmethod 306 0x0000000002e29710 code [0x0000000002e29860, 0x0000000002e29970]
Event: 0.773 Thread 0x00000000153b0800  307       3       com.android.dx.rop.type.Type::getCategory (36 bytes)
Event: 0.773 Thread 0x00000000153b0800 nmethod 307 0x0000000002e2c350 code [0x0000000002e2c4a0, 0x0000000002e2c610]
Event: 0.773 Thread 0x00000000153b0800  308       1       com.android.dx.ssa.SsaInsn::getResult (5 bytes)
Event: 0.773 Thread 0x00000000153b0800 nmethod 308 0x0000000002e2c690 code [0x0000000002e2c7e0, 0x0000000002e2c8f0]
Event: 0.774 Thread 0x00000000153b0800  310       3       java.util.zip.ZipEntry::setExtra0 (360 bytes)

GC Heap History (0 events):
No events

Deoptimization events (0 events):
No events

Internal exceptions (2 events):
Event: 0.084 Thread 0x0000000002b70800 Exception <a 'java/lang/NoSuchMethodError': Method sun.misc.Unsafe.defineClass(Ljava/lang/String;[BII)Ljava/lang/Class; name or signature does not match> (0x00000000eab0d358) thrown at [D:\re\puppet\workspace\8-2-build-windows-amd64-cygwin\jdk8u73\6086\hot)q3лчїх?
Event: 0.084 Thread 0x0000000002b70800 Exception <a 'java/lang/NoSuchMethodError': Method sun.misc.Unsafe.prefetchRead(Ljava/lang/Object;J)V name or signature does not match> (0x00000000eab0d640) thrown at [D:\re\puppet\workspace\8-2-build-windows-amd64-cygwin\jdk8u73\6086\hotspot\src\share\vm\

Events (10 events):
Event: 0.777 loading class com/android/dx/util/IntIterator
Event: 0.777 loading class com/android/dx/util/IntIterator done
Event: 0.778 loading class com/android/dx/util/BitIntSet$1
Event: 0.778 loading class com/android/dx/util/BitIntSet$1 done
Event: 0.778 loading class com/android/dx/ssa/SsaRenamer
Event: 0.778 loading class com/android/dx/ssa/SsaRenamer done
Event: 0.779 loading class com/android/dx/ssa/SsaRenamer$1
Event: 0.779 loading class com/android/dx/ssa/SsaRenamer$1 done
Event: 0.780 loading class com/android/dx/ssa/SsaRenamer$BlockRenamer
Event: 0.780 loading class com/android/dx/ssa/SsaRenamer$BlockRenamer done


Dynamic libraries:
0x00007ff7fc950000 - 0x00007ff7fc987000 	C:\Program Files\Java\jdk1.8.0_73\bin\java.exe
0x00007ffbac100000 - 0x00007ffbac2c1000 	C:\WINDOWS\SYSTEM32\ntdll.dll
0x00007ffbabdd0000 - 0x00007ffbabe7d000 	C:\WINDOWS\system32\KERNEL32.DLL
0x00007ffba8c50000 - 0x00007ffba8e38000 	C:\WINDOWS\system32\KERNELBASE.dll
0x00007ffbabd20000 - 0x00007ffbabdc7000 	C:\WINDOWS\system32\ADVAPI32.dll
0x00007ffbaba60000 - 0x00007ffbabafd000 	C:\WINDOWS\system32\msvcrt.dll
0x00007ffba9670000 - 0x00007ffba96cb000 	C:\WINDOWS\system32\sechost.dll
0x00007ffbabfe0000 - 0x00007ffbac0fc000 	C:\WINDOWS\system32\RPCRT4.dll
0x00007ffbabe80000 - 0x00007ffbabfd6000 	C:\WINDOWS\system32\USER32.dll
0x00007ffbab760000 - 0x00007ffbab8e6000 	C:\WINDOWS\system32\GDI32.dll
0x00007ffb9b690000 - 0x00007ffb9b904000 	C:\WINDOWS\WinSxS\amd64_microsoft.windows.common-controls_6595b64144ccf1df_6.0.10586.589_none_a2ddb3caa539acce\COMCTL32.dll
0x00007ffbaaed0000 - 0x00007ffbab14d000 	C:\WINDOWS\system32\combase.dll
0x00007ffba9490000 - 0x00007ffba94fa000 	C:\WINDOWS\system32\bcryptPrimitives.dll
0x00007ffbaae90000 - 0x00007ffbaaecb000 	C:\WINDOWS\system32\IMM32.DLL
0x0000000060160000 - 0x0000000060232000 	C:\Program Files\Java\jdk1.8.0_73\jre\bin\msvcr100.dll
0x000000005f8d0000 - 0x0000000060160000 	C:\Program Files\Java\jdk1.8.0_73\jre\bin\server\jvm.dll
0x00007ffbaae80000 - 0x00007ffbaae88000 	C:\WINDOWS\system32\PSAPI.DLL
0x00007ffb9ae40000 - 0x00007ffb9ae49000 	C:\WINDOWS\SYSTEM32\WSOCK32.dll
0x00007ffbab6f0000 - 0x00007ffbab75b000 	C:\WINDOWS\system32\WS2_32.dll
0x00007ffba6970000 - 0x00007ffba6993000 	C:\WINDOWS\SYSTEM32\WINMM.dll
0x00007ffb9c1d0000 - 0x00007ffb9c1da000 	C:\WINDOWS\SYSTEM32\VERSION.dll
0x00007ffba6940000 - 0x00007ffba696c000 	C:\WINDOWS\SYSTEM32\WINMMBASE.dll
0x00007ffba88d0000 - 0x00007ffba8913000 	C:\WINDOWS\system32\cfgmgr32.dll
0x000000005f8c0000 - 0x000000005f8cf000 	C:\Program Files\Java\jdk1.8.0_73\jre\bin\verify.dll
0x000000005f890000 - 0x000000005f8b9000 	C:\Program Files\Java\jdk1.8.0_73\jre\bin\java.dll
0x000000005f870000 - 0x000000005f886000 	C:\Program Files\Java\jdk1.8.0_73\jre\bin\zip.dll
0x00007ffba96d0000 - 0x00007ffbaac2c000 	C:\WINDOWS\system32\SHELL32.dll
0x00007ffba8e40000 - 0x00007ffba9485000 	C:\WINDOWS\system32\windows.storage.dll
0x00007ffbabcb0000 - 0x00007ffbabd02000 	C:\WINDOWS\system32\shlwapi.dll
0x00007ffba8730000 - 0x00007ffba873f000 	C:\WINDOWS\system32\kernel.appcore.dll
0x00007ffba8810000 - 0x00007ffba88c5000 	C:\WINDOWS\system32\shcore.dll
0x00007ffba8740000 - 0x00007ffba878b000 	C:\WINDOWS\system32\powrprof.dll
0x00007ffba8790000 - 0x00007ffba87a4000 	C:\WINDOWS\system32\profapi.dll

VM Arguments:
jvm_args: -Djava.awt.headless=true -Xmx1024M -Dfile.encoding=windows-1252 -Duser.country=GB -Duser.language=en -Duser.variant 
java_command: com.android.dx.command.Main --dex --force-jumbo --num-threads=4 --multi-dex --output C:\Users\sandhu\Documents\sdma\assignment\Assignment8\SunCalculator\app\build\intermediates\transforms\dex\debug\folders\1000\10\com.android.support-recyclerview-v7-24.2.1_2ab3816f2b1719f147b4a1b7957a393390554f31 C:\Users\sandhu\Documents\sdma\assignment\Assignment8\SunCalculator\app\build\intermediates\exploded-aar\com.android.support\recyclerview-v7\24.2.1\jars\classes.jar
java_class_path (initial): C:\Users\sandhu\AppData\Local\Android\sdk1\build-tools\24.0.0\lib\dx.jar
Launcher Type: SUN_STANDARD

Environment Variables:
JAVA_HOME=C:\Program Files\Java\jdk1.8.0_73
PATH=C:\ProgramData\Oracle\Java\javapath;C:\Program Files (x86)\Intel\iCLS Client\;C:\Program Files\Intel\iCLS Client\;C:\WINDOWS\system32;C:\WINDOWS;C:\WINDOWS\System32\Wbem;C:\WINDOWS\System32\WindowsPowerShell\v1.0\;C:\Program Files\Java\jdk1.8.0_60\bin;C:\wamp\bin\php\php5.5.12;C:\Users\sandhu\Documents\WAAD\curl-7.46.0-win64\bin;C:\Program Files (x86)\Skype\Phone\;C:\xampp\mysql\bin
USERNAME=sandhu
OS=Windows_NT
PROCESSOR_IDENTIFIER=Intel64 Family 6 Model 69 Stepping 1, GenuineIntel



---------------  S Y S T E M  ---------------

OS: Windows 10.0 , 64 bit Build 10586 (10.0.10586.589)

CPU:total 4 (2 cores per cpu, 2 threads per core) family 6 model 69 stepping 1, cmov, cx8, fxsr, mmx, sse, sse2, sse3, ssse3, sse4.1, sse4.2, popcnt, avx, avx2, aes, clmul, erms, lzcnt, ht, tsc, tscinvbit, bmi1, bmi2

Memory: 4k page, physical 4133144k(538048k free), swap 11879416k(127828k free)

vm_info: Java HotSpot(TM) 64-Bit Server VM (25.73-b02) for windows-amd64 JRE (1.8.0_73-b02), built on Jan 29 2016 17:38:49 by "java_re" with MS VC++ 10.0 (VS2010)

time: Wed Oct 19 22:11:05 2016
elapsed time: 0 seconds (0d 0h 0m 0s)

