#
# There is insufficient memory for the Java Runtime Environment to continue.
# Native memory allocation (malloc) failed to allocate 420816 bytes for Chunk::new
# Possible reasons:
#   The system is out of physical RAM or swap space
#   In 32 bit mode, the process size limit was hit
# Possible solutions:
#   Reduce memory load on the system
#   Increase physical memory or swap space
#   Check if swap backing store is full
#   Use 64 bit Java on a 64 bit OS
#   Decrease Java heap size (-Xmx/-Xms)
#   Decrease number of Java threads
#   Decrease Java thread stack sizes (-Xss)
#   Set larger code cache with -XX:ReservedCodeCacheSize=
# This output file may be truncated or incomplete.
#
#  Out of Memory Error (allocation.cpp:390), pid=8284, tid=2088
#
# JRE version: Java(TM) SE Runtime Environment (8.0_73-b02) (build 1.8.0_73-b02)
# Java VM: Java HotSpot(TM) 64-Bit Server VM (25.73-b02 mixed mode windows-amd64 compressed oops)
# Failed to write core dump. Minidumps are not enabled by default on client versions of Windows
#

---------------  T H R E A D  ---------------

Current thread (0x0000000014ccf800):  JavaThread "C2 CompilerThread1" daemon [_thread_in_native, id=2088, stack(0x0000000016430000,0x0000000016530000)]

Stack: [0x0000000016430000,0x0000000016530000]
[error occurred during error reporting (printing stack bounds), id 0xc0000005]

Native frames: (J=compiled Java code, j=interpreted, Vv=VM code, C=native code)


Current CompileTask:
C2:   1652  707       4       com.android.dx.ssa.SsaBasicBlock::forEachInsn (37 bytes)


---------------  P R O C E S S  ---------------

Java Threads: ( => current thread )
  0x0000000016808000 JavaThread "pool-2-thread-4" [_thread_blocked, id=6960, stack(0x0000000017030000,0x0000000017130000)]
  0x00000000167d9800 JavaThread "pool-2-thread-3" [_thread_in_Java, id=7872, stack(0x0000000016f30000,0x0000000017030000)]
  0x00000000167d9000 JavaThread "pool-2-thread-2" [_thread_in_Java, id=4736, stack(0x0000000016e30000,0x0000000016f30000)]
  0x00000000167d8000 JavaThread "pool-3-thread-1" [_thread_blocked, id=4472, stack(0x0000000016d30000,0x0000000016e30000)]
  0x00000000167d5800 JavaThread "pool-2-thread-1" [_thread_in_vm, id=1604, stack(0x0000000016c30000,0x0000000016d30000)]
  0x0000000016635800 JavaThread "Service Thread" daemon [_thread_blocked, id=7464, stack(0x0000000016a30000,0x0000000016b30000)]
  0x0000000014d2a000 JavaThread "C1 CompilerThread2" daemon [_thread_in_native, id=4724, stack(0x0000000016530000,0x0000000016630000)]
=>0x0000000014ccf800 JavaThread "C2 CompilerThread1" daemon [_thread_in_native, id=2088, stack(0x0000000016430000,0x0000000016530000)]
  0x0000000014ccc800 JavaThread "C2 CompilerThread0" daemon [_thread_in_native, id=6036, stack(0x0000000016330000,0x0000000016430000)]
  0x0000000014cca800 JavaThread "Attach Listener" daemon [_thread_blocked, id=6232, stack(0x0000000016230000,0x0000000016330000)]
  0x0000000014cc9000 JavaThread "Signal Dispatcher" daemon [_thread_blocked, id=1280, stack(0x0000000016130000,0x0000000016230000)]
  0x00000000025f0800 JavaThread "Finalizer" daemon [_thread_blocked, id=7452, stack(0x0000000015f50000,0x0000000016050000)]
  0x00000000025ed000 JavaThread "Reference Handler" daemon [_thread_blocked, id=6832, stack(0x0000000015e50000,0x0000000015f50000)]
  0x0000000002500800 JavaThread "main" [_thread_blocked, id=2532, stack(0x00000000023e0000,0x00000000024e0000)]

Other Threads:
  0x0000000014c98000 VMThread [stack: 0x0000000015d50000,0x0000000015e50000] [id=8716]
  0x000000001663b800 WatcherThread [stack: 0x0000000016b30000,0x0000000016c30000] [id=8936]

VM state:synchronizing (normal execution)

VM Mutex/Monitor currently owned by a thread:  ([mutex/lock_event])
[0x00000000023dca00] Threads_lock - owner thread: 0x0000000014c98000
[0x00000000023dd910] CompiledIC_lock - owner thread: 0x00000000167d9000

Heap:
 PSYoungGen      total 18944K, used 13507K [0x00000000eab00000, 0x00000000ec000000, 0x0000000100000000)
  eden space 16384K, 82% used [0x00000000eab00000,0x00000000eb830e40,0x00000000ebb00000)
  from space 2560K, 0% used [0x00000000ebd80000,0x00000000ebd80000,0x00000000ec000000)
  to   space 2560K, 0% used [0x00000000ebb00000,0x00000000ebb00000,0x00000000ebd80000)
 ParOldGen       total 44032K, used 0K [0x00000000c0000000, 0x00000000c2b00000, 0x00000000eab00000)
  object space 44032K, 0% used [0x00000000c0000000,0x00000000c0000000,0x00000000c2b00000)
 Metaspace       used 5707K, capacity 6640K, committed 6784K, reserved 1056768K
  class space    used 595K, capacity 616K, committed 640K, reserved 1048576K

Card table byte_map: [0x00000000119c0000,0x0000000011bd0000] byte_map_base: 0x00000000113c0000

Marking Bits: (ParMarkBitMap*) 0x00000000600e0600
 Begin Bits: [0x0000000012130000, 0x0000000013130000)
 End Bits:   [0x0000000013130000, 0x0000000014130000)

Polling page: 0x0000000000a70000

CodeCache: size=245760Kb used=3124Kb max_used=3133Kb free=242635Kb
 bounds [0x0000000002600000, 0x0000000002920000, 0x0000000011600000]
 total_blobs=1021 nmethods=752 adapters=182
 compilation: enabled

Compilation events (10 events):
Event: 1.648 Thread 0x0000000014d2a000 nmethod 744 0x0000000002903590 code [0x0000000002903720, 0x0000000002903bc8]
Event: 1.648 Thread 0x0000000014d2a000  745       3       com.android.dx.ssa.InterferenceRegisterMapper::interferes (78 bytes)
Event: 1.648 Thread 0x0000000014ccc800 nmethod 757 0x0000000002903090 code [0x00000000029031e0, 0x0000000002903438]
Event: 1.648 Thread 0x0000000014ccc800  759       4       com.android.dx.ssa.DeadCodeRemover::hasSideEffect (11 bytes)
Event: 1.650 Thread 0x0000000014d2a000 nmethod 745 0x00000000028f8e90 code [0x00000000028f90c0, 0x00000000028f9ca8]
Event: 1.650 Thread 0x0000000014d2a000  721       3       com.android.dx.rop.code.RegisterSpec::getBasicType (10 bytes)
Event: 1.650 Thread 0x0000000014d2a000 nmethod 721 0x0000000002902c50 code [0x0000000002902dc0, 0x0000000002902fe8]
Event: 1.650 Thread 0x0000000014d2a000  722       3       com.android.dx.rop.code.RegisterSpec::getType (10 bytes)
Event: 1.650 Thread 0x0000000014d2a000 nmethod 722 0x0000000002902810 code [0x0000000002902980, 0x0000000002902ba8]
Event: 1.650 Thread 0x0000000014d2a000  750       3       com.android.dx.ssa.LocalVariableInfo::mutableCopyOfStarts (29 bytes)

GC Heap History (0 events):
No events

Deoptimization events (0 events):
No events

Internal exceptions (2 events):
Event: 0.250 Thread 0x0000000002500800 Exception <a 'java/lang/NoSuchMethodError': Method sun.misc.Unsafe.defineClass(Ljava/lang/String;[BII)Ljava/lang/Class; name or signature does not match> (0x00000000eab0d670) thrown at [D:\re\puppet\workspace\8-2-build-windows-amd64-cygwin\jdk8u73\6086\hotñ¯é|Ð?
Event: 0.250 Thread 0x0000000002500800 Exception <a 'java/lang/NoSuchMethodError': Method sun.misc.Unsafe.prefetchRead(Ljava/lang/Object;J)V name or signature does not match> (0x00000000eab0d958) thrown at [D:\re\puppet\workspace\8-2-build-windows-amd64-cygwin\jdk8u73\6086\hotspot\src\share\vm\

Events (10 events):
Event: 1.421 loading class com/android/dx/cf/code/BytecodeArray$ConstantParserVisitor done
Event: 1.424 loading class java/util/TreeMap$EntrySet done
Event: 1.424 loading class java/util/TreeMap$EntryIterator
Event: 1.424 loading class java/util/TreeMap$EntryIterator done
Event: 1.438 loading class java/util/DualPivotQuicksort
Event: 1.438 loading class java/util/DualPivotQuicksort done
Event: 1.558 loading class com/android/dx/dex/file/FieldAnnotationStruct
Event: 1.558 loading class com/android/dx/dex/file/FieldAnnotationStruct done
Event: 1.579 loading class java/util/ArrayList$1
Event: 1.579 loading class java/util/ArrayList$1 done


Dynamic libraries:
0x00007ff7fc950000 - 0x00007ff7fc987000 	C:\Program Files\Java\jdk1.8.0_73\bin\java.exe
0x00007ffbac100000 - 0x00007ffbac2c1000 	C:\WINDOWS\SYSTEM32\ntdll.dll
0x00007ffbabdd0000 - 0x00007ffbabe7d000 	C:\WINDOWS\system32\KERNEL32.DLL
0x00007ffba8c50000 - 0x00007ffba8e38000 	C:\WINDOWS\system32\KERNELBASE.dll
0x00007ffbabd20000 - 0x00007ffbabdc7000 	C:\WINDOWS\system32\ADVAPI32.dll
0x00007ffbaba60000 - 0x00007ffbabafd000 	C:\WINDOWS\system32\msvcrt.dll
0x00007ffba9670000 - 0x00007ffba96cb000 	C:\WINDOWS\system32\sechost.dll
0x00007ffbabfe0000 - 0x00007ffbac0fc000 	C:\WINDOWS\system32\RPCRT4.dll
0x00007ffbabe80000 - 0x00007ffbabfd6000 	C:\WINDOWS\system32\USER32.dll
0x00007ffbab760000 - 0x00007ffbab8e6000 	C:\WINDOWS\system32\GDI32.dll
0x00007ffb9b690000 - 0x00007ffb9b904000 	C:\WINDOWS\WinSxS\amd64_microsoft.windows.common-controls_6595b64144ccf1df_6.0.10586.589_none_a2ddb3caa539acce\COMCTL32.dll
0x00007ffbaaed0000 - 0x00007ffbab14d000 	C:\WINDOWS\system32\combase.dll
0x00007ffba9490000 - 0x00007ffba94fa000 	C:\WINDOWS\system32\bcryptPrimitives.dll
0x00007ffbaae90000 - 0x00007ffbaaecb000 	C:\WINDOWS\system32\IMM32.DLL
0x0000000060160000 - 0x0000000060232000 	C:\Program Files\Java\jdk1.8.0_73\jre\bin\msvcr100.dll
0x000000005f8d0000 - 0x0000000060160000 	C:\Program Files\Java\jdk1.8.0_73\jre\bin\server\jvm.dll
0x00007ffbaae80000 - 0x00007ffbaae88000 	C:\WINDOWS\system32\PSAPI.DLL
0x00007ffb9ae40000 - 0x00007ffb9ae49000 	C:\WINDOWS\SYSTEM32\WSOCK32.dll
0x00007ffbab6f0000 - 0x00007ffbab75b000 	C:\WINDOWS\system32\WS2_32.dll
0x00007ffba6970000 - 0x00007ffba6993000 	C:\WINDOWS\SYSTEM32\WINMM.dll
0x00007ffb9c1d0000 - 0x00007ffb9c1da000 	C:\WINDOWS\SYSTEM32\VERSION.dll
0x00007ffba6940000 - 0x00007ffba696c000 	C:\WINDOWS\SYSTEM32\WINMMBASE.dll
0x00007ffba88d0000 - 0x00007ffba8913000 	C:\WINDOWS\system32\cfgmgr32.dll
0x000000005f8c0000 - 0x000000005f8cf000 	C:\Program Files\Java\jdk1.8.0_73\jre\bin\verify.dll
0x000000005f890000 - 0x000000005f8b9000 	C:\Program Files\Java\jdk1.8.0_73\jre\bin\java.dll
0x000000005f870000 - 0x000000005f886000 	C:\Program Files\Java\jdk1.8.0_73\jre\bin\zip.dll
0x00007ffba96d0000 - 0x00007ffbaac2c000 	C:\WINDOWS\system32\SHELL32.dll
0x00007ffba8e40000 - 0x00007ffba9485000 	C:\WINDOWS\system32\windows.storage.dll
0x00007ffbabcb0000 - 0x00007ffbabd02000 	C:\WINDOWS\system32\shlwapi.dll
0x00007ffba8730000 - 0x00007ffba873f000 	C:\WINDOWS\system32\kernel.appcore.dll
0x00007ffba8810000 - 0x00007ffba88c5000 	C:\WINDOWS\system32\shcore.dll
0x00007ffba8740000 - 0x00007ffba878b000 	C:\WINDOWS\system32\powrprof.dll
0x00007ffba8790000 - 0x00007ffba87a4000 	C:\WINDOWS\system32\profapi.dll

VM Arguments:
jvm_args: -Djava.awt.headless=true -Xmx1024M -Dfile.encoding=windows-1252 -Duser.country=GB -Duser.language=en -Duser.variant 
java_command: com.android.dx.command.Main --dex --force-jumbo --num-threads=4 --multi-dex --output C:\Users\sandhu\Documents\sdma\assignment\Assignment8\SunCalculator\app\build\intermediates\transforms\dex\debug\folders\1000\10\instant-run_1e12c68b775bd8ac61e0e9b6e3e4896ad7cf6857 C:\Users\sandhu\Documents\sdma\assignment\Assignment8\SunCalculator\app\build\intermediates\incremental-runtime-classes\debug\instant-run.jar
java_class_path (initial): C:\Users\sandhu\AppData\Local\Android\sdk1\build-tools\24.0.0\lib\dx.jar
Launcher Type: SUN_STANDARD

Environment Variables:
JAVA_HOME=C:\Program Files\Java\jdk1.8.0_73
PATH=C:\ProgramData\Oracle\Java\javapath;C:\Program Files (x86)\Intel\iCLS Client\;C:\Program Files\Intel\iCLS Client\;C:\WINDOWS\system32;C:\WINDOWS;C:\WINDOWS\System32\Wbem;C:\WINDOWS\System32\WindowsPowerShell\v1.0\;C:\Program Files\Java\jdk1.8.0_60\bin;C:\wamp\bin\php\php5.5.12;C:\Users\sandhu\Documents\WAAD\curl-7.46.0-win64\bin;C:\Program Files (x86)\Skype\Phone\;C:\xampp\mysql\bin
USERNAME=sandhu
OS=Windows_NT
PROCESSOR_IDENTIFIER=Intel64 Family 6 Model 69 Stepping 1, GenuineIntel



---------------  S Y S T E M  ---------------

OS: Windows 10.0 , 64 bit Build 10586 (10.0.10586.589)

CPU:total 4 (2 cores per cpu, 2 threads per core) family 6 model 69 stepping 1, cmov, cx8, fxsr, mmx, sse, sse2, sse3, ssse3, sse4.1, sse4.2, popcnt, avx, avx2, aes, clmul, erms, lzcnt, ht, tsc, tscinvbit, bmi1, bmi2

Memory: 4k page, physical 4133144k(391356k free), swap 11879416k(3104k free)

vm_info: Java HotSpot(TM) 64-Bit Server VM (25.73-b02) for windows-amd64 JRE (1.8.0_73-b02), built on Jan 29 2016 17:38:49 by "java_re" with MS VC++ 10.0 (VS2010)

time: Wed Oct 19 22:12:56 2016
elapsed time: 1 seconds (0d 0h 0m 1s)

