#
# There is insufficient memory for the Java Runtime Environment to continue.
# Native memory allocation (malloc) failed to allocate 65552 bytes for Chunk::new
# Possible reasons:
#   The system is out of physical RAM or swap space
#   In 32 bit mode, the process size limit was hit
# Possible solutions:
#   Reduce memory load on the system
#   Increase physical memory or swap space
#   Check if swap backing store is full
#   Use 64 bit Java on a 64 bit OS
#   Decrease Java heap size (-Xmx/-Xms)
#   Decrease number of Java threads
#   Decrease Java thread stack sizes (-Xss)
#   Set larger code cache with -XX:ReservedCodeCacheSize=
# This output file may be truncated or incomplete.
#
#  Out of Memory Error (allocation.cpp:390), pid=7288, tid=5620
#
# JRE version: Java(TM) SE Runtime Environment (8.0_73-b02) (build 1.8.0_73-b02)
# Java VM: Java HotSpot(TM) 64-Bit Server VM (25.73-b02 mixed mode windows-amd64 compressed oops)
# Failed to write core dump. Minidumps are not enabled by default on client versions of Windows
#

---------------  T H R E A D  ---------------

Current thread (0x00000000150cd800):  JavaThread "C2 CompilerThread0" daemon [_thread_in_native, id=5620, stack(0x0000000016720000,0x0000000016820000)]

Stack: [0x0000000016720000,0x0000000016820000]
[error occurred during error reporting (printing stack bounds), id 0xc0000005]

Native frames: (J=compiled Java code, j=interpreted, Vv=VM code, C=native code)


Current CompileTask:
C2:   2631 1409   !   4       com.android.dx.cf.code.BytecodeArray::parseInstruction (2764 bytes)


---------------  P R O C E S S  ---------------

Java Threads: ( => current thread )
  0x0000000016c5c800 JavaThread "pool-2-thread-4" [_thread_in_Java, id=748, stack(0x0000000017420000,0x0000000017520000)]
  0x0000000016cc5800 JavaThread "pool-2-thread-3" [_thread_in_Java, id=7900, stack(0x0000000017320000,0x0000000017420000)]
  0x0000000016cc4800 JavaThread "pool-2-thread-2" [_thread_in_Java, id=6536, stack(0x0000000017220000,0x0000000017320000)]
  0x0000000016cf6800 JavaThread "pool-3-thread-1" [_thread_blocked, id=7320, stack(0x0000000017120000,0x0000000017220000)]
  0x0000000016c90000 JavaThread "pool-2-thread-1" [_thread_in_Java, id=5396, stack(0x0000000017020000,0x0000000017120000)]
  0x0000000016a25800 JavaThread "Service Thread" daemon [_thread_blocked, id=3248, stack(0x0000000016e20000,0x0000000016f20000)]
  0x000000001512c800 JavaThread "C1 CompilerThread2" daemon [_thread_blocked, id=1320, stack(0x0000000016920000,0x0000000016a20000)]
  0x00000000150d1000 JavaThread "C2 CompilerThread1" daemon [_thread_in_native, id=6356, stack(0x0000000016820000,0x0000000016920000)]
=>0x00000000150cd800 JavaThread "C2 CompilerThread0" daemon [_thread_in_native, id=5620, stack(0x0000000016720000,0x0000000016820000)]
  0x00000000150cb800 JavaThread "Attach Listener" daemon [_thread_blocked, id=2960, stack(0x0000000016620000,0x0000000016720000)]
  0x00000000150ca000 JavaThread "Signal Dispatcher" daemon [_thread_blocked, id=3028, stack(0x0000000016520000,0x0000000016620000)]
  0x00000000029f0800 JavaThread "Finalizer" daemon [_thread_blocked, id=8644, stack(0x0000000016340000,0x0000000016440000)]
  0x00000000029ed000 JavaThread "Reference Handler" daemon [_thread_blocked, id=3044, stack(0x0000000016240000,0x0000000016340000)]
  0x0000000002900800 JavaThread "main" [_thread_in_Java, id=7796, stack(0x0000000002740000,0x0000000002840000)]

Other Threads:
  0x0000000015098000 VMThread [stack: 0x0000000016140000,0x0000000016240000] [id=5432]
  0x0000000016a3c000 WatcherThread [stack: 0x0000000016f20000,0x0000000017020000] [id=5036]

VM state:not at safepoint (normal execution)

VM Mutex/Monitor currently owned by a thread: None

Heap:
 PSYoungGen      total 18944K, used 18912K [0x00000000eab00000, 0x00000000ec000000, 0x0000000100000000)
  eden space 16384K, 100% used [0x00000000eab00000,0x00000000ebb00000,0x00000000ebb00000)
  from space 2560K, 98% used [0x00000000ebd80000,0x00000000ebff8028,0x00000000ec000000)
  to   space 2560K, 0% used [0x00000000ebb00000,0x00000000ebb00000,0x00000000ebd80000)
 ParOldGen       total 44032K, used 3607K [0x00000000c0000000, 0x00000000c2b00000, 0x00000000eab00000)
  object space 44032K, 8% used [0x00000000c0000000,0x00000000c0385e90,0x00000000c2b00000)
 Metaspace       used 5990K, capacity 7024K, committed 7296K, reserved 1056768K
  class space    used 588K, capacity 616K, committed 640K, reserved 1048576K

Card table byte_map: [0x0000000011dc0000,0x0000000011fd0000] byte_map_base: 0x00000000117c0000

Marking Bits: (ParMarkBitMap*) 0x00000000600e0600
 Begin Bits: [0x0000000012530000, 0x0000000013530000)
 End Bits:   [0x0000000013530000, 0x0000000014530000)

Polling page: 0x0000000000e20000

CodeCache: size=245760Kb used=5795Kb max_used=5808Kb free=239964Kb
 bounds [0x0000000002a00000, 0x0000000002fc0000, 0x0000000011a00000]
 total_blobs=1667 nmethods=1404 adapters=176
 compilation: enabled

Compilation events (10 events):
Event: 2.564 Thread 0x000000001512c800 1399   !   3       com.android.dx.cf.attrib.BaseLocalVariables::<init> (42 bytes)
Event: 2.564 Thread 0x000000001512c800 nmethod 1399 0x0000000002faa590 code [0x0000000002faa740, 0x0000000002faad08]
Event: 2.564 Thread 0x000000001512c800 1410       3       com.android.dx.ssa.NormalSsaInsn::isMoveException (20 bytes)
Event: 2.565 Thread 0x000000001512c800 nmethod 1410 0x0000000002faa050 code [0x0000000002faa1c0, 0x0000000002faa4b0]
Event: 2.565 Thread 0x000000001512c800 1408       1       com.android.dx.cf.attrib.AttConstantValue::byteLength (3 bytes)
Event: 2.565 Thread 0x000000001512c800 nmethod 1408 0x0000000002fa5fd0 code [0x0000000002fa6120, 0x0000000002fa6230]
Event: 2.565 Thread 0x000000001512c800 1412       3       com.android.dx.rop.cst.CstFloat::getType (4 bytes)
Event: 2.565 Thread 0x000000001512c800 nmethod 1412 0x0000000002fa9c90 code [0x0000000002fa9de0, 0x0000000002fa9f30]
Event: 2.581 Thread 0x00000000150cd800 nmethod 1404% 0x0000000002fb0510 code [0x0000000002fb06c0, 0x0000000002fb1098]
Event: 2.581 Thread 0x00000000150cd800 1409   !   4       com.android.dx.cf.code.BytecodeArray::parseInstruction (2764 bytes)

GC Heap History (4 events):
Event: 1.737 GC heap before
{Heap before GC invocations=1 (full 0):
 PSYoungGen      total 18944K, used 16384K [0x00000000eab00000, 0x00000000ec000000, 0x0000000100000000)
  eden space 16384K, 100% used [0x00000000eab00000,0x00000000ebb00000,0x00000000ebb00000)
  from space 2560K, 0% used [0x00000000ebd80000,0x00000000ebd80000,0x00000000ec000000)
  to   space 2560K, 0% used [0x00000000ebb00000,0x00000000ebb00000,0x00000000ebd80000)
 ParOldGen       total 44032K, used 0K [0x00000000c0000000, 0x00000000c2b00000, 0x00000000eab00000)
  object space 44032K, 0% used [0x00000000c0000000,0x00000000c0000000,0x00000000c2b00000)
 Metaspace       used 5624K, capacity 6704K, committed 6784K, reserved 1056768K
  class space    used 585K, capacity 616K, committed 640K, reserved 1048576K
Event: 1.747 GC heap after
Heap after GC invocations=1 (full 0):
 PSYoungGen      total 18944K, used 2554K [0x00000000eab00000, 0x00000000ec000000, 0x0000000100000000)
  eden space 16384K, 0% used [0x00000000eab00000,0x00000000eab00000,0x00000000ebb00000)
  from space 2560K, 99% used [0x00000000ebb00000,0x00000000ebd7eab8,0x00000000ebd80000)
  to   space 2560K, 0% used [0x00000000ebd80000,0x00000000ebd80000,0x00000000ec000000)
 ParOldGen       total 44032K, used 1498K [0x00000000c0000000, 0x00000000c2b00000, 0x00000000eab00000)
  object space 44032K, 3% used [0x00000000c0000000,0x00000000c0176ac0,0x00000000c2b00000)
 Metaspace       used 5624K, capacity 6704K, committed 6784K, reserved 1056768K
  class space    used 585K, capacity 616K, committed 640K, reserved 1048576K
}
Event: 2.123 GC heap before
{Heap before GC invocations=2 (full 0):
 PSYoungGen      total 18944K, used 18938K [0x00000000eab00000, 0x00000000ec000000, 0x0000000100000000)
  eden space 16384K, 100% used [0x00000000eab00000,0x00000000ebb00000,0x00000000ebb00000)
  from space 2560K, 99% used [0x00000000ebb00000,0x00000000ebd7eab8,0x00000000ebd80000)
  to   space 2560K, 0% used [0x00000000ebd80000,0x00000000ebd80000,0x00000000ec000000)
 ParOldGen       total 44032K, used 1498K [0x00000000c0000000, 0x00000000c2b00000, 0x00000000eab00000)
  object space 44032K, 3% used [0x00000000c0000000,0x00000000c0176ac0,0x00000000c2b00000)
 Metaspace       used 5872K, capacity 6960K, committed 7040K, reserved 1056768K
  class space    used 586K, capacity 616K, committed 640K, reserved 1048576K
Event: 2.138 GC heap after
Heap after GC invocations=2 (full 0):
 PSYoungGen      total 18944K, used 2528K [0x00000000eab00000, 0x00000000ec000000, 0x0000000100000000)
  eden space 16384K, 0% used [0x00000000eab00000,0x00000000eab00000,0x00000000ebb00000)
  from space 2560K, 98% used [0x00000000ebd80000,0x00000000ebff8028,0x00000000ec000000)
  to   space 2560K, 0% used [0x00000000ebb00000,0x00000000ebb00000,0x00000000ebd80000)
 ParOldGen       total 44032K, used 3607K [0x00000000c0000000, 0x00000000c2b00000, 0x00000000eab00000)
  object space 44032K, 8% used [0x00000000c0000000,0x00000000c0385e90,0x00000000c2b00000)
 Metaspace       used 5872K, capacity 6960K, committed 7040K, reserved 1056768K
  class space    used 586K, capacity 616K, committed 640K, reserved 1048576K
}

Deoptimization events (10 events):
Event: 2.151 Thread 0x0000000016cc5800 Uncommon trap: reason=class_check action=maybe_recompile pc=0x0000000002cfca60 method=com.android.dx.ssa.NormalSsaInsn.accept(Lcom/android/dx/ssa/SsaInsn$Visitor;)V @ 9
Event: 2.152 Thread 0x0000000016cc5800 Uncommon trap: reason=class_check action=maybe_recompile pc=0x0000000002cfca60 method=com.android.dx.ssa.NormalSsaInsn.accept(Lcom/android/dx/ssa/SsaInsn$Visitor;)V @ 9
Event: 2.152 Thread 0x0000000016cc5800 Uncommon trap: reason=class_check action=maybe_recompile pc=0x0000000002cfca60 method=com.android.dx.ssa.NormalSsaInsn.accept(Lcom/android/dx/ssa/SsaInsn$Visitor;)V @ 9
Event: 2.152 Thread 0x0000000016cc5800 Uncommon trap: reason=class_check action=maybe_recompile pc=0x0000000002c6def0 method=com.android.dx.ssa.NormalSsaInsn.accept(Lcom/android/dx/ssa/SsaInsn$Visitor;)V @ 9
Event: 2.259 Thread 0x0000000016cc4800 Uncommon trap: reason=null_check action=make_not_entrant pc=0x0000000002f0f2f8 method=com.android.dx.ssa.SsaRenamer.getLocalForNewReg(I)Lcom/android/dx/rop/code/LocalItem; @ 19
Event: 2.277 Thread 0x0000000002900800 Uncommon trap: reason=unloaded action=reinterpret pc=0x0000000002f16c84 method=com.android.dx.cf.cst.ConstantPoolParser.parse0(ILjava/util/BitSet;)Lcom/android/dx/rop/cst/Constant; @ 198
Event: 2.304 Thread 0x0000000016cc4800 Uncommon trap: reason=unstable_if action=reinterpret pc=0x0000000002db0d6c method=com.android.dx.rop.code.RegisterSpecSet.put(Lcom/android/dx/rop/code/RegisterSpec;)V @ 77
Event: 2.304 Thread 0x0000000016cc4800 Uncommon trap: reason=unstable_if action=reinterpret pc=0x0000000002df63e0 method=com.android.dx.rop.code.RegisterSpecSet.put(Lcom/android/dx/rop/code/RegisterSpec;)V @ 77
Event: 2.407 Thread 0x0000000016c90000 Uncommon trap: reason=unstable_if action=reinterpret pc=0x0000000002cf5344 method=com.android.dx.rop.code.RegisterSpec.equals(ILcom/android/dx/rop/type/TypeBearer;Lcom/android/dx/rop/code/LocalItem;)Z @ 42
Event: 2.410 Thread 0x0000000016c90000 Uncommon trap: reason=unstable_if action=reinterpret pc=0x0000000002e262c4 method=com.android.dx.ssa.SsaRenamer$BlockRenamer.addMapping(ILcom/android/dx/rop/code/RegisterSpec;)V @ 120

Internal exceptions (3 events):
Event: 0.760 Thread 0x0000000002900800 Exception <a 'java/lang/NoSuchMethodError': Method sun.misc.Unsafe.defineClass(Ljava/lang/String;[BII)Ljava/lang/Class; name or signature does not match> (0x00000000eab0d570) thrown at [D:\re\puppet\workspace\8-2-build-windows-amd64-cygwin\jdk8u73\6086\hotçz
ªTè?
Event: 0.760 Thread 0x0000000002900800 Exception <a 'java/lang/NoSuchMethodError': Method sun.misc.Unsafe.prefetchRead(Ljava/lang/Object;J)V name or signature does not match> (0x00000000eab0d858) thrown at [D:\re\puppet\workspace\8-2-build-windows-amd64-cygwin\jdk8u73\6086\hotspot\src\share\vm\‡¹M@
Event: 2.259 Thread 0x0000000016cc4800 Implicit null exception at 0x0000000002f0e5f3 to 0x0000000002f0f2c5

Events (10 events):
Event: 2.304 Thread 0x0000000016cc4800 DEOPT UNPACKING pc=0x0000000002a4582a sp=0x000000001731e888 mode 2
Event: 2.304 Thread 0x0000000016cc4800 Uncommon trap: trap_request=0xffffff65 fr.pc=0x0000000002df63e0
Event: 2.304 Thread 0x0000000016cc4800 DEOPT PACKING pc=0x0000000002df63e0 sp=0x000000001731e8f0
Event: 2.304 Thread 0x0000000016cc4800 DEOPT UNPACKING pc=0x0000000002a4582a sp=0x000000001731e810 mode 2
Event: 2.407 Thread 0x0000000016c90000 Uncommon trap: trap_request=0xffffff65 fr.pc=0x0000000002cf5344
Event: 2.407 Thread 0x0000000016c90000 DEOPT PACKING pc=0x0000000002cf5344 sp=0x000000001711e930
Event: 2.407 Thread 0x0000000016c90000 DEOPT UNPACKING pc=0x0000000002a4582a sp=0x000000001711e8b8 mode 2
Event: 2.410 Thread 0x0000000016c90000 Uncommon trap: trap_request=0xffffff65 fr.pc=0x0000000002e262c4
Event: 2.410 Thread 0x0000000016c90000 DEOPT PACKING pc=0x0000000002e262c4 sp=0x000000001711e700
Event: 2.410 Thread 0x0000000016c90000 DEOPT UNPACKING pc=0x0000000002a4582a sp=0x000000001711e690 mode 2


Dynamic libraries:
0x00007ff7fc950000 - 0x00007ff7fc987000 	C:\Program Files\Java\jdk1.8.0_73\bin\java.exe
0x00007ffbac100000 - 0x00007ffbac2c1000 	C:\WINDOWS\SYSTEM32\ntdll.dll
0x00007ffbabdd0000 - 0x00007ffbabe7d000 	C:\WINDOWS\system32\KERNEL32.DLL
0x00007ffba8c50000 - 0x00007ffba8e38000 	C:\WINDOWS\system32\KERNELBASE.dll
0x00007ffbabd20000 - 0x00007ffbabdc7000 	C:\WINDOWS\system32\ADVAPI32.dll
0x00007ffbaba60000 - 0x00007ffbabafd000 	C:\WINDOWS\system32\msvcrt.dll
0x00007ffba9670000 - 0x00007ffba96cb000 	C:\WINDOWS\system32\sechost.dll
0x00007ffbabfe0000 - 0x00007ffbac0fc000 	C:\WINDOWS\system32\RPCRT4.dll
0x00007ffbabe80000 - 0x00007ffbabfd6000 	C:\WINDOWS\system32\USER32.dll
0x00007ffbab760000 - 0x00007ffbab8e6000 	C:\WINDOWS\system32\GDI32.dll
0x00007ffb9b690000 - 0x00007ffb9b904000 	C:\WINDOWS\WinSxS\amd64_microsoft.windows.common-controls_6595b64144ccf1df_6.0.10586.589_none_a2ddb3caa539acce\COMCTL32.dll
0x00007ffbaaed0000 - 0x00007ffbab14d000 	C:\WINDOWS\system32\combase.dll
0x00007ffba9490000 - 0x00007ffba94fa000 	C:\WINDOWS\system32\bcryptPrimitives.dll
0x00007ffbaae90000 - 0x00007ffbaaecb000 	C:\WINDOWS\system32\IMM32.DLL
0x0000000060160000 - 0x0000000060232000 	C:\Program Files\Java\jdk1.8.0_73\jre\bin\msvcr100.dll
0x000000005f8d0000 - 0x0000000060160000 	C:\Program Files\Java\jdk1.8.0_73\jre\bin\server\jvm.dll
0x00007ffbaae80000 - 0x00007ffbaae88000 	C:\WINDOWS\system32\PSAPI.DLL
0x00007ffb9ae40000 - 0x00007ffb9ae49000 	C:\WINDOWS\SYSTEM32\WSOCK32.dll
0x00007ffbab6f0000 - 0x00007ffbab75b000 	C:\WINDOWS\system32\WS2_32.dll
0x00007ffba6970000 - 0x00007ffba6993000 	C:\WINDOWS\SYSTEM32\WINMM.dll
0x00007ffb9c1d0000 - 0x00007ffb9c1da000 	C:\WINDOWS\SYSTEM32\VERSION.dll
0x00007ffba6940000 - 0x00007ffba696c000 	C:\WINDOWS\SYSTEM32\WINMMBASE.dll
0x00007ffba88d0000 - 0x00007ffba8913000 	C:\WINDOWS\system32\cfgmgr32.dll
0x000000005f8c0000 - 0x000000005f8cf000 	C:\Program Files\Java\jdk1.8.0_73\jre\bin\verify.dll
0x000000005f890000 - 0x000000005f8b9000 	C:\Program Files\Java\jdk1.8.0_73\jre\bin\java.dll
0x000000005f870000 - 0x000000005f886000 	C:\Program Files\Java\jdk1.8.0_73\jre\bin\zip.dll
0x00007ffba96d0000 - 0x00007ffbaac2c000 	C:\WINDOWS\system32\SHELL32.dll
0x00007ffba8e40000 - 0x00007ffba9485000 	C:\WINDOWS\system32\windows.storage.dll
0x00007ffbabcb0000 - 0x00007ffbabd02000 	C:\WINDOWS\system32\shlwapi.dll
0x00007ffba8730000 - 0x00007ffba873f000 	C:\WINDOWS\system32\kernel.appcore.dll
0x00007ffba8810000 - 0x00007ffba88c5000 	C:\WINDOWS\system32\shcore.dll
0x00007ffba8740000 - 0x00007ffba878b000 	C:\WINDOWS\system32\powrprof.dll
0x00007ffba8790000 - 0x00007ffba87a4000 	C:\WINDOWS\system32\profapi.dll

VM Arguments:
jvm_args: -Djava.awt.headless=true -Xmx1024M -Dfile.encoding=windows-1252 -Duser.country=GB -Duser.language=en -Duser.variant 
java_command: com.android.dx.command.Main --dex --force-jumbo --num-threads=4 --multi-dex --output C:\Users\sandhu\Documents\sdma\assignment\Assignment8\SunCalculator\app\build\intermediates\transforms\dex\debug\folders\1000\10\com.android.support-support-media-compat-24.2.1_0c2fd43ea3faa15096a59029fd57986a09df97e7 C:\Users\sandhu\Documents\sdma\assignment\Assignment8\SunCalculator\app\build\intermediates\exploded-aar\com.android.support\support-media-compat\24.2.1\jars\classes.jar
java_class_path (initial): C:\Users\sandhu\AppData\Local\Android\sdk1\build-tools\24.0.0\lib\dx.jar
Launcher Type: SUN_STANDARD

Environment Variables:
JAVA_HOME=C:\Program Files\Java\jdk1.8.0_73
PATH=C:\ProgramData\Oracle\Java\javapath;C:\Program Files (x86)\Intel\iCLS Client\;C:\Program Files\Intel\iCLS Client\;C:\WINDOWS\system32;C:\WINDOWS;C:\WINDOWS\System32\Wbem;C:\WINDOWS\System32\WindowsPowerShell\v1.0\;C:\Program Files\Java\jdk1.8.0_60\bin;C:\wamp\bin\php\php5.5.12;C:\Users\sandhu\Documents\WAAD\curl-7.46.0-win64\bin;C:\Program Files (x86)\Skype\Phone\;C:\xampp\mysql\bin
USERNAME=sandhu
OS=Windows_NT
PROCESSOR_IDENTIFIER=Intel64 Family 6 Model 69 Stepping 1, GenuineIntel



---------------  S Y S T E M  ---------------

OS: Windows 10.0 , 64 bit Build 10586 (10.0.10586.589)

CPU:total 4 (2 cores per cpu, 2 threads per core) family 6 model 69 stepping 1, cmov, cx8, fxsr, mmx, sse, sse2, sse3, ssse3, sse4.1, sse4.2, popcnt, avx, avx2, aes, clmul, erms, lzcnt, ht, tsc, tscinvbit, bmi1, bmi2

Memory: 4k page, physical 4133144k(448608k free), swap 11879416k(3792k free)

vm_info: Java HotSpot(TM) 64-Bit Server VM (25.73-b02) for windows-amd64 JRE (1.8.0_73-b02), built on Jan 29 2016 17:38:49 by "java_re" with MS VC++ 10.0 (VS2010)

time: Wed Oct 19 22:11:08 2016
elapsed time: 2 seconds (0d 0h 0m 2s)

