#
# There is insufficient memory for the Java Runtime Environment to continue.
# Native memory allocation (malloc) failed to allocate 60496 bytes for Chunk::new
# Possible reasons:
#   The system is out of physical RAM or swap space
#   In 32 bit mode, the process size limit was hit
# Possible solutions:
#   Reduce memory load on the system
#   Increase physical memory or swap space
#   Check if swap backing store is full
#   Use 64 bit Java on a 64 bit OS
#   Decrease Java heap size (-Xmx/-Xms)
#   Decrease number of Java threads
#   Decrease Java thread stack sizes (-Xss)
#   Set larger code cache with -XX:ReservedCodeCacheSize=
# This output file may be truncated or incomplete.
#
#  Out of Memory Error (allocation.cpp:390), pid=2988, tid=6356
#
# JRE version: Java(TM) SE Runtime Environment (8.0_73-b02) (build 1.8.0_73-b02)
# Java VM: Java HotSpot(TM) 64-Bit Server VM (25.73-b02 mixed mode windows-amd64 compressed oops)
# Failed to write core dump. Minidumps are not enabled by default on client versions of Windows
#

---------------  T H R E A D  ---------------

Current thread (0x0000000015136800):  JavaThread "C2 CompilerThread1" daemon [_thread_in_native, id=6356, stack(0x0000000016820000,0x0000000016920000)]

Stack: [0x0000000016820000,0x0000000016920000]
[error occurred during error reporting (printing stack bounds), id 0xc0000005]

Native frames: (J=compiled Java code, j=interpreted, Vv=VM code, C=native code)


Current CompileTask:
C2:   1393  126       4       java.util.regex.Matcher::search (109 bytes)


---------------  P R O C E S S  ---------------

Java Threads: ( => current thread )
  0x000000001513d800 JavaThread "Service Thread" daemon [_thread_blocked, id=8780, stack(0x0000000016e20000,0x0000000016f20000)]
  0x0000000015139800 JavaThread "C1 CompilerThread2" daemon [_thread_blocked, id=4680, stack(0x0000000016920000,0x0000000016a20000)]
=>0x0000000015136800 JavaThread "C2 CompilerThread1" daemon [_thread_in_native, id=6356, stack(0x0000000016820000,0x0000000016920000)]
  0x00000000150dd800 JavaThread "C2 CompilerThread0" daemon [_thread_blocked, id=2768, stack(0x0000000016720000,0x0000000016820000)]
  0x00000000150db800 JavaThread "Attach Listener" daemon [_thread_blocked, id=7788, stack(0x0000000016620000,0x0000000016720000)]
  0x00000000150da000 JavaThread "Signal Dispatcher" daemon [_thread_blocked, id=7796, stack(0x0000000016520000,0x0000000016620000)]
  0x0000000002a01800 JavaThread "Finalizer" daemon [_thread_blocked, id=7100, stack(0x0000000016340000,0x0000000016440000)]
  0x00000000029fe800 JavaThread "Reference Handler" daemon [_thread_blocked, id=5124, stack(0x0000000016240000,0x0000000016340000)]
  0x0000000002910800 JavaThread "main" [_thread_in_vm, id=4408, stack(0x00000000025e0000,0x00000000026e0000)]

Other Threads:
  0x00000000150a7000 VMThread [stack: 0x0000000016140000,0x0000000016240000] [id=4268]
  0x0000000016a27800 WatcherThread [stack: 0x0000000016f20000,0x0000000017020000] [id=588]

VM state:not at safepoint (normal execution)

VM Mutex/Monitor currently owned by a thread: None

Heap:
 PSYoungGen      total 18944K, used 4615K [0x00000000eab00000, 0x00000000ec000000, 0x0000000100000000)
  eden space 16384K, 28% used [0x00000000eab00000,0x00000000eaf81ca8,0x00000000ebb00000)
  from space 2560K, 0% used [0x00000000ebd80000,0x00000000ebd80000,0x00000000ec000000)
  to   space 2560K, 0% used [0x00000000ebb00000,0x00000000ebb00000,0x00000000ebd80000)
 ParOldGen       total 44032K, used 0K [0x00000000c0000000, 0x00000000c2b00000, 0x00000000eab00000)
  object space 44032K, 0% used [0x00000000c0000000,0x00000000c0000000,0x00000000c2b00000)
 Metaspace       used 3401K, capacity 4720K, committed 4864K, reserved 1056768K
  class space    used 372K, capacity 424K, committed 512K, reserved 1048576K

Card table byte_map: [0x0000000011dd0000,0x0000000011fe0000] byte_map_base: 0x00000000117d0000

Marking Bits: (ParMarkBitMap*) 0x00000000600e0600
 Begin Bits: [0x0000000012540000, 0x0000000013540000)
 End Bits:   [0x0000000013540000, 0x0000000014540000)

Polling page: 0x0000000000e60000

CodeCache: size=245760Kb used=1331Kb max_used=1348Kb free=244428Kb
 bounds [0x0000000002a10000, 0x0000000002c80000, 0x0000000011a10000]
 total_blobs=369 nmethods=125 adapters=157
 compilation: enabled

Compilation events (10 events):
Event: 1.376 Thread 0x0000000015139800 nmethod 122 0x0000000002b593d0 code [0x0000000002b59520, 0x0000000002b59630]
Event: 1.378 Thread 0x0000000015139800  123       3       com.android.dx.cf.direct.ClassPathOpener::compareClassNames (42 bytes)
Event: 1.379 Thread 0x0000000015139800 nmethod 123 0x0000000002b606d0 code [0x0000000002b60920, 0x0000000002b61588]
Event: 1.379 Thread 0x0000000015136800 nmethod 121 0x0000000002b59010 code [0x0000000002b59160, 0x0000000002b59298]
Event: 1.379 Thread 0x00000000150dd800 nmethod 117% 0x0000000002b5e210 code [0x0000000002b5e380, 0x0000000002b5e898]
Event: 1.379 Thread 0x0000000015136800  124 %     4       java.lang.String::replace @ 55 (127 bytes)
Event: 1.380 Thread 0x00000000150dd800  125       4       java.util.regex.Pattern$BnM::optimize (179 bytes)
Event: 1.390 Thread 0x0000000015136800 nmethod 124% 0x0000000002b5da10 code [0x0000000002b5db60, 0x0000000002b5dff8]
Event: 1.390 Thread 0x0000000015136800  126       4       java.util.regex.Matcher::search (109 bytes)
Event: 1.391 Thread 0x00000000150dd800 nmethod 125 0x0000000002b5fc90 code [0x0000000002b5fe00, 0x0000000002b603b8]

GC Heap History (0 events):
No events

Deoptimization events (0 events):
No events

Internal exceptions (2 events):
Event: 0.174 Thread 0x0000000002910800 Exception <a 'java/lang/NoSuchMethodError': Method sun.misc.Unsafe.defineClass(Ljava/lang/String;[BII)Ljava/lang/Class; name or signature does not match> (0x00000000eab0d358) thrown at [D:\re\puppet\workspace\8-2-build-windows-amd64-cygwin\jdk8u73\6086\hot¯þ	^<Æ?
Event: 0.174 Thread 0x0000000002910800 Exception <a 'java/lang/NoSuchMethodError': Method sun.misc.Unsafe.prefetchRead(Ljava/lang/Object;J)V name or signature does not match> (0x00000000eab0d640) thrown at [D:\re\puppet\workspace\8-2-build-windows-amd64-cygwin\jdk8u73\6086\hotspot\src\share\vm\

Events (10 events):
Event: 1.382 Thread 0x0000000002910800 DEOPT PACKING pc=0x0000000002b306b2 sp=0x00000000026de890
Event: 1.382 Thread 0x0000000002910800 DEOPT UNPACKING pc=0x0000000002a5787f sp=0x00000000026de590 mode 0
Event: 1.382 Thread 0x0000000002910800 DEOPT PACKING pc=0x0000000002b306b2 sp=0x00000000026de890
Event: 1.382 Thread 0x0000000002910800 DEOPT UNPACKING pc=0x0000000002a5787f sp=0x00000000026de590 mode 0
Event: 1.383 loading class java/util/ArrayList$Itr
Event: 1.383 loading class java/util/ArrayList$Itr done
Event: 1.384 loading class com/android/dx/command/dexer/Main$DirectClassFileConsumer
Event: 1.384 loading class com/android/dx/command/dexer/Main$DirectClassFileConsumer done
Event: 1.385 loading class com/android/dx/command/dexer/Main$ClassParserTask
Event: 1.385 loading class com/android/dx/command/dexer/Main$ClassParserTask done


Dynamic libraries:
0x00007ff7fc950000 - 0x00007ff7fc987000 	C:\Program Files\Java\jdk1.8.0_73\bin\java.exe
0x00007ffbac100000 - 0x00007ffbac2c1000 	C:\WINDOWS\SYSTEM32\ntdll.dll
0x00007ffbabdd0000 - 0x00007ffbabe7d000 	C:\WINDOWS\system32\KERNEL32.DLL
0x00007ffba8c50000 - 0x00007ffba8e38000 	C:\WINDOWS\system32\KERNELBASE.dll
0x00007ffbabd20000 - 0x00007ffbabdc7000 	C:\WINDOWS\system32\ADVAPI32.dll
0x00007ffbaba60000 - 0x00007ffbabafd000 	C:\WINDOWS\system32\msvcrt.dll
0x00007ffba9670000 - 0x00007ffba96cb000 	C:\WINDOWS\system32\sechost.dll
0x00007ffbabfe0000 - 0x00007ffbac0fc000 	C:\WINDOWS\system32\RPCRT4.dll
0x00007ffbabe80000 - 0x00007ffbabfd6000 	C:\WINDOWS\system32\USER32.dll
0x00007ffbab760000 - 0x00007ffbab8e6000 	C:\WINDOWS\system32\GDI32.dll
0x00007ffb9b690000 - 0x00007ffb9b904000 	C:\WINDOWS\WinSxS\amd64_microsoft.windows.common-controls_6595b64144ccf1df_6.0.10586.589_none_a2ddb3caa539acce\COMCTL32.dll
0x00007ffbaaed0000 - 0x00007ffbab14d000 	C:\WINDOWS\system32\combase.dll
0x00007ffba9490000 - 0x00007ffba94fa000 	C:\WINDOWS\system32\bcryptPrimitives.dll
0x00007ffbaae90000 - 0x00007ffbaaecb000 	C:\WINDOWS\system32\IMM32.DLL
0x0000000060160000 - 0x0000000060232000 	C:\Program Files\Java\jdk1.8.0_73\jre\bin\msvcr100.dll
0x000000005f8d0000 - 0x0000000060160000 	C:\Program Files\Java\jdk1.8.0_73\jre\bin\server\jvm.dll
0x00007ffbaae80000 - 0x00007ffbaae88000 	C:\WINDOWS\system32\PSAPI.DLL
0x00007ffb9ae40000 - 0x00007ffb9ae49000 	C:\WINDOWS\SYSTEM32\WSOCK32.dll
0x00007ffbab6f0000 - 0x00007ffbab75b000 	C:\WINDOWS\system32\WS2_32.dll
0x00007ffba6970000 - 0x00007ffba6993000 	C:\WINDOWS\SYSTEM32\WINMM.dll
0x00007ffb9c1d0000 - 0x00007ffb9c1da000 	C:\WINDOWS\SYSTEM32\VERSION.dll
0x00007ffba6940000 - 0x00007ffba696c000 	C:\WINDOWS\SYSTEM32\WINMMBASE.dll
0x00007ffba88d0000 - 0x00007ffba8913000 	C:\WINDOWS\system32\cfgmgr32.dll
0x000000005f8c0000 - 0x000000005f8cf000 	C:\Program Files\Java\jdk1.8.0_73\jre\bin\verify.dll
0x000000005f890000 - 0x000000005f8b9000 	C:\Program Files\Java\jdk1.8.0_73\jre\bin\java.dll
0x000000005f870000 - 0x000000005f886000 	C:\Program Files\Java\jdk1.8.0_73\jre\bin\zip.dll
0x00007ffba96d0000 - 0x00007ffbaac2c000 	C:\WINDOWS\system32\SHELL32.dll
0x00007ffba8e40000 - 0x00007ffba9485000 	C:\WINDOWS\system32\windows.storage.dll
0x00007ffbabcb0000 - 0x00007ffbabd02000 	C:\WINDOWS\system32\shlwapi.dll
0x00007ffba8730000 - 0x00007ffba873f000 	C:\WINDOWS\system32\kernel.appcore.dll
0x00007ffba8810000 - 0x00007ffba88c5000 	C:\WINDOWS\system32\shcore.dll
0x00007ffba8740000 - 0x00007ffba878b000 	C:\WINDOWS\system32\powrprof.dll
0x00007ffba8790000 - 0x00007ffba87a4000 	C:\WINDOWS\system32\profapi.dll

VM Arguments:
jvm_args: -Djava.awt.headless=true -Xmx1024M -Dfile.encoding=windows-1252 -Duser.country=GB -Duser.language=en -Duser.variant 
java_command: com.android.dx.command.Main --dex --force-jumbo --num-threads=4 --multi-dex --output C:\Users\sandhu\Documents\sdma\assignment\Assignment8\SunCalculator\app\build\intermediates\transforms\dex\debug\folders\1000\10\com.android.support-recyclerview-v7-24.2.1_2ab3816f2b1719f147b4a1b7957a393390554f31 C:\Users\sandhu\Documents\sdma\assignment\Assignment8\SunCalculator\app\build\intermediates\exploded-aar\com.android.support\recyclerview-v7\24.2.1\jars\classes.jar
java_class_path (initial): C:\Users\sandhu\AppData\Local\Android\sdk1\build-tools\24.0.0\lib\dx.jar
Launcher Type: SUN_STANDARD

Environment Variables:
JAVA_HOME=C:\Program Files\Java\jdk1.8.0_73
PATH=C:\ProgramData\Oracle\Java\javapath;C:\Program Files (x86)\Intel\iCLS Client\;C:\Program Files\Intel\iCLS Client\;C:\WINDOWS\system32;C:\WINDOWS;C:\WINDOWS\System32\Wbem;C:\WINDOWS\System32\WindowsPowerShell\v1.0\;C:\Program Files\Java\jdk1.8.0_60\bin;C:\wamp\bin\php\php5.5.12;C:\Users\sandhu\Documents\WAAD\curl-7.46.0-win64\bin;C:\Program Files (x86)\Skype\Phone\;C:\xampp\mysql\bin
USERNAME=sandhu
OS=Windows_NT
PROCESSOR_IDENTIFIER=Intel64 Family 6 Model 69 Stepping 1, GenuineIntel



---------------  S Y S T E M  ---------------

OS: Windows 10.0 , 64 bit Build 10586 (10.0.10586.589)

CPU:total 4 (2 cores per cpu, 2 threads per core) family 6 model 69 stepping 1, cmov, cx8, fxsr, mmx, sse, sse2, sse3, ssse3, sse4.1, sse4.2, popcnt, avx, avx2, aes, clmul, erms, lzcnt, ht, tsc, tscinvbit, bmi1, bmi2

Memory: 4k page, physical 4133144k(564140k free), swap 11879416k(5248k free)

vm_info: Java HotSpot(TM) 64-Bit Server VM (25.73-b02) for windows-amd64 JRE (1.8.0_73-b02), built on Jan 29 2016 17:38:49 by "java_re" with MS VC++ 10.0 (VS2010)

time: Wed Oct 19 22:13:07 2016
elapsed time: 1 seconds (0d 0h 0m 1s)

