#
# There is insufficient memory for the Java Runtime Environment to continue.
# Native memory allocation (malloc) failed to allocate 1680096 bytes for Chunk::new
# Possible reasons:
#   The system is out of physical RAM or swap space
#   In 32 bit mode, the process size limit was hit
# Possible solutions:
#   Reduce memory load on the system
#   Increase physical memory or swap space
#   Check if swap backing store is full
#   Use 64 bit Java on a 64 bit OS
#   Decrease Java heap size (-Xmx/-Xms)
#   Decrease number of Java threads
#   Decrease Java thread stack sizes (-Xss)
#   Set larger code cache with -XX:ReservedCodeCacheSize=
# This output file may be truncated or incomplete.
#
#  Out of Memory Error (allocation.cpp:390), pid=3500, tid=3728
#
# JRE version: Java(TM) SE Runtime Environment (8.0_73-b02) (build 1.8.0_73-b02)
# Java VM: Java HotSpot(TM) 64-Bit Server VM (25.73-b02 mixed mode windows-amd64 compressed oops)
# Failed to write core dump. Minidumps are not enabled by default on client versions of Windows
#

---------------  T H R E A D  ---------------

Current thread (0x0000000014c4d000):  JavaThread "C2 CompilerThread0" daemon [_thread_in_native, id=3728, stack(0x0000000016280000,0x0000000016380000)]

Stack: [0x0000000016280000,0x0000000016380000]
[error occurred during error reporting (printing stack bounds), id 0xc0000005]

Native frames: (J=compiled Java code, j=interpreted, Vv=VM code, C=native code)


Current CompileTask:
C2:   2590 1394   !   4       com.android.dx.cf.code.BytecodeArray::parseInstruction (2764 bytes)


---------------  P R O C E S S  ---------------

Java Threads: ( => current thread )
  0x000000001674f000 JavaThread "pool-2-thread-4" [_thread_blocked, id=4872, stack(0x0000000016f80000,0x0000000017080000)]
  0x000000001674d000 JavaThread "pool-2-thread-3" [_thread_blocked, id=7640, stack(0x0000000016e80000,0x0000000016f80000)]
  0x00000000166c3000 JavaThread "pool-2-thread-2" [_thread_blocked, id=2824, stack(0x0000000016d80000,0x0000000016e80000)]
  0x000000001673c000 JavaThread "pool-3-thread-1" [_thread_blocked, id=556, stack(0x0000000016c80000,0x0000000016d80000)]
  0x0000000016738800 JavaThread "pool-2-thread-1" [_thread_in_Java, id=7396, stack(0x0000000016b80000,0x0000000016c80000)]
  0x000000001648e000 JavaThread "Service Thread" daemon [_thread_blocked, id=536, stack(0x0000000016980000,0x0000000016a80000)]
  0x0000000016488800 JavaThread "C1 CompilerThread2" daemon [_thread_in_vm, id=6352, stack(0x0000000016880000,0x0000000016980000)]
  0x0000000014c9e800 JavaThread "C2 CompilerThread1" daemon [_thread_in_native, id=1184, stack(0x0000000016380000,0x0000000016480000)]
=>0x0000000014c4d000 JavaThread "C2 CompilerThread0" daemon [_thread_in_native, id=3728, stack(0x0000000016280000,0x0000000016380000)]
  0x0000000014c4b800 JavaThread "Attach Listener" daemon [_thread_blocked, id=6872, stack(0x0000000016180000,0x0000000016280000)]
  0x0000000014c4a000 JavaThread "Signal Dispatcher" daemon [_thread_blocked, id=8788, stack(0x0000000016080000,0x0000000016180000)]
  0x0000000002570800 JavaThread "Finalizer" daemon [_thread_blocked, id=7492, stack(0x0000000015ea0000,0x0000000015fa0000)]
  0x000000000256d000 JavaThread "Reference Handler" daemon [_thread_blocked, id=5460, stack(0x0000000015da0000,0x0000000015ea0000)]
  0x0000000002480800 JavaThread "main" [_thread_blocked, id=4892, stack(0x0000000002380000,0x0000000002480000)]

Other Threads:
  0x0000000014c18000 VMThread [stack: 0x0000000015ca0000,0x0000000015da0000] [id=728]
  0x00000000164a3000 WatcherThread [stack: 0x0000000016a80000,0x0000000016b80000] [id=3768]

VM state:not at safepoint (normal execution)

VM Mutex/Monitor currently owned by a thread: None

Heap:
 PSYoungGen      total 68096K, used 11025K [0x00000000eab00000, 0x00000000ef000000, 0x0000000100000000)
  eden space 65536K, 12% used [0x00000000eab00000,0x00000000eb346ed8,0x00000000eeb00000)
  from space 2560K, 99% used [0x00000000eed80000,0x00000000eeffd628,0x00000000ef000000)
  to   space 2560K, 0% used [0x00000000eeb00000,0x00000000eeb00000,0x00000000eed80000)
 ParOldGen       total 44032K, used 13459K [0x00000000c0000000, 0x00000000c2b00000, 0x00000000eab00000)
  object space 44032K, 30% used [0x00000000c0000000,0x00000000c0d24f18,0x00000000c2b00000)
 Metaspace       used 6103K, capacity 7088K, committed 7296K, reserved 1058816K
  class space    used 590K, capacity 616K, committed 640K, reserved 1048576K

Card table byte_map: [0x0000000011940000,0x0000000011b50000] byte_map_base: 0x0000000011340000

Marking Bits: (ParMarkBitMap*) 0x00000000600e0600
 Begin Bits: [0x00000000120b0000, 0x00000000130b0000)
 End Bits:   [0x00000000130b0000, 0x00000000140b0000)

Polling page: 0x0000000000960000

CodeCache: size=245760Kb used=6144Kb max_used=6144Kb free=239615Kb
 bounds [0x0000000002580000, 0x0000000002b90000, 0x0000000011580000]
 total_blobs=1874 nmethods=1611 adapters=176
 compilation: enabled

Compilation events (10 events):
Event: 2.571 Thread 0x0000000016488800 nmethod 1650% 0x0000000002b78950 code [0x0000000002b78c60, 0x0000000002b7a648]
Event: 2.571 Thread 0x0000000016488800 1651       3       com.android.dx.ssa.back.SsaToRop::convertBasicBlocks (151 bytes)
Event: 2.574 Thread 0x0000000016488800 nmethod 1651 0x0000000002b7b410 code [0x0000000002b7b700, 0x0000000002b7cf98]
Event: 2.575 Thread 0x0000000016488800 1652       1       com.android.dx.dex.code.RopTranslator::access$100 (5 bytes)
Event: 2.575 Thread 0x0000000016488800 nmethod 1652 0x0000000002b7dd50 code [0x0000000002b7dea0, 0x0000000002b7df90]
Event: 2.578 Thread 0x0000000016488800 1653 %     3       com.android.dx.ssa.PhiTypeResolver::run @ 10 (179 bytes)
Event: 2.579 Thread 0x0000000016488800 nmethod 1653% 0x0000000002b7e010 code [0x0000000002b7e2a0, 0x0000000002b7f468]
Event: 2.583 Thread 0x0000000016488800 1654   !   2       com.android.dx.cf.cst.ConstantPoolParser::determineOffsets (285 bytes)
Event: 2.586 Thread 0x0000000016488800 nmethod 1654 0x0000000002b7fcd0 code [0x0000000002b7ffa0, 0x0000000002b80bd8]
Event: 2.587 Thread 0x0000000016488800 1655       2       com.android.dx.cf.cst.ConstantPoolParser::parse (365 bytes)

GC Heap History (8 events):
Event: 1.180 GC heap before
{Heap before GC invocations=1 (full 0):
 PSYoungGen      total 18944K, used 16384K [0x00000000eab00000, 0x00000000ec000000, 0x0000000100000000)
  eden space 16384K, 100% used [0x00000000eab00000,0x00000000ebb00000,0x00000000ebb00000)
  from space 2560K, 0% used [0x00000000ebd80000,0x00000000ebd80000,0x00000000ec000000)
  to   space 2560K, 0% used [0x00000000ebb00000,0x00000000ebb00000,0x00000000ebd80000)
 ParOldGen       total 44032K, used 0K [0x00000000c0000000, 0x00000000c2b00000, 0x00000000eab00000)
  object space 44032K, 0% used [0x00000000c0000000,0x00000000c0000000,0x00000000c2b00000)
 Metaspace       used 5531K, capacity 6640K, committed 6784K, reserved 1058816K
  class space    used 580K, capacity 616K, committed 640K, reserved 1048576K
Event: 1.214 GC heap after
Heap after GC invocations=1 (full 0):
 PSYoungGen      total 18944K, used 2537K [0x00000000eab00000, 0x00000000ed000000, 0x0000000100000000)
  eden space 16384K, 0% used [0x00000000eab00000,0x00000000eab00000,0x00000000ebb00000)
  from space 2560K, 99% used [0x00000000ebb00000,0x00000000ebd7a470,0x00000000ebd80000)
  to   space 2560K, 0% used [0x00000000ecd80000,0x00000000ecd80000,0x00000000ed000000)
 ParOldGen       total 44032K, used 1173K [0x00000000c0000000, 0x00000000c2b00000, 0x00000000eab00000)
  object space 44032K, 2% used [0x00000000c0000000,0x00000000c0125468,0x00000000c2b00000)
 Metaspace       used 5531K, capacity 6640K, committed 6784K, reserved 1058816K
  class space    used 580K, capacity 616K, committed 640K, reserved 1048576K
}
Event: 1.629 GC heap before
{Heap before GC invocations=2 (full 0):
 PSYoungGen      total 18944K, used 18921K [0x00000000eab00000, 0x00000000ed000000, 0x0000000100000000)
  eden space 16384K, 100% used [0x00000000eab00000,0x00000000ebb00000,0x00000000ebb00000)
  from space 2560K, 99% used [0x00000000ebb00000,0x00000000ebd7a470,0x00000000ebd80000)
  to   space 2560K, 0% used [0x00000000ecd80000,0x00000000ecd80000,0x00000000ed000000)
 ParOldGen       total 44032K, used 1173K [0x00000000c0000000, 0x00000000c2b00000, 0x00000000eab00000)
  object space 44032K, 2% used [0x00000000c0000000,0x00000000c0125468,0x00000000c2b00000)
 Metaspace       used 5824K, capacity 6896K, committed 7040K, reserved 1058816K
  class space    used 587K, capacity 616K, committed 640K, reserved 1048576K
Event: 1.637 GC heap after
Heap after GC invocations=2 (full 0):
 PSYoungGen      total 35328K, used 2554K [0x00000000eab00000, 0x00000000ed000000, 0x0000000100000000)
  eden space 32768K, 0% used [0x00000000eab00000,0x00000000eab00000,0x00000000ecb00000)
  from space 2560K, 99% used [0x00000000ecd80000,0x00000000ecffeaa8,0x00000000ed000000)
  to   space 2560K, 0% used [0x00000000ecb00000,0x00000000ecb00000,0x00000000ecd80000)
 ParOldGen       total 44032K, used 2940K [0x00000000c0000000, 0x00000000c2b00000, 0x00000000eab00000)
  object space 44032K, 6% used [0x00000000c0000000,0x00000000c02df360,0x00000000c2b00000)
 Metaspace       used 5824K, capacity 6896K, committed 7040K, reserved 1058816K
  class space    used 587K, capacity 616K, committed 640K, reserved 1048576K
}
Event: 2.177 GC heap before
{Heap before GC invocations=3 (full 0):
 PSYoungGen      total 35328K, used 35322K [0x00000000eab00000, 0x00000000ed000000, 0x0000000100000000)
  eden space 32768K, 100% used [0x00000000eab00000,0x00000000ecb00000,0x00000000ecb00000)
  from space 2560K, 99% used [0x00000000ecd80000,0x00000000ecffeaa8,0x00000000ed000000)
  to   space 2560K, 0% used [0x00000000ecb00000,0x00000000ecb00000,0x00000000ecd80000)
 ParOldGen       total 44032K, used 2940K [0x00000000c0000000, 0x00000000c2b00000, 0x00000000eab00000)
  object space 44032K, 6% used [0x00000000c0000000,0x00000000c02df360,0x00000000c2b00000)
 Metaspace       used 6049K, capacity 7088K, committed 7296K, reserved 1058816K
  class space    used 589K, capacity 616K, committed 640K, reserved 1048576K
Event: 2.198 GC heap after
Heap after GC invocations=3 (full 0):
 PSYoungGen      total 35328K, used 2547K [0x00000000eab00000, 0x00000000ef000000, 0x0000000100000000)
  eden space 32768K, 0% used [0x00000000eab00000,0x00000000eab00000,0x00000000ecb00000)
  from space 2560K, 99% used [0x00000000ecb00000,0x00000000ecd7cd98,0x00000000ecd80000)
  to   space 2560K, 0% used [0x00000000eed80000,0x00000000eed80000,0x00000000ef000000)
 ParOldGen       total 44032K, used 8450K [0x00000000c0000000, 0x00000000c2b00000, 0x00000000eab00000)
  object space 44032K, 19% used [0x00000000c0000000,0x00000000c0840930,0x00000000c2b00000)
 Metaspace       used 6049K, capacity 7088K, committed 7296K, reserved 1058816K
  class space    used 589K, capacity 616K, committed 640K, reserved 1048576K
}
Event: 2.515 GC heap before
{Heap before GC invocations=4 (full 0):
 PSYoungGen      total 35328K, used 35315K [0x00000000eab00000, 0x00000000ef000000, 0x0000000100000000)
  eden space 32768K, 100% used [0x00000000eab00000,0x00000000ecb00000,0x00000000ecb00000)
  from space 2560K, 99% used [0x00000000ecb00000,0x00000000ecd7cd98,0x00000000ecd80000)
  to   space 2560K, 0% used [0x00000000eed80000,0x00000000eed80000,0x00000000ef000000)
 ParOldGen       total 44032K, used 8450K [0x00000000c0000000, 0x00000000c2b00000, 0x00000000eab00000)
  object space 44032K, 19% used [0x00000000c0000000,0x00000000c0840930,0x00000000c2b00000)
 Metaspace       used 6096K, capacity 7088K, committed 7296K, reserved 1058816K
  class space    used 590K, capacity 616K, committed 640K, reserved 1048576K
Event: 2.545 GC heap after
Heap after GC invocations=4 (full 0):
 PSYoungGen      total 68096K, used 2549K [0x00000000eab00000, 0x00000000ef000000, 0x0000000100000000)
  eden space 65536K, 0% used [0x00000000eab00000,0x00000000eab00000,0x00000000eeb00000)
  from space 2560K, 99% used [0x00000000eed80000,0x00000000eeffd628,0x00000000ef000000)
  to   space 2560K, 0% used [0x00000000eeb00000,0x00000000eeb00000,0x00000000eed80000)
 ParOldGen       total 44032K, used 13459K [0x00000000c0000000, 0x00000000c2b00000, 0x00000000eab00000)
  object space 44032K, 30% used [0x00000000c0000000,0x00000000c0d24f18,0x00000000c2b00000)
 Metaspace       used 6096K, capacity 7088K, committed 7296K, reserved 1058816K
  class space    used 590K, capacity 616K, committed 640K, reserved 1048576K
}

Deoptimization events (10 events):
Event: 2.219 Thread 0x00000000166c3000 Uncommon trap: reason=class_check action=maybe_recompile pc=0x000000000291c894 method=java.util.HashMap.putVal(ILjava/lang/Object;Ljava/lang/Object;ZZ)Ljava/lang/Object; @ 203
Event: 2.219 Thread 0x00000000166c3000 Uncommon trap: reason=bimorphic action=maybe_recompile pc=0x00000000027a77e4 method=java.util.HashMap.getNode(ILjava/lang/Object;)Ljava/util/HashMap$Node; @ 126
Event: 2.220 Thread 0x00000000166c3000 Uncommon trap: reason=bimorphic action=maybe_recompile pc=0x00000000027a77e4 method=java.util.HashMap.getNode(ILjava/lang/Object;)Ljava/util/HashMap$Node; @ 126
Event: 2.235 Thread 0x00000000166c3000 Uncommon trap: reason=bimorphic action=maybe_recompile pc=0x0000000002a5edf4 method=java.util.HashMap.getNode(ILjava/lang/Object;)Ljava/util/HashMap$Node; @ 126
Event: 2.235 Thread 0x00000000166c3000 Uncommon trap: reason=class_check action=maybe_recompile pc=0x000000000291c894 method=java.util.HashMap.putVal(ILjava/lang/Object;Ljava/lang/Object;ZZ)Ljava/lang/Object; @ 203
Event: 2.235 Thread 0x00000000166c3000 Uncommon trap: reason=bimorphic action=maybe_recompile pc=0x0000000002a5edf4 method=java.util.HashMap.getNode(ILjava/lang/Object;)Ljava/util/HashMap$Node; @ 126
Event: 2.235 Thread 0x00000000166c3000 Uncommon trap: reason=class_check action=maybe_recompile pc=0x000000000291c894 method=java.util.HashMap.putVal(ILjava/lang/Object;Ljava/lang/Object;ZZ)Ljava/lang/Object; @ 203
Event: 2.235 Thread 0x00000000166c3000 Uncommon trap: reason=class_check action=maybe_recompile pc=0x000000000291c894 method=java.util.HashMap.putVal(ILjava/lang/Object;Ljava/lang/Object;ZZ)Ljava/lang/Object; @ 203
Event: 2.235 Thread 0x00000000166c3000 Uncommon trap: reason=bimorphic action=maybe_recompile pc=0x00000000027a77e4 method=java.util.HashMap.getNode(ILjava/lang/Object;)Ljava/util/HashMap$Node; @ 126
Event: 2.317 Thread 0x000000001674d000 Uncommon trap: reason=unstable_if action=reinterpret pc=0x0000000002a53a68 method=com.android.dx.ssa.SCCP.simulateStmt(Lcom/android/dx/ssa/SsaInsn;)V @ 53

Internal exceptions (4 events):
Event: 0.079 Thread 0x0000000002480800 Exception <a 'java/lang/NoSuchMethodError': Method sun.misc.Unsafe.defineClass(Ljava/lang/String;[BII)Ljava/lang/Class; name or signature does not match> (0x00000000eab0d538) thrown at [D:\re\puppet\workspace\8-2-build-windows-amd64-cygwin\jdk8u73\6086\hot≠ç+à}R¥?
Event: 0.079 Thread 0x0000000002480800 Exception <a 'java/lang/NoSuchMethodError': Method sun.misc.Unsafe.prefetchRead(Ljava/lang/Object;J)V name or signature does not match> (0x00000000eab0d820) thrown at [D:\re\puppet\workspace\8-2-build-windows-amd64-cygwin\jdk8u73\6086\hotspot\src\share\vm\ˇ
Íb˘Z˙?
Event: 1.647 Thread 0x00000000166c3000 Implicit null exception at 0x00000000029a9f62 to 0x00000000029aa05a
Event: 1.713 Thread 0x000000001674d000 Implicit null exception at 0x00000000028bc292 to 0x00000000028be511

Events (10 events):
Event: 2.317 Thread 0x000000001674d000 DEOPT PACKING pc=0x0000000002a53a68 sp=0x0000000016f7e710
Event: 2.317 Thread 0x000000001674d000 DEOPT UNPACKING pc=0x00000000025c582a sp=0x0000000016f7e6d8 mode 2
Event: 2.326 Thread 0x0000000016738800 DEOPT PACKING pc=0x00000000028f9bd0 sp=0x0000000016c7ebc0
Event: 2.326 Thread 0x0000000016738800 DEOPT UNPACKING pc=0x00000000025c787f sp=0x0000000016c7e958 mode 0
Event: 2.463 loading class com/android/dx/rop/code/RegisterSpec$1
Event: 2.463 loading class com/android/dx/rop/code/RegisterSpec$1 done
Event: 2.515 Executing VM operation: ParallelGCFailedAllocation
Event: 2.545 Executing VM operation: ParallelGCFailedAllocation done
Event: 2.574 Thread 0x0000000016738800 DEOPT PACKING pc=0x0000000002a7b633 sp=0x0000000016c7ec30
Event: 2.574 Thread 0x0000000016738800 DEOPT UNPACKING pc=0x00000000025c787f sp=0x0000000016c7e9e0 mode 0


Dynamic libraries:
0x00007ff7fc950000 - 0x00007ff7fc987000 	C:\Program Files\Java\jdk1.8.0_73\bin\java.exe
0x00007ffbac100000 - 0x00007ffbac2c1000 	C:\WINDOWS\SYSTEM32\ntdll.dll
0x00007ffbabdd0000 - 0x00007ffbabe7d000 	C:\WINDOWS\system32\KERNEL32.DLL
0x00007ffba8c50000 - 0x00007ffba8e38000 	C:\WINDOWS\system32\KERNELBASE.dll
0x00007ffbabd20000 - 0x00007ffbabdc7000 	C:\WINDOWS\system32\ADVAPI32.dll
0x00007ffbaba60000 - 0x00007ffbabafd000 	C:\WINDOWS\system32\msvcrt.dll
0x00007ffba9670000 - 0x00007ffba96cb000 	C:\WINDOWS\system32\sechost.dll
0x00007ffbabfe0000 - 0x00007ffbac0fc000 	C:\WINDOWS\system32\RPCRT4.dll
0x00007ffbabe80000 - 0x00007ffbabfd6000 	C:\WINDOWS\system32\USER32.dll
0x00007ffbab760000 - 0x00007ffbab8e6000 	C:\WINDOWS\system32\GDI32.dll
0x00007ffb9b690000 - 0x00007ffb9b904000 	C:\WINDOWS\WinSxS\amd64_microsoft.windows.common-controls_6595b64144ccf1df_6.0.10586.589_none_a2ddb3caa539acce\COMCTL32.dll
0x00007ffbaaed0000 - 0x00007ffbab14d000 	C:\WINDOWS\system32\combase.dll
0x00007ffba9490000 - 0x00007ffba94fa000 	C:\WINDOWS\system32\bcryptPrimitives.dll
0x00007ffbaae90000 - 0x00007ffbaaecb000 	C:\WINDOWS\system32\IMM32.DLL
0x0000000060160000 - 0x0000000060232000 	C:\Program Files\Java\jdk1.8.0_73\jre\bin\msvcr100.dll
0x000000005f8d0000 - 0x0000000060160000 	C:\Program Files\Java\jdk1.8.0_73\jre\bin\server\jvm.dll
0x00007ffbaae80000 - 0x00007ffbaae88000 	C:\WINDOWS\system32\PSAPI.DLL
0x00007ffb9ae40000 - 0x00007ffb9ae49000 	C:\WINDOWS\SYSTEM32\WSOCK32.dll
0x00007ffba6970000 - 0x00007ffba6993000 	C:\WINDOWS\SYSTEM32\WINMM.dll
0x00007ffbab6f0000 - 0x00007ffbab75b000 	C:\WINDOWS\system32\WS2_32.dll
0x00007ffb9c1d0000 - 0x00007ffb9c1da000 	C:\WINDOWS\SYSTEM32\VERSION.dll
0x00007ffba6940000 - 0x00007ffba696c000 	C:\WINDOWS\SYSTEM32\WINMMBASE.dll
0x00007ffba88d0000 - 0x00007ffba8913000 	C:\WINDOWS\system32\cfgmgr32.dll
0x000000005f8c0000 - 0x000000005f8cf000 	C:\Program Files\Java\jdk1.8.0_73\jre\bin\verify.dll
0x000000005f890000 - 0x000000005f8b9000 	C:\Program Files\Java\jdk1.8.0_73\jre\bin\java.dll
0x000000005f870000 - 0x000000005f886000 	C:\Program Files\Java\jdk1.8.0_73\jre\bin\zip.dll
0x00007ffba96d0000 - 0x00007ffbaac2c000 	C:\WINDOWS\system32\SHELL32.dll
0x00007ffba8e40000 - 0x00007ffba9485000 	C:\WINDOWS\system32\windows.storage.dll
0x00007ffbabcb0000 - 0x00007ffbabd02000 	C:\WINDOWS\system32\shlwapi.dll
0x00007ffba8730000 - 0x00007ffba873f000 	C:\WINDOWS\system32\kernel.appcore.dll
0x00007ffba8810000 - 0x00007ffba88c5000 	C:\WINDOWS\system32\shcore.dll
0x00007ffba8740000 - 0x00007ffba878b000 	C:\WINDOWS\system32\powrprof.dll
0x00007ffba8790000 - 0x00007ffba87a4000 	C:\WINDOWS\system32\profapi.dll

VM Arguments:
jvm_args: -Djava.awt.headless=true -Xmx1024M -Dfile.encoding=windows-1252 -Duser.country=GB -Duser.language=en -Duser.variant 
java_command: com.android.dx.command.Main --dex --force-jumbo --num-threads=4 --multi-dex --output C:\Users\sandhu\Documents\sdma\assignment\Assignment8\SunCalculator\app\build\intermediates\transforms\dex\debug\folders\1000\10\com.android.support-design-24.2.1_7db223d0fa115559805d98a420e9e89de2597aa9 C:\Users\sandhu\Documents\sdma\assignment\Assignment8\SunCalculator\app\build\intermediates\exploded-aar\com.android.support\design\24.2.1\jars\classes.jar
java_class_path (initial): C:\Users\sandhu\AppData\Local\Android\sdk1\build-tools\24.0.0\lib\dx.jar
Launcher Type: SUN_STANDARD

Environment Variables:
JAVA_HOME=C:\Program Files\Java\jdk1.8.0_73
PATH=C:\ProgramData\Oracle\Java\javapath;C:\Program Files (x86)\Intel\iCLS Client\;C:\Program Files\Intel\iCLS Client\;C:\WINDOWS\system32;C:\WINDOWS;C:\WINDOWS\System32\Wbem;C:\WINDOWS\System32\WindowsPowerShell\v1.0\;C:\Program Files\Java\jdk1.8.0_60\bin;C:\wamp\bin\php\php5.5.12;C:\Users\sandhu\Documents\WAAD\curl-7.46.0-win64\bin;C:\Program Files (x86)\Skype\Phone\;C:\xampp\mysql\bin
USERNAME=sandhu
OS=Windows_NT
PROCESSOR_IDENTIFIER=Intel64 Family 6 Model 69 Stepping 1, GenuineIntel



---------------  S Y S T E M  ---------------

OS: Windows 10.0 , 64 bit Build 10586 (10.0.10586.589)

CPU:total 4 (2 cores per cpu, 2 threads per core) family 6 model 69 stepping 1, cmov, cx8, fxsr, mmx, sse, sse2, sse3, ssse3, sse4.1, sse4.2, popcnt, avx, avx2, aes, clmul, erms, lzcnt, ht, tsc, tscinvbit, bmi1, bmi2

Memory: 4k page, physical 4133144k(442144k free), swap 11879416k(4288k free)

vm_info: Java HotSpot(TM) 64-Bit Server VM (25.73-b02) for windows-amd64 JRE (1.8.0_73-b02), built on Jan 29 2016 17:38:49 by "java_re" with MS VC++ 10.0 (VS2010)

time: Wed Oct 19 22:11:07 2016
elapsed time: 2 seconds (0d 0h 0m 2s)

