#
# There is insufficient memory for the Java Runtime Environment to continue.
# Native memory allocation (malloc) failed to allocate 960720 bytes for Chunk::new
# Possible reasons:
#   The system is out of physical RAM or swap space
#   In 32 bit mode, the process size limit was hit
# Possible solutions:
#   Reduce memory load on the system
#   Increase physical memory or swap space
#   Check if swap backing store is full
#   Use 64 bit Java on a 64 bit OS
#   Decrease Java heap size (-Xmx/-Xms)
#   Decrease number of Java threads
#   Decrease Java thread stack sizes (-Xss)
#   Set larger code cache with -XX:ReservedCodeCacheSize=
# This output file may be truncated or incomplete.
#
#  Out of Memory Error (allocation.cpp:390), pid=8868, tid=7092
#
# JRE version: Java(TM) SE Runtime Environment (8.0_73-b02) (build 1.8.0_73-b02)
# Java VM: Java HotSpot(TM) 64-Bit Server VM (25.73-b02 mixed mode windows-amd64 compressed oops)
# Failed to write core dump. Minidumps are not enabled by default on client versions of Windows
#

---------------  T H R E A D  ---------------

Current thread (0x00000000153b9000):  JavaThread "C2 CompilerThread1" daemon [_thread_in_native, id=7092, stack(0x0000000016aa0000,0x0000000016ba0000)]

Stack: [0x0000000016aa0000,0x0000000016ba0000]
[error occurred during error reporting (printing stack bounds), id 0xc0000005]

Native frames: (J=compiled Java code, j=interpreted, Vv=VM code, C=native code)


Current CompileTask:
C2:   2797 1134       4       com.android.dx.ssa.SCCP::simulateStmt (481 bytes)


---------------  P R O C E S S  ---------------

Java Threads: ( => current thread )
  0x0000000016f23800 JavaThread "pool-2-thread-4" [_thread_in_vm, id=7000, stack(0x00000000176a0000,0x00000000177a0000)]
  0x0000000016f0d000 JavaThread "pool-2-thread-3" [_thread_blocked, id=7384, stack(0x00000000175a0000,0x00000000176a0000)]
  0x0000000016f0c000 JavaThread "pool-2-thread-2" [_thread_in_Java, id=316, stack(0x00000000174a0000,0x00000000175a0000)]
  0x0000000016f00800 JavaThread "pool-3-thread-1" [_thread_blocked, id=8904, stack(0x00000000173a0000,0x00000000174a0000)]
  0x0000000016eff800 JavaThread "pool-2-thread-1" [_thread_blocked, id=6940, stack(0x00000000172a0000,0x00000000173a0000)]
  0x0000000016ca4800 JavaThread "Service Thread" daemon [_thread_blocked, id=2240, stack(0x00000000170a0000,0x00000000171a0000)]
  0x00000000153bc000 JavaThread "C1 CompilerThread2" daemon [_thread_in_vm, id=7640, stack(0x0000000016ba0000,0x0000000016ca0000)]
=>0x00000000153b9000 JavaThread "C2 CompilerThread1" daemon [_thread_in_native, id=7092, stack(0x0000000016aa0000,0x0000000016ba0000)]
  0x000000001535c800 JavaThread "C2 CompilerThread0" daemon [_thread_in_native, id=8408, stack(0x00000000169a0000,0x0000000016aa0000)]
  0x000000001535a800 JavaThread "Attach Listener" daemon [_thread_blocked, id=808, stack(0x00000000168a0000,0x00000000169a0000)]
  0x0000000015359000 JavaThread "Signal Dispatcher" daemon [_thread_blocked, id=3440, stack(0x00000000167a0000,0x00000000168a0000)]
  0x0000000002c80800 JavaThread "Finalizer" daemon [_thread_blocked, id=5376, stack(0x00000000165c0000,0x00000000166c0000)]
  0x0000000002c7d000 JavaThread "Reference Handler" daemon [_thread_blocked, id=2004, stack(0x00000000164c0000,0x00000000165c0000)]
  0x0000000002b90800 JavaThread "main" [_thread_blocked, id=1660, stack(0x0000000002990000,0x0000000002a90000)]

Other Threads:
  0x0000000015328000 VMThread [stack: 0x00000000163c0000,0x00000000164c0000] [id=7040]
  0x0000000016caa000 WatcherThread [stack: 0x00000000171a0000,0x00000000172a0000] [id=5564]

VM state:not at safepoint (normal execution)

VM Mutex/Monitor currently owned by a thread: None

Heap:
 PSYoungGen      total 18944K, used 2996K [0x00000000eab00000, 0x00000000ec000000, 0x0000000100000000)
  eden space 16384K, 2% used [0x00000000eab00000,0x00000000eab746e0,0x00000000ebb00000)
  from space 2560K, 98% used [0x00000000ebd80000,0x00000000ebff8b08,0x00000000ec000000)
  to   space 2560K, 0% used [0x00000000ebb00000,0x00000000ebb00000,0x00000000ebd80000)
 ParOldGen       total 44032K, used 3353K [0x00000000c0000000, 0x00000000c2b00000, 0x00000000eab00000)
  object space 44032K, 7% used [0x00000000c0000000,0x00000000c03467b0,0x00000000c2b00000)
 Metaspace       used 5914K, capacity 6960K, committed 7040K, reserved 1056768K
  class space    used 587K, capacity 616K, committed 640K, reserved 1048576K

Card table byte_map: [0x0000000012050000,0x0000000012260000] byte_map_base: 0x0000000011a50000

Marking Bits: (ParMarkBitMap*) 0x00000000600e0600
 Begin Bits: [0x00000000127c0000, 0x00000000137c0000)
 End Bits:   [0x00000000137c0000, 0x00000000147c0000)

Polling page: 0x0000000002870000

CodeCache: size=245760Kb used=5138Kb max_used=5138Kb free=240621Kb
 bounds [0x0000000002c90000, 0x00000000031a0000, 0x0000000011c90000]
 total_blobs=1526 nmethods=1261 adapters=176
 compilation: enabled

Compilation events (10 events):
Event: 2.757 Thread 0x00000000153bc000 nmethod 1263 0x00000000031856d0 code [0x0000000003185940, 0x0000000003186948]
Event: 2.757 Thread 0x00000000153bc000 1265       3       com.android.dx.dex.code.BlockAddresses::setupArrays (113 bytes)
Event: 2.759 Thread 0x00000000153bc000 nmethod 1265 0x0000000003187210 code [0x00000000031874c0, 0x0000000003188f18]
Event: 2.759 Thread 0x00000000153bc000 1270       3       com.android.dx.ssa.PhiTypeResolver::run (179 bytes)
Event: 2.760 Thread 0x00000000153bc000 nmethod 1270 0x0000000003189d50 code [0x0000000003189fe0, 0x000000000318b188]
Event: 2.760 Thread 0x00000000153bc000 1264       3       com.android.dx.rop.code.LocalVariableExtractor::doit (49 bytes)
Event: 2.761 Thread 0x00000000153bc000 nmethod 1264 0x000000000318b990 code [0x000000000318bb20, 0x000000000318bfd8]
Event: 2.761 Thread 0x00000000153bc000 1266       3       com.android.dx.dex.code.RopTranslator::outputInstructions (69 bytes)
Event: 2.761 Thread 0x00000000153bc000 nmethod 1266 0x000000000318c210 code [0x000000000318c3a0, 0x000000000318c7f8]
Event: 2.795 Thread 0x00000000153bc000 1271       3       java.util.HashMap::tableSizeFor (59 bytes)

GC Heap History (4 events):
Event: 2.266 GC heap before
{Heap before GC invocations=1 (full 0):
 PSYoungGen      total 18944K, used 16384K [0x00000000eab00000, 0x00000000ec000000, 0x0000000100000000)
  eden space 16384K, 100% used [0x00000000eab00000,0x00000000ebb00000,0x00000000ebb00000)
  from space 2560K, 0% used [0x00000000ebd80000,0x00000000ebd80000,0x00000000ec000000)
  to   space 2560K, 0% used [0x00000000ebb00000,0x00000000ebb00000,0x00000000ebd80000)
 ParOldGen       total 44032K, used 0K [0x00000000c0000000, 0x00000000c2b00000, 0x00000000eab00000)
  object space 44032K, 0% used [0x00000000c0000000,0x00000000c0000000,0x00000000c2b00000)
 Metaspace       used 5554K, capacity 6640K, committed 6784K, reserved 1056768K
  class space    used 580K, capacity 616K, committed 640K, reserved 1048576K
Event: 2.273 GC heap after
Heap after GC invocations=1 (full 0):
 PSYoungGen      total 18944K, used 2539K [0x00000000eab00000, 0x00000000ec000000, 0x0000000100000000)
  eden space 16384K, 0% used [0x00000000eab00000,0x00000000eab00000,0x00000000ebb00000)
  from space 2560K, 99% used [0x00000000ebb00000,0x00000000ebd7aea0,0x00000000ebd80000)
  to   space 2560K, 0% used [0x00000000ebd80000,0x00000000ebd80000,0x00000000ec000000)
 ParOldGen       total 44032K, used 1351K [0x00000000c0000000, 0x00000000c2b00000, 0x00000000eab00000)
  object space 44032K, 3% used [0x00000000c0000000,0x00000000c0151d08,0x00000000c2b00000)
 Metaspace       used 5554K, capacity 6640K, committed 6784K, reserved 1056768K
  class space    used 580K, capacity 616K, committed 640K, reserved 1048576K
}
Event: 2.763 GC heap before
{Heap before GC invocations=2 (full 0):
 PSYoungGen      total 18944K, used 18923K [0x00000000eab00000, 0x00000000ec000000, 0x0000000100000000)
  eden space 16384K, 100% used [0x00000000eab00000,0x00000000ebb00000,0x00000000ebb00000)
  from space 2560K, 99% used [0x00000000ebb00000,0x00000000ebd7aea0,0x00000000ebd80000)
  to   space 2560K, 0% used [0x00000000ebd80000,0x00000000ebd80000,0x00000000ec000000)
 ParOldGen       total 44032K, used 1351K [0x00000000c0000000, 0x00000000c2b00000, 0x00000000eab00000)
  object space 44032K, 3% used [0x00000000c0000000,0x00000000c0151d08,0x00000000c2b00000)
 Metaspace       used 5908K, capacity 6960K, committed 7040K, reserved 1056768K
  class space    used 587K, capacity 616K, committed 640K, reserved 1048576K
Event: 2.792 GC heap after
Heap after GC invocations=2 (full 0):
 PSYoungGen      total 18944K, used 2530K [0x00000000eab00000, 0x00000000ec000000, 0x0000000100000000)
  eden space 16384K, 0% used [0x00000000eab00000,0x00000000eab00000,0x00000000ebb00000)
  from space 2560K, 98% used [0x00000000ebd80000,0x00000000ebff8b08,0x00000000ec000000)
  to   space 2560K, 0% used [0x00000000ebb00000,0x00000000ebb00000,0x00000000ebd80000)
 ParOldGen       total 44032K, used 3353K [0x00000000c0000000, 0x00000000c2b00000, 0x00000000eab00000)
  object space 44032K, 7% used [0x00000000c0000000,0x00000000c03467b0,0x00000000c2b00000)
 Metaspace       used 5908K, capacity 6960K, committed 7040K, reserved 1056768K
  class space    used 587K, capacity 616K, committed 640K, reserved 1048576K
}

Deoptimization events (10 events):
Event: 2.387 Thread 0x0000000002b90800 Uncommon trap: reason=unstable_if action=reinterpret pc=0x0000000002ed6ef4 method=java.util.BitSet.ensureCapacity(I)V @ 6
Event: 2.550 Thread 0x0000000016f0d000 Uncommon trap: reason=class_check action=maybe_recompile pc=0x0000000002f46fe8 method=com.android.dx.rop.type.Type.equals(Ljava/lang/Object;)Z @ 8
Event: 2.551 Thread 0x0000000016f0d000 Uncommon trap: reason=unstable_if action=reinterpret pc=0x0000000002f4fa6c method=com.android.dx.rop.code.LocalItem.hashCode()I @ 25
Event: 2.560 Thread 0x0000000002b90800 Uncommon trap: reason=class_check action=maybe_recompile pc=0x0000000002f46fe8 method=com.android.dx.rop.type.Type.equals(Ljava/lang/Object;)Z @ 8
Event: 2.568 Thread 0x0000000016f0d000 Uncommon trap: reason=class_check action=maybe_recompile pc=0x0000000002f46fe8 method=com.android.dx.rop.type.Type.equals(Ljava/lang/Object;)Z @ 8
Event: 2.570 Thread 0x0000000016f0d000 Uncommon trap: reason=unstable_if action=reinterpret pc=0x0000000002f42ab0 method=com.android.dx.rop.code.RegisterSpec.equals(ILcom/android/dx/rop/type/TypeBearer;Lcom/android/dx/rop/code/LocalItem;)Z @ 16
Event: 2.611 Thread 0x0000000002b90800 Uncommon trap: reason=unstable_if action=reinterpret pc=0x0000000002f5c850 method=com.android.dx.rop.code.RegisterSpec.equals(ILcom/android/dx/rop/type/TypeBearer;Lcom/android/dx/rop/code/LocalItem;)Z @ 16
Event: 2.658 Thread 0x0000000016eff800 Uncommon trap: reason=bimorphic action=maybe_recompile pc=0x000000000304c31c method=java.util.HashMap.putVal(ILjava/lang/Object;Ljava/lang/Object;ZZ)Ljava/lang/Object; @ 91
Event: 2.687 Thread 0x0000000016eff800 Uncommon trap: reason=unstable_if action=reinterpret pc=0x0000000002edb524 method=com.android.dx.rop.code.RegisterSpec.equals(ILcom/android/dx/rop/type/TypeBearer;Lcom/android/dx/rop/code/LocalItem;)Z @ 16
Event: 2.687 Thread 0x0000000016eff800 Uncommon trap: reason=bimorphic action=maybe_recompile pc=0x0000000003028100 method=java.util.HashMap.putVal(ILjava/lang/Object;Ljava/lang/Object;ZZ)Ljava/lang/Object; @ 91

Internal exceptions (2 events):
Event: 0.697 Thread 0x0000000002b90800 Exception <a 'java/lang/NoSuchMethodError': Method sun.misc.Unsafe.defineClass(Ljava/lang/String;[BII)Ljava/lang/Class; name or signature does not match> (0x00000000eab0d6b8) thrown at [D:\re\puppet\workspace\8-2-build-windows-amd64-cygwin\jdk8u73\6086\hotOv“ÇOÊ?
Event: 0.697 Thread 0x0000000002b90800 Exception <a 'java/lang/NoSuchMethodError': Method sun.misc.Unsafe.prefetchRead(Ljava/lang/Object;J)V name or signature does not match> (0x00000000eab0d9a0) thrown at [D:\re\puppet\workspace\8-2-build-windows-amd64-cygwin\jdk8u73\6086\hotspot\src\share\vm\

Events (10 events):
Event: 2.658 Thread 0x0000000016eff800 DEOPT PACKING pc=0x000000000304c31c sp=0x000000001739ec10
Event: 2.658 Thread 0x0000000016eff800 DEOPT UNPACKING pc=0x0000000002cd582a sp=0x000000001739eb38 mode 2
Event: 2.687 Thread 0x0000000016eff800 Uncommon trap: trap_request=0xffffff65 fr.pc=0x0000000002edb524
Event: 2.687 Thread 0x0000000016eff800 DEOPT PACKING pc=0x0000000002edb524 sp=0x000000001739eaf0
Event: 2.687 Thread 0x0000000016eff800 DEOPT UNPACKING pc=0x0000000002cd582a sp=0x000000001739e8d8 mode 2
Event: 2.687 Thread 0x0000000016eff800 Uncommon trap: trap_request=0xffffffc6 fr.pc=0x0000000003028100
Event: 2.687 Thread 0x0000000016eff800 DEOPT PACKING pc=0x0000000003028100 sp=0x000000001739eb50
Event: 2.687 Thread 0x0000000016eff800 DEOPT UNPACKING pc=0x0000000002cd582a sp=0x000000001739ead8 mode 2
Event: 2.761 Executing VM operation: ParallelGCFailedAllocation
Event: 2.792 Executing VM operation: ParallelGCFailedAllocation done


Dynamic libraries:
0x00007ff7fc950000 - 0x00007ff7fc987000 	C:\Program Files\Java\jdk1.8.0_73\bin\java.exe
0x00007ffbac100000 - 0x00007ffbac2c1000 	C:\WINDOWS\SYSTEM32\ntdll.dll
0x00007ffbabdd0000 - 0x00007ffbabe7d000 	C:\WINDOWS\system32\KERNEL32.DLL
0x00007ffba8c50000 - 0x00007ffba8e38000 	C:\WINDOWS\system32\KERNELBASE.dll
0x00007ffbabd20000 - 0x00007ffbabdc7000 	C:\WINDOWS\system32\ADVAPI32.dll
0x00007ffbaba60000 - 0x00007ffbabafd000 	C:\WINDOWS\system32\msvcrt.dll
0x00007ffba9670000 - 0x00007ffba96cb000 	C:\WINDOWS\system32\sechost.dll
0x00007ffbabfe0000 - 0x00007ffbac0fc000 	C:\WINDOWS\system32\RPCRT4.dll
0x00007ffbabe80000 - 0x00007ffbabfd6000 	C:\WINDOWS\system32\USER32.dll
0x00007ffbab760000 - 0x00007ffbab8e6000 	C:\WINDOWS\system32\GDI32.dll
0x00007ffb9b690000 - 0x00007ffb9b904000 	C:\WINDOWS\WinSxS\amd64_microsoft.windows.common-controls_6595b64144ccf1df_6.0.10586.589_none_a2ddb3caa539acce\COMCTL32.dll
0x00007ffbaaed0000 - 0x00007ffbab14d000 	C:\WINDOWS\system32\combase.dll
0x00007ffba9490000 - 0x00007ffba94fa000 	C:\WINDOWS\system32\bcryptPrimitives.dll
0x00007ffbaae90000 - 0x00007ffbaaecb000 	C:\WINDOWS\system32\IMM32.DLL
0x0000000060160000 - 0x0000000060232000 	C:\Program Files\Java\jdk1.8.0_73\jre\bin\msvcr100.dll
0x000000005f8d0000 - 0x0000000060160000 	C:\Program Files\Java\jdk1.8.0_73\jre\bin\server\jvm.dll
0x00007ffbaae80000 - 0x00007ffbaae88000 	C:\WINDOWS\system32\PSAPI.DLL
0x00007ffb9ae40000 - 0x00007ffb9ae49000 	C:\WINDOWS\SYSTEM32\WSOCK32.dll
0x00007ffbab6f0000 - 0x00007ffbab75b000 	C:\WINDOWS\system32\WS2_32.dll
0x00007ffba6970000 - 0x00007ffba6993000 	C:\WINDOWS\SYSTEM32\WINMM.dll
0x00007ffb9c1d0000 - 0x00007ffb9c1da000 	C:\WINDOWS\SYSTEM32\VERSION.dll
0x00007ffba6940000 - 0x00007ffba696c000 	C:\WINDOWS\SYSTEM32\WINMMBASE.dll
0x00007ffba88d0000 - 0x00007ffba8913000 	C:\WINDOWS\system32\cfgmgr32.dll
0x000000005f8c0000 - 0x000000005f8cf000 	C:\Program Files\Java\jdk1.8.0_73\jre\bin\verify.dll
0x000000005f890000 - 0x000000005f8b9000 	C:\Program Files\Java\jdk1.8.0_73\jre\bin\java.dll
0x000000005f870000 - 0x000000005f886000 	C:\Program Files\Java\jdk1.8.0_73\jre\bin\zip.dll
0x00007ffba96d0000 - 0x00007ffbaac2c000 	C:\WINDOWS\system32\SHELL32.dll
0x00007ffba8e40000 - 0x00007ffba9485000 	C:\WINDOWS\system32\windows.storage.dll
0x00007ffbabcb0000 - 0x00007ffbabd02000 	C:\WINDOWS\system32\shlwapi.dll
0x00007ffba8730000 - 0x00007ffba873f000 	C:\WINDOWS\system32\kernel.appcore.dll
0x00007ffba8810000 - 0x00007ffba88c5000 	C:\WINDOWS\system32\shcore.dll
0x00007ffba8740000 - 0x00007ffba878b000 	C:\WINDOWS\system32\powrprof.dll
0x00007ffba8790000 - 0x00007ffba87a4000 	C:\WINDOWS\system32\profapi.dll

VM Arguments:
jvm_args: -Djava.awt.headless=true -Xmx1024M -Dfile.encoding=windows-1252 -Duser.country=GB -Duser.language=en -Duser.variant 
java_command: com.android.dx.command.Main --dex --force-jumbo --num-threads=4 --multi-dex --output C:\Users\sandhu\Documents\sdma\assignment\Assignment8\SunCalculator\app\build\intermediates\transforms\dex\debug\folders\1000\10\com.android.support-design-24.2.1_7db223d0fa115559805d98a420e9e89de2597aa9 C:\Users\sandhu\Documents\sdma\assignment\Assignment8\SunCalculator\app\build\intermediates\exploded-aar\com.android.support\design\24.2.1\jars\classes.jar
java_class_path (initial): C:\Users\sandhu\AppData\Local\Android\sdk1\build-tools\24.0.0\lib\dx.jar
Launcher Type: SUN_STANDARD

Environment Variables:
JAVA_HOME=C:\Program Files\Java\jdk1.8.0_73
PATH=C:\ProgramData\Oracle\Java\javapath;C:\Program Files (x86)\Intel\iCLS Client\;C:\Program Files\Intel\iCLS Client\;C:\WINDOWS\system32;C:\WINDOWS;C:\WINDOWS\System32\Wbem;C:\WINDOWS\System32\WindowsPowerShell\v1.0\;C:\Program Files\Java\jdk1.8.0_60\bin;C:\wamp\bin\php\php5.5.12;C:\Users\sandhu\Documents\WAAD\curl-7.46.0-win64\bin;C:\Program Files (x86)\Skype\Phone\;C:\xampp\mysql\bin
USERNAME=sandhu
OS=Windows_NT
PROCESSOR_IDENTIFIER=Intel64 Family 6 Model 69 Stepping 1, GenuineIntel



---------------  S Y S T E M  ---------------

OS: Windows 10.0 , 64 bit Build 10586 (10.0.10586.589)

CPU:total 4 (2 cores per cpu, 2 threads per core) family 6 model 69 stepping 1, cmov, cx8, fxsr, mmx, sse, sse2, sse3, ssse3, sse4.1, sse4.2, popcnt, avx, avx2, aes, clmul, erms, lzcnt, ht, tsc, tscinvbit, bmi1, bmi2

Memory: 4k page, physical 4133144k(532524k free), swap 11879416k(5700k free)

vm_info: Java HotSpot(TM) 64-Bit Server VM (25.73-b02) for windows-amd64 JRE (1.8.0_73-b02), built on Jan 29 2016 17:38:49 by "java_re" with MS VC++ 10.0 (VS2010)

time: Wed Oct 19 22:13:08 2016
elapsed time: 2 seconds (0d 0h 0m 2s)

