#
# There is insufficient memory for the Java Runtime Environment to continue.
# Native memory allocation (malloc) failed to allocate 32744 bytes for ChunkPool::allocate
# Possible reasons:
#   The system is out of physical RAM or swap space
#   In 32 bit mode, the process size limit was hit
# Possible solutions:
#   Reduce memory load on the system
#   Increase physical memory or swap space
#   Check if swap backing store is full
#   Use 64 bit Java on a 64 bit OS
#   Decrease Java heap size (-Xmx/-Xms)
#   Decrease number of Java threads
#   Decrease Java thread stack sizes (-Xss)
#   Set larger code cache with -XX:ReservedCodeCacheSize=
# This output file may be truncated or incomplete.
#
#  Out of Memory Error (allocation.cpp:273), pid=8144, tid=6328
#
# JRE version: Java(TM) SE Runtime Environment (8.0_73-b02) (build 1.8.0_73-b02)
# Java VM: Java HotSpot(TM) 64-Bit Server VM (25.73-b02 mixed mode windows-amd64 compressed oops)
# Failed to write core dump. Minidumps are not enabled by default on client versions of Windows
#

---------------  T H R E A D  ---------------

Current thread (0x000000001565d800):  JavaThread "C2 CompilerThread0" daemon [_thread_in_native, id=6328, stack(0x0000000016c90000,0x0000000016d90000)]

Stack: [0x0000000016c90000,0x0000000016d90000]
[error occurred during error reporting (printing stack bounds), id 0xc0000005]

Native frames: (J=compiled Java code, j=interpreted, Vv=VM code, C=native code)


Current CompileTask:
C2:   5953 1863   !   4       com.android.dx.cf.code.Ropper::processBlock (1101 bytes)


---------------  P R O C E S S  ---------------

Java Threads: ( => current thread )
  0x0000000017203000 JavaThread "pool-2-thread-4" [_thread_blocked, id=5040, stack(0x0000000017990000,0x0000000017a90000)]
  0x00000000171fb000 JavaThread "pool-2-thread-3" [_thread_in_Java, id=7576, stack(0x0000000017890000,0x0000000017990000)]
  0x00000000171f9800 JavaThread "pool-2-thread-2" [_thread_in_Java, id=3008, stack(0x0000000017790000,0x0000000017890000)]
  0x000000001723c800 JavaThread "pool-3-thread-1" [_thread_blocked, id=4452, stack(0x0000000017690000,0x0000000017790000)]
  0x00000000171eb000 JavaThread "pool-2-thread-1" [_thread_in_Java, id=9164, stack(0x0000000017590000,0x0000000017690000)]
  0x0000000016f95800 JavaThread "Service Thread" daemon [_thread_blocked, id=7656, stack(0x0000000017390000,0x0000000017490000)]
  0x00000000156bd000 JavaThread "C1 CompilerThread2" daemon [_thread_blocked, id=2548, stack(0x0000000016e90000,0x0000000016f90000)]
  0x00000000156b6800 JavaThread "C2 CompilerThread1" daemon [_thread_in_native, id=5916, stack(0x0000000016d90000,0x0000000016e90000)]
=>0x000000001565d800 JavaThread "C2 CompilerThread0" daemon [_thread_in_native, id=6328, stack(0x0000000016c90000,0x0000000016d90000)]
  0x000000001565b800 JavaThread "Attach Listener" daemon [_thread_blocked, id=8792, stack(0x0000000016b90000,0x0000000016c90000)]
  0x000000001565a000 JavaThread "Signal Dispatcher" daemon [_thread_blocked, id=9168, stack(0x0000000016a90000,0x0000000016b90000)]
  0x0000000002f80800 JavaThread "Finalizer" daemon [_thread_blocked, id=6672, stack(0x00000000168b0000,0x00000000169b0000)]
  0x0000000002f7d000 JavaThread "Reference Handler" daemon [_thread_blocked, id=7616, stack(0x00000000167b0000,0x00000000168b0000)]
  0x0000000002e90800 JavaThread "main" [_thread_in_vm, id=2288, stack(0x0000000002b60000,0x0000000002c60000)]

Other Threads:
  0x0000000015628000 VMThread [stack: 0x00000000166b0000,0x00000000167b0000] [id=8248]
  0x0000000016fb4000 WatcherThread [stack: 0x0000000017490000,0x0000000017590000] [id=396]

VM state:not at safepoint (normal execution)

VM Mutex/Monitor currently owned by a thread: None

Heap:
 PSYoungGen      total 140800K, used 35333K [0x00000000eab00000, 0x00000000f4f00000, 0x0000000100000000)
  eden space 125952K, 16% used [0x00000000eab00000,0x00000000ebf07330,0x00000000f2600000)
  from space 14848K, 99% used [0x00000000f3880000,0x00000000f46fa350,0x00000000f4700000)
  to   space 18944K, 0% used [0x00000000f2600000,0x00000000f2600000,0x00000000f3880000)
 ParOldGen       total 44032K, used 23201K [0x00000000c0000000, 0x00000000c2b00000, 0x00000000eab00000)
  object space 44032K, 52% used [0x00000000c0000000,0x00000000c16a87a8,0x00000000c2b00000)
 Metaspace       used 6368K, capacity 7152K, committed 7296K, reserved 1058816K
  class space    used 595K, capacity 616K, committed 640K, reserved 1048576K

Card table byte_map: [0x0000000012350000,0x0000000012560000] byte_map_base: 0x0000000011d50000

Marking Bits: (ParMarkBitMap*) 0x00000000600e0600
 Begin Bits: [0x0000000012ac0000, 0x0000000013ac0000)
 End Bits:   [0x0000000013ac0000, 0x0000000014ac0000)

Polling page: 0x0000000002c60000

CodeCache: size=245760Kb used=7974Kb max_used=7974Kb free=237785Kb
 bounds [0x0000000002f90000, 0x0000000003770000, 0x0000000011f90000]
 total_blobs=2156 nmethods=1886 adapters=182
 compilation: enabled

Compilation events (10 events):
Event: 5.920 Thread 0x00000000156bd000 nmethod 1924 0x0000000003753a90 code [0x0000000003753c80, 0x00000000037542b8]
Event: 5.922 Thread 0x00000000156b6800 nmethod 1793 0x00000000037532d0 code [0x0000000003753440, 0x0000000003753728]
Event: 5.922 Thread 0x00000000156b6800 1922       4       java.util.ArrayList::clear (39 bytes)
Event: 5.924 Thread 0x00000000156b6800 nmethod 1922 0x0000000003753050 code [0x0000000003753180, 0x0000000003753258]
Event: 5.924 Thread 0x00000000156b6800 1925       4       com.android.dx.ssa.back.FirstFitLocalCombiningAllocator::findNextUnreservedRopReg (68 bytes)
Event: 5.932 Thread 0x00000000156b6800 nmethod 1925 0x0000000003758450 code [0x00000000037585a0, 0x00000000037589b8]
Event: 5.932 Thread 0x00000000156b6800 1860       4       com.android.dx.ssa.back.SsaToRop::convertBasicBlock (126 bytes)
Event: 5.939 Thread 0x00000000156bd000 1932       2       java.util.concurrent.ArrayBlockingQueue::enqueue (53 bytes)
Event: 5.940 Thread 0x00000000156bd000 nmethod 1932 0x0000000003752910 code [0x0000000003752aa0, 0x0000000003752de8]
Event: 5.940 Thread 0x00000000156bd000 1933       2       com.android.dx.cf.direct.DirectClassFile::parse0 (920 bytes)

GC Heap History (10 events):
Event: 3.779 GC heap before
{Heap before GC invocations=4 (full 0):
 PSYoungGen      total 18944K, used 18928K [0x00000000eab00000, 0x00000000ed000000, 0x0000000100000000)
  eden space 16384K, 100% used [0x00000000eab00000,0x00000000ebb00000,0x00000000ebb00000)
  from space 2560K, 99% used [0x00000000ebb00000,0x00000000ebd7c038,0x00000000ebd80000)
  to   space 2560K, 0% used [0x00000000ecd80000,0x00000000ecd80000,0x00000000ed000000)
 ParOldGen       total 44032K, used 4228K [0x00000000c0000000, 0x00000000c2b00000, 0x00000000eab00000)
  object space 44032K, 9% used [0x00000000c0000000,0x00000000c0421050,0x00000000c2b00000)
 Metaspace       used 6199K, capacity 7088K, committed 7296K, reserved 1058816K
  class space    used 594K, capacity 616K, committed 640K, reserved 1048576K
Event: 3.832 GC heap after
Heap after GC invocations=4 (full 0):
 PSYoungGen      total 35328K, used 2528K [0x00000000eab00000, 0x00000000ed000000, 0x0000000100000000)
  eden space 32768K, 0% used [0x00000000eab00000,0x00000000eab00000,0x00000000ecb00000)
  from space 2560K, 98% used [0x00000000ecd80000,0x00000000ecff8028,0x00000000ed000000)
  to   space 2560K, 0% used [0x00000000ecb00000,0x00000000ecb00000,0x00000000ecd80000)
 ParOldGen       total 44032K, used 6876K [0x00000000c0000000, 0x00000000c2b00000, 0x00000000eab00000)
  object space 44032K, 15% used [0x00000000c0000000,0x00000000c06b7168,0x00000000c2b00000)
 Metaspace       used 6199K, capacity 7088K, committed 7296K, reserved 1058816K
  class space    used 594K, capacity 616K, committed 640K, reserved 1048576K
}
Event: 4.139 GC heap before
{Heap before GC invocations=5 (full 0):
 PSYoungGen      total 35328K, used 35296K [0x00000000eab00000, 0x00000000ed000000, 0x0000000100000000)
  eden space 32768K, 100% used [0x00000000eab00000,0x00000000ecb00000,0x00000000ecb00000)
  from space 2560K, 98% used [0x00000000ecd80000,0x00000000ecff8028,0x00000000ed000000)
  to   space 2560K, 0% used [0x00000000ecb00000,0x00000000ecb00000,0x00000000ecd80000)
 ParOldGen       total 44032K, used 6876K [0x00000000c0000000, 0x00000000c2b00000, 0x00000000eab00000)
  object space 44032K, 15% used [0x00000000c0000000,0x00000000c06b7168,0x00000000c2b00000)
 Metaspace       used 6235K, capacity 7088K, committed 7296K, reserved 1058816K
  class space    used 594K, capacity 616K, committed 640K, reserved 1048576K
Event: 4.168 GC heap after
Heap after GC invocations=5 (full 0):
 PSYoungGen      total 35328K, used 2550K [0x00000000eab00000, 0x00000000efc00000, 0x0000000100000000)
  eden space 32768K, 0% used [0x00000000eab00000,0x00000000eab00000,0x00000000ecb00000)
  from space 2560K, 99% used [0x00000000ecb00000,0x00000000ecd7d8e8,0x00000000ecd80000)
  to   space 8704K, 0% used [0x00000000ef380000,0x00000000ef380000,0x00000000efc00000)
 ParOldGen       total 44032K, used 12042K [0x00000000c0000000, 0x00000000c2b00000, 0x00000000eab00000)
  object space 44032K, 27% used [0x00000000c0000000,0x00000000c0bc2898,0x00000000c2b00000)
 Metaspace       used 6235K, capacity 7088K, committed 7296K, reserved 1058816K
  class space    used 594K, capacity 616K, committed 640K, reserved 1048576K
}
Event: 4.668 GC heap before
{Heap before GC invocations=6 (full 0):
 PSYoungGen      total 35328K, used 35318K [0x00000000eab00000, 0x00000000efc00000, 0x0000000100000000)
  eden space 32768K, 100% used [0x00000000eab00000,0x00000000ecb00000,0x00000000ecb00000)
  from space 2560K, 99% used [0x00000000ecb00000,0x00000000ecd7d8e8,0x00000000ecd80000)
  to   space 8704K, 0% used [0x00000000ef380000,0x00000000ef380000,0x00000000efc00000)
 ParOldGen       total 44032K, used 12042K [0x00000000c0000000, 0x00000000c2b00000, 0x00000000eab00000)
  object space 44032K, 27% used [0x00000000c0000000,0x00000000c0bc2898,0x00000000c2b00000)
 Metaspace       used 6266K, capacity 7088K, committed 7296K, reserved 1058816K
  class space    used 595K, capacity 616K, committed 640K, reserved 1048576K
Event: 4.719 GC heap after
Heap after GC invocations=6 (full 0):
 PSYoungGen      total 73728K, used 7104K [0x00000000eab00000, 0x00000000efd00000, 0x0000000100000000)
  eden space 65024K, 0% used [0x00000000eab00000,0x00000000eab00000,0x00000000eea80000)
  from space 8704K, 81% used [0x00000000ef380000,0x00000000efa70028,0x00000000efc00000)
  to   space 9216K, 0% used [0x00000000eea80000,0x00000000eea80000,0x00000000ef380000)
 ParOldGen       total 44032K, used 12042K [0x00000000c0000000, 0x00000000c2b00000, 0x00000000eab00000)
  object space 44032K, 27% used [0x00000000c0000000,0x00000000c0bc2898,0x00000000c2b00000)
 Metaspace       used 6266K, capacity 7088K, committed 7296K, reserved 1058816K
  class space    used 595K, capacity 616K, committed 640K, reserved 1048576K
}
Event: 5.391 GC heap before
{Heap before GC invocations=7 (full 0):
 PSYoungGen      total 73728K, used 72128K [0x00000000eab00000, 0x00000000efd00000, 0x0000000100000000)
  eden space 65024K, 100% used [0x00000000eab00000,0x00000000eea80000,0x00000000eea80000)
  from space 8704K, 81% used [0x00000000ef380000,0x00000000efa70028,0x00000000efc00000)
  to   space 9216K, 0% used [0x00000000eea80000,0x00000000eea80000,0x00000000ef380000)
 ParOldGen       total 44032K, used 12042K [0x00000000c0000000, 0x00000000c2b00000, 0x00000000eab00000)
  object space 44032K, 27% used [0x00000000c0000000,0x00000000c0bc2898,0x00000000c2b00000)
 Metaspace       used 6332K, capacity 7152K, committed 7296K, reserved 1058816K
  class space    used 595K, capacity 616K, committed 640K, reserved 1048576K
Event: 5.438 GC heap after
Heap after GC invocations=7 (full 0):
 PSYoungGen      total 74240K, used 9193K [0x00000000eab00000, 0x00000000f4700000, 0x0000000100000000)
  eden space 65024K, 0% used [0x00000000eab00000,0x00000000eab00000,0x00000000eea80000)
  from space 9216K, 99% used [0x00000000eea80000,0x00000000ef37a4a0,0x00000000ef380000)
  to   space 14848K, 0% used [0x00000000f3880000,0x00000000f3880000,0x00000000f4700000)
 ParOldGen       total 44032K, used 19710K [0x00000000c0000000, 0x00000000c2b00000, 0x00000000eab00000)
  object space 44032K, 44% used [0x00000000c0000000,0x00000000c133f820,0x00000000c2b00000)
 Metaspace       used 6332K, capacity 7152K, committed 7296K, reserved 1058816K
  class space    used 595K, capacity 616K, committed 640K, reserved 1048576K
}
Event: 5.734 GC heap before
{Heap before GC invocations=8 (full 0):
 PSYoungGen      total 74240K, used 74217K [0x00000000eab00000, 0x00000000f4700000, 0x0000000100000000)
  eden space 65024K, 100% used [0x00000000eab00000,0x00000000eea80000,0x00000000eea80000)
  from space 9216K, 99% used [0x00000000eea80000,0x00000000ef37a4a0,0x00000000ef380000)
  to   space 14848K, 0% used [0x00000000f3880000,0x00000000f3880000,0x00000000f4700000)
 ParOldGen       total 44032K, used 19710K [0x00000000c0000000, 0x00000000c2b00000, 0x00000000eab00000)
  object space 44032K, 44% used [0x00000000c0000000,0x00000000c133f820,0x00000000c2b00000)
 Metaspace       used 6346K, capacity 7152K, committed 7296K, reserved 1058816K
  class space    used 595K, capacity 616K, committed 640K, reserved 1048576K
Event: 5.781 GC heap after
Heap after GC invocations=8 (full 0):
 PSYoungGen      total 140800K, used 14824K [0x00000000eab00000, 0x00000000f4f00000, 0x0000000100000000)
  eden space 125952K, 0% used [0x00000000eab00000,0x00000000eab00000,0x00000000f2600000)
  from space 14848K, 99% used [0x00000000f3880000,0x00000000f46fa350,0x00000000f4700000)
  to   space 18944K, 0% used [0x00000000f2600000,0x00000000f2600000,0x00000000f3880000)
 ParOldGen       total 44032K, used 23201K [0x00000000c0000000, 0x00000000c2b00000, 0x00000000eab00000)
  object space 44032K, 52% used [0x00000000c0000000,0x00000000c16a87a8,0x00000000c2b00000)
 Metaspace       used 6346K, capacity 7152K, committed 7296K, reserved 1058816K
  class space    used 595K, capacity 616K, committed 640K, reserved 1048576K
}

Deoptimization events (10 events):
Event: 5.082 Thread 0x00000000171f9800 Uncommon trap: reason=bimorphic action=maybe_recompile pc=0x0000000003241d60 method=java.util.HashMap.getNode(ILjava/lang/Object;)Ljava/util/HashMap$Node; @ 126
Event: 5.082 Thread 0x00000000171f9800 Uncommon trap: reason=class_check action=maybe_recompile pc=0x0000000003399410 method=java.util.HashMap.putVal(ILjava/lang/Object;Ljava/lang/Object;ZZ)Ljava/lang/Object; @ 203
Event: 5.082 Thread 0x00000000171f9800 Uncommon trap: reason=bimorphic action=maybe_recompile pc=0x0000000003241d60 method=java.util.HashMap.getNode(ILjava/lang/Object;)Ljava/util/HashMap$Node; @ 126
Event: 5.082 Thread 0x00000000171f9800 Uncommon trap: reason=class_check action=maybe_recompile pc=0x0000000003399410 method=java.util.HashMap.putVal(ILjava/lang/Object;Ljava/lang/Object;ZZ)Ljava/lang/Object; @ 203
Event: 5.083 Thread 0x00000000171f9800 Uncommon trap: reason=bimorphic action=maybe_recompile pc=0x00000000031fae70 method=java.util.HashMap.getNode(ILjava/lang/Object;)Ljava/util/HashMap$Node; @ 126
Event: 5.083 Thread 0x00000000171f9800 Uncommon trap: reason=bimorphic action=maybe_recompile pc=0x00000000031fae70 method=java.util.HashMap.getNode(ILjava/lang/Object;)Ljava/util/HashMap$Node; @ 126
Event: 5.093 Thread 0x0000000017203000 Uncommon trap: reason=bimorphic action=maybe_recompile pc=0x0000000003589078 method=com.android.dx.ssa.LiteralOpUpgrader.tryReplacingWithConstant(Lcom/android/dx/ssa/NormalSsaInsn;)Z @ 52
Event: 5.142 Thread 0x00000000171f9800 Uncommon trap: reason=bimorphic action=maybe_recompile pc=0x0000000003589078 method=com.android.dx.ssa.LiteralOpUpgrader.tryReplacingWithConstant(Lcom/android/dx/ssa/NormalSsaInsn;)Z @ 52
Event: 5.301 Thread 0x00000000171eb000 Uncommon trap: reason=bimorphic action=maybe_recompile pc=0x00000000036986bc method=com.android.dx.cf.code.OneLocalsArray.set(ILcom/android/dx/rop/type/TypeBearer;)V @ 85
Event: 5.565 Thread 0x0000000017203000 Uncommon trap: reason=class_check action=maybe_recompile pc=0x0000000003399410 method=java.util.HashMap.putVal(ILjava/lang/Object;Ljava/lang/Object;ZZ)Ljava/lang/Object; @ 203

Internal exceptions (4 events):
Event: 0.141 Thread 0x0000000002e90800 Exception <a 'java/lang/NoSuchMethodError': Method sun.misc.Unsafe.defineClass(Ljava/lang/String;[BII)Ljava/lang/Class; name or signature does not match> (0x00000000eab0d560) thrown at [D:\re\puppet\workspace\8-2-build-windows-amd64-cygwin\jdk8u73\6086\hot‘«¨:Â?
Event: 0.142 Thread 0x0000000002e90800 Exception <a 'java/lang/NoSuchMethodError': Method sun.misc.Unsafe.prefetchRead(Ljava/lang/Object;J)V name or signature does not match> (0x00000000eab0d848) thrown at [D:\re\puppet\workspace\8-2-build-windows-amd64-cygwin\jdk8u73\6086\hotspot\src\share\vm\O%¥LÊ©@
Event: 2.208 Thread 0x00000000171f9800 Implicit null exception at 0x00000000032d4d58 to 0x00000000032d6f3d
Event: 3.680 Thread 0x00000000171eb000 Implicit null exception at 0x0000000003319762 to 0x000000000331985a

Events (10 events):
Event: 5.301 Thread 0x00000000171eb000 DEOPT UNPACKING pc=0x0000000002fd582a sp=0x000000001768db28 mode 2
Event: 5.373 Executing VM operation: ParallelGCFailedAllocation
Event: 5.438 Executing VM operation: ParallelGCFailedAllocation done
Event: 5.565 Thread 0x0000000017203000 Uncommon trap: trap_request=0xffffffde fr.pc=0x0000000003399410
Event: 5.565 Thread 0x0000000017203000 DEOPT PACKING pc=0x0000000003399410 sp=0x0000000017a8ec40
Event: 5.565 Thread 0x0000000017203000 DEOPT UNPACKING pc=0x0000000002fd582a sp=0x0000000017a8ebc8 mode 2
Event: 5.677 Thread 0x0000000017203000 DEOPT PACKING pc=0x00000000035f0256 sp=0x0000000017a8ec70
Event: 5.677 Thread 0x0000000017203000 DEOPT UNPACKING pc=0x0000000002fd787f sp=0x0000000017a8ea30 mode 0
Event: 5.726 Executing VM operation: ParallelGCFailedAllocation
Event: 5.781 Executing VM operation: ParallelGCFailedAllocation done


Dynamic libraries:
0x00007ff7fc950000 - 0x00007ff7fc987000 	C:\Program Files\Java\jdk1.8.0_73\bin\java.exe
0x00007ffbac100000 - 0x00007ffbac2c1000 	C:\WINDOWS\SYSTEM32\ntdll.dll
0x00007ffbabdd0000 - 0x00007ffbabe7d000 	C:\WINDOWS\system32\KERNEL32.DLL
0x00007ffba8c50000 - 0x00007ffba8e38000 	C:\WINDOWS\system32\KERNELBASE.dll
0x00007ffbabd20000 - 0x00007ffbabdc7000 	C:\WINDOWS\system32\ADVAPI32.dll
0x00007ffbaba60000 - 0x00007ffbabafd000 	C:\WINDOWS\system32\msvcrt.dll
0x00007ffba9670000 - 0x00007ffba96cb000 	C:\WINDOWS\system32\sechost.dll
0x00007ffbabfe0000 - 0x00007ffbac0fc000 	C:\WINDOWS\system32\RPCRT4.dll
0x00007ffbabe80000 - 0x00007ffbabfd6000 	C:\WINDOWS\system32\USER32.dll
0x00007ffbab760000 - 0x00007ffbab8e6000 	C:\WINDOWS\system32\GDI32.dll
0x00007ffb9b690000 - 0x00007ffb9b904000 	C:\WINDOWS\WinSxS\amd64_microsoft.windows.common-controls_6595b64144ccf1df_6.0.10586.589_none_a2ddb3caa539acce\COMCTL32.dll
0x00007ffbaaed0000 - 0x00007ffbab14d000 	C:\WINDOWS\system32\combase.dll
0x00007ffba9490000 - 0x00007ffba94fa000 	C:\WINDOWS\system32\bcryptPrimitives.dll
0x00007ffbaae90000 - 0x00007ffbaaecb000 	C:\WINDOWS\system32\IMM32.DLL
0x0000000060160000 - 0x0000000060232000 	C:\Program Files\Java\jdk1.8.0_73\jre\bin\msvcr100.dll
0x000000005f8d0000 - 0x0000000060160000 	C:\Program Files\Java\jdk1.8.0_73\jre\bin\server\jvm.dll
0x00007ffbaae80000 - 0x00007ffbaae88000 	C:\WINDOWS\system32\PSAPI.DLL
0x00007ffb9ae40000 - 0x00007ffb9ae49000 	C:\WINDOWS\SYSTEM32\WSOCK32.dll
0x00007ffbab6f0000 - 0x00007ffbab75b000 	C:\WINDOWS\system32\WS2_32.dll
0x00007ffba6970000 - 0x00007ffba6993000 	C:\WINDOWS\SYSTEM32\WINMM.dll
0x00007ffb9c1d0000 - 0x00007ffb9c1da000 	C:\WINDOWS\SYSTEM32\VERSION.dll
0x00007ffba6940000 - 0x00007ffba696c000 	C:\WINDOWS\SYSTEM32\WINMMBASE.dll
0x00007ffba88d0000 - 0x00007ffba8913000 	C:\WINDOWS\system32\cfgmgr32.dll
0x000000005f8c0000 - 0x000000005f8cf000 	C:\Program Files\Java\jdk1.8.0_73\jre\bin\verify.dll
0x000000005f890000 - 0x000000005f8b9000 	C:\Program Files\Java\jdk1.8.0_73\jre\bin\java.dll
0x000000005f870000 - 0x000000005f886000 	C:\Program Files\Java\jdk1.8.0_73\jre\bin\zip.dll
0x00007ffba96d0000 - 0x00007ffbaac2c000 	C:\WINDOWS\system32\SHELL32.dll
0x00007ffba8e40000 - 0x00007ffba9485000 	C:\WINDOWS\system32\windows.storage.dll
0x00007ffbabcb0000 - 0x00007ffbabd02000 	C:\WINDOWS\system32\shlwapi.dll
0x00007ffba8730000 - 0x00007ffba873f000 	C:\WINDOWS\system32\kernel.appcore.dll
0x00007ffba8810000 - 0x00007ffba88c5000 	C:\WINDOWS\system32\shcore.dll
0x00007ffba8740000 - 0x00007ffba878b000 	C:\WINDOWS\system32\powrprof.dll
0x00007ffba8790000 - 0x00007ffba87a4000 	C:\WINDOWS\system32\profapi.dll

VM Arguments:
jvm_args: -Djava.awt.headless=true -Xmx1024M -Dfile.encoding=windows-1252 -Duser.country=GB -Duser.language=en -Duser.variant 
java_command: com.android.dx.command.Main --dex --force-jumbo --num-threads=4 --multi-dex --output C:\Users\sandhu\Documents\sdma\assignment\Assignment8\SunCalculator\app\build\intermediates\transforms\dex\debug\folders\1000\10\com.google.android.gms-play-services-3.1.36_232fcf5ed2e59d4f6e36e8771f419341a745cf31 C:\Users\sandhu\Documents\sdma\assignment\Assignment8\SunCalculator\app\build\intermediates\exploded-aar\com.google.android.gms\play-services\3.1.36\jars\classes.jar
java_class_path (initial): C:\Users\sandhu\AppData\Local\Android\sdk1\build-tools\24.0.0\lib\dx.jar
Launcher Type: SUN_STANDARD

Environment Variables:
JAVA_HOME=C:\Program Files\Java\jdk1.8.0_73
PATH=C:\ProgramData\Oracle\Java\javapath;C:\Program Files (x86)\Intel\iCLS Client\;C:\Program Files\Intel\iCLS Client\;C:\WINDOWS\system32;C:\WINDOWS;C:\WINDOWS\System32\Wbem;C:\WINDOWS\System32\WindowsPowerShell\v1.0\;C:\Program Files\Java\jdk1.8.0_60\bin;C:\wamp\bin\php\php5.5.12;C:\Users\sandhu\Documents\WAAD\curl-7.46.0-win64\bin;C:\Program Files (x86)\Skype\Phone\;C:\xampp\mysql\bin
USERNAME=sandhu
OS=Windows_NT
PROCESSOR_IDENTIFIER=Intel64 Family 6 Model 69 Stepping 1, GenuineIntel



---------------  S Y S T E M  ---------------

OS: Windows 10.0 , 64 bit Build 10586 (10.0.10586.589)

CPU:total 4 (2 cores per cpu, 2 threads per core) family 6 model 69 stepping 1, cmov, cx8, fxsr, mmx, sse, sse2, sse3, ssse3, sse4.1, sse4.2, popcnt, avx, avx2, aes, clmul, erms, lzcnt, ht, tsc, tscinvbit, bmi1, bmi2

Memory: 4k page, physical 4133144k(488772k free), swap 11879416k(5156k free)

vm_info: Java HotSpot(TM) 64-Bit Server VM (25.73-b02) for windows-amd64 JRE (1.8.0_73-b02), built on Jan 29 2016 17:38:49 by "java_re" with MS VC++ 10.0 (VS2010)

time: Wed Oct 19 22:13:02 2016
elapsed time: 5 seconds (0d 0h 0m 5s)

