#
# There is insufficient memory for the Java Runtime Environment to continue.
# Native memory allocation (malloc) failed to allocate 32744 bytes for ChunkPool::allocate
# Possible reasons:
#   The system is out of physical RAM or swap space
#   In 32 bit mode, the process size limit was hit
# Possible solutions:
#   Reduce memory load on the system
#   Increase physical memory or swap space
#   Check if swap backing store is full
#   Use 64 bit Java on a 64 bit OS
#   Decrease Java heap size (-Xmx/-Xms)
#   Decrease number of Java threads
#   Decrease Java thread stack sizes (-Xss)
#   Set larger code cache with -XX:ReservedCodeCacheSize=
# This output file may be truncated or incomplete.
#
#  Out of Memory Error (allocation.cpp:273), pid=8, tid=3132
#
# JRE version: Java(TM) SE Runtime Environment (8.0_73-b02) (build 1.8.0_73-b02)
# Java VM: Java HotSpot(TM) 64-Bit Server VM (25.73-b02 mixed mode windows-amd64 compressed oops)
# Failed to write core dump. Minidumps are not enabled by default on client versions of Windows
#

---------------  T H R E A D  ---------------

Current thread (0x0000000014a2c800):  JavaThread "C2 CompilerThread1" daemon [_thread_in_native, id=3132, stack(0x0000000016070000,0x0000000016170000)]

Stack: [0x0000000016070000,0x0000000016170000]
[error occurred during error reporting (printing stack bounds), id 0xc0000005]

Native frames: (J=compiled Java code, j=interpreted, Vv=VM code, C=native code)


Current CompileTask:
C2:    549  203       4       java.lang.String::lastIndexOf (52 bytes)


---------------  P R O C E S S  ---------------

Java Threads: ( => current thread )
  0x0000000016461000 JavaThread "pool-2-thread-4" [_thread_new, id=8716, stack(0x0000000000000000,0x0000000000000000)]
  0x00000000163f0800 JavaThread "pool-2-thread-3" [_thread_new, id=6428, stack(0x0000000000000000,0x0000000000000000)]
  0x00000000163ef800 JavaThread "pool-2-thread-2" [_thread_new, id=4308, stack(0x0000000000000000,0x0000000000000000)]
  0x00000000163e2000 JavaThread "pool-3-thread-1" [_thread_new, id=4732, stack(0x0000000000000000,0x0000000000000000)]
  0x0000000016398000 JavaThread "pool-2-thread-1" [_thread_new, id=2024, stack(0x0000000000000000,0x0000000000000000)]
  0x0000000016275800 JavaThread "Service Thread" daemon [_thread_blocked, id=2456, stack(0x0000000016670000,0x0000000016770000)]
  0x0000000014a6c800 JavaThread "C1 CompilerThread2" daemon [_thread_in_native, id=8576, stack(0x0000000016170000,0x0000000016270000)]
=>0x0000000014a2c800 JavaThread "C2 CompilerThread1" daemon [_thread_in_native, id=3132, stack(0x0000000016070000,0x0000000016170000)]
  0x0000000014a0d000 JavaThread "C2 CompilerThread0" daemon [_thread_blocked, id=6248, stack(0x0000000015f70000,0x0000000016070000)]
  0x0000000014a0b800 JavaThread "Attach Listener" daemon [_thread_blocked, id=9072, stack(0x0000000015e70000,0x0000000015f70000)]
  0x0000000014a0a000 JavaThread "Signal Dispatcher" daemon [_thread_blocked, id=6592, stack(0x0000000015d70000,0x0000000015e70000)]
  0x0000000002330800 JavaThread "Finalizer" daemon [_thread_blocked, id=3872, stack(0x0000000015c70000,0x0000000015d70000)]
  0x000000000232d000 JavaThread "Reference Handler" daemon [_thread_blocked, id=6176, stack(0x0000000015b70000,0x0000000015c70000)]
  0x0000000002240800 JavaThread "main" [_thread_in_vm, id=8280, stack(0x0000000001f40000,0x0000000002040000)]

Other Threads:
  0x00000000149d8000 VMThread [stack: 0x0000000015a70000,0x0000000015b70000] [id=6184]
  0x0000000016294800 WatcherThread [stack: 0x0000000016770000,0x0000000016870000] [id=6124]

VM state:not at safepoint (normal execution)

VM Mutex/Monitor currently owned by a thread: None

Heap:
 PSYoungGen      total 18944K, used 3937K [0x00000000eab00000, 0x00000000ec000000, 0x0000000100000000)
  eden space 16384K, 24% used [0x00000000eab00000,0x00000000eaed8528,0x00000000ebb00000)
  from space 2560K, 0% used [0x00000000ebd80000,0x00000000ebd80000,0x00000000ec000000)
  to   space 2560K, 0% used [0x00000000ebb00000,0x00000000ebb00000,0x00000000ebd80000)
 ParOldGen       total 44032K, used 0K [0x00000000c0000000, 0x00000000c2b00000, 0x00000000eab00000)
  object space 44032K, 0% used [0x00000000c0000000,0x00000000c0000000,0x00000000c2b00000)
 Metaspace       used 3776K, capacity 5104K, committed 5376K, reserved 1056768K
  class space    used 426K, capacity 488K, committed 512K, reserved 1048576K

Card table byte_map: [0x0000000011700000,0x0000000011910000] byte_map_base: 0x0000000011100000

Marking Bits: (ParMarkBitMap*) 0x00000000600e0600
 Begin Bits: [0x0000000011e70000, 0x0000000012e70000)
 End Bits:   [0x0000000012e70000, 0x0000000013e70000)

Polling page: 0x0000000000720000

CodeCache: size=245760Kb used=1555Kb max_used=1560Kb free=244204Kb
 bounds [0x0000000002340000, 0x00000000025b0000, 0x0000000011340000]
 total_blobs=447 nmethods=197 adapters=163
 compilation: enabled

Compilation events (10 events):
Event: 0.541 Thread 0x0000000014a6c800 nmethod 192 0x00000000024b5a10 code [0x00000000024b5b80, 0x00000000024b5d08]
Event: 0.541 Thread 0x0000000014a6c800  193       3       com.android.dx.cf.iface.StdFieldList::set (7 bytes)
Event: 0.541 Thread 0x0000000014a2c800 nmethod 201 0x00000000024a8e50 code [0x00000000024a8f80, 0x00000000024a9018]
Event: 0.541 Thread 0x0000000014a6c800 nmethod 193 0x00000000024b7ad0 code [0x00000000024b7ca0, 0x00000000024b8488]
Event: 0.541 Thread 0x0000000014a6c800  194       3       com.android.dx.cf.direct.StdAttributeFactory::constantValue (94 bytes)
Event: 0.544 Thread 0x0000000014a6c800 nmethod 194 0x00000000024b8a50 code [0x00000000024b8ea0, 0x00000000024bb5e8]
Event: 0.544 Thread 0x0000000014a6c800  200       3       com.android.dx.cf.iface.StdAttributeList::set (7 bytes)
Event: 0.545 Thread 0x0000000014a6c800 nmethod 200 0x00000000024b6b50 code [0x00000000024b6d20, 0x00000000024b7508]
Event: 0.545 Thread 0x0000000014a6c800  197   !   3       com.android.dx.cf.direct.AttributeFactory::parse (248 bytes)
Event: 0.548 Thread 0x0000000014a2c800  203       4       java.lang.String::lastIndexOf (52 bytes)

GC Heap History (0 events):
No events

Deoptimization events (0 events):
No events

Internal exceptions (2 events):
Event: 0.160 Thread 0x0000000002240800 Exception <a 'java/lang/NoSuchMethodError': Method sun.misc.Unsafe.defineClass(Ljava/lang/String;[BII)Ljava/lang/Class; name or signature does not match> (0x00000000eab0d4a0) thrown at [D:\re\puppet\workspace\8-2-build-windows-amd64-cygwin\jdk8u73\6086\hot:‰ÍÚiyÄ?
Event: 0.160 Thread 0x0000000002240800 Exception <a 'java/lang/NoSuchMethodError': Method sun.misc.Unsafe.prefetchRead(Ljava/lang/Object;J)V name or signature does not match> (0x00000000eab0d788) thrown at [D:\re\puppet\workspace\8-2-build-windows-amd64-cygwin\jdk8u73\6086\hotspot\src\share\vm\

Events (10 events):
Event: 0.514 loading class com/android/dx/cf/attrib/AttInnerClasses
Event: 0.514 loading class com/android/dx/cf/attrib/AttInnerClasses done
Event: 0.515 Thread 0x00000000163f0800 Thread added: 0x00000000163f0800
Event: 0.517 Thread 0x0000000016461000 Thread added: 0x0000000016461000
Event: 0.546 loading class com/android/dx/dex/cf/CfTranslator
Event: 0.546 loading class com/android/dx/dex/cf/CfTranslator done
Event: 0.547 loading class com/android/dx/dex/code/DalvCode$AssignIndicesCallback
Event: 0.547 loading class com/android/dx/dex/code/DalvCode$AssignIndicesCallback done
Event: 0.547 loading class com/android/dx/rop/cst/CstBoolean
Event: 0.547 loading class com/android/dx/rop/cst/CstBoolean done


Dynamic libraries:
0x00007ff7fc950000 - 0x00007ff7fc987000 	C:\Program Files\Java\jdk1.8.0_73\bin\java.exe
0x00007ffbac100000 - 0x00007ffbac2c1000 	C:\WINDOWS\SYSTEM32\ntdll.dll
0x00007ffbabdd0000 - 0x00007ffbabe7d000 	C:\WINDOWS\system32\KERNEL32.DLL
0x00007ffba8c50000 - 0x00007ffba8e38000 	C:\WINDOWS\system32\KERNELBASE.dll
0x00007ffbabd20000 - 0x00007ffbabdc7000 	C:\WINDOWS\system32\ADVAPI32.dll
0x00007ffbaba60000 - 0x00007ffbabafd000 	C:\WINDOWS\system32\msvcrt.dll
0x00007ffba9670000 - 0x00007ffba96cb000 	C:\WINDOWS\system32\sechost.dll
0x00007ffbabfe0000 - 0x00007ffbac0fc000 	C:\WINDOWS\system32\RPCRT4.dll
0x00007ffbabe80000 - 0x00007ffbabfd6000 	C:\WINDOWS\system32\USER32.dll
0x00007ffbab760000 - 0x00007ffbab8e6000 	C:\WINDOWS\system32\GDI32.dll
0x00007ffb9b690000 - 0x00007ffb9b904000 	C:\WINDOWS\WinSxS\amd64_microsoft.windows.common-controls_6595b64144ccf1df_6.0.10586.589_none_a2ddb3caa539acce\COMCTL32.dll
0x00007ffbaaed0000 - 0x00007ffbab14d000 	C:\WINDOWS\system32\combase.dll
0x00007ffba9490000 - 0x00007ffba94fa000 	C:\WINDOWS\system32\bcryptPrimitives.dll
0x00007ffbaae90000 - 0x00007ffbaaecb000 	C:\WINDOWS\system32\IMM32.DLL
0x0000000060160000 - 0x0000000060232000 	C:\Program Files\Java\jdk1.8.0_73\jre\bin\msvcr100.dll
0x000000005f8d0000 - 0x0000000060160000 	C:\Program Files\Java\jdk1.8.0_73\jre\bin\server\jvm.dll
0x00007ffbaae80000 - 0x00007ffbaae88000 	C:\WINDOWS\system32\PSAPI.DLL
0x00007ffb9ae40000 - 0x00007ffb9ae49000 	C:\WINDOWS\SYSTEM32\WSOCK32.dll
0x00007ffbab6f0000 - 0x00007ffbab75b000 	C:\WINDOWS\system32\WS2_32.dll
0x00007ffba6970000 - 0x00007ffba6993000 	C:\WINDOWS\SYSTEM32\WINMM.dll
0x00007ffb9c1d0000 - 0x00007ffb9c1da000 	C:\WINDOWS\SYSTEM32\VERSION.dll
0x00007ffba6940000 - 0x00007ffba696c000 	C:\WINDOWS\SYSTEM32\WINMMBASE.dll
0x00007ffba88d0000 - 0x00007ffba8913000 	C:\WINDOWS\system32\cfgmgr32.dll
0x000000005f8c0000 - 0x000000005f8cf000 	C:\Program Files\Java\jdk1.8.0_73\jre\bin\verify.dll
0x000000005f890000 - 0x000000005f8b9000 	C:\Program Files\Java\jdk1.8.0_73\jre\bin\java.dll
0x000000005f870000 - 0x000000005f886000 	C:\Program Files\Java\jdk1.8.0_73\jre\bin\zip.dll
0x00007ffba96d0000 - 0x00007ffbaac2c000 	C:\WINDOWS\system32\SHELL32.dll
0x00007ffba8e40000 - 0x00007ffba9485000 	C:\WINDOWS\system32\windows.storage.dll
0x00007ffbabcb0000 - 0x00007ffbabd02000 	C:\WINDOWS\system32\shlwapi.dll
0x00007ffba8730000 - 0x00007ffba873f000 	C:\WINDOWS\system32\kernel.appcore.dll
0x00007ffba8810000 - 0x00007ffba88c5000 	C:\WINDOWS\system32\shcore.dll
0x00007ffba8740000 - 0x00007ffba878b000 	C:\WINDOWS\system32\powrprof.dll
0x00007ffba8790000 - 0x00007ffba87a4000 	C:\WINDOWS\system32\profapi.dll

VM Arguments:
jvm_args: -Djava.awt.headless=true -Xmx1024M -Dfile.encoding=windows-1252 -Duser.country=GB -Duser.language=en -Duser.variant 
java_command: com.android.dx.command.Main --dex --force-jumbo --num-threads=4 --multi-dex --output C:\Users\sandhu\Documents\sdma\assignment\Assignment8\SunCalculator\app\build\intermediates\transforms\dex\debug\folders\1000\5\slice_8 C:\Users\sandhu\Documents\sdma\assignment\Assignment8\SunCalculator\app\build\intermediates\transforms\instantRunSlicer\debug\folders\1\5\slice_8
java_class_path (initial): C:\Users\sandhu\AppData\Local\Android\sdk1\build-tools\24.0.0\lib\dx.jar
Launcher Type: SUN_STANDARD

Environment Variables:
JAVA_HOME=C:\Program Files\Java\jdk1.8.0_73
PATH=C:\ProgramData\Oracle\Java\javapath;C:\Program Files (x86)\Intel\iCLS Client\;C:\Program Files\Intel\iCLS Client\;C:\WINDOWS\system32;C:\WINDOWS;C:\WINDOWS\System32\Wbem;C:\WINDOWS\System32\WindowsPowerShell\v1.0\;C:\Program Files\Java\jdk1.8.0_60\bin;C:\wamp\bin\php\php5.5.12;C:\Users\sandhu\Documents\WAAD\curl-7.46.0-win64\bin;C:\Program Files (x86)\Skype\Phone\;C:\xampp\mysql\bin
USERNAME=sandhu
OS=Windows_NT
PROCESSOR_IDENTIFIER=Intel64 Family 6 Model 69 Stepping 1, GenuineIntel



---------------  S Y S T E M  ---------------

OS: Windows 10.0 , 64 bit Build 10586 (10.0.10586.589)

CPU:total 4 (2 cores per cpu, 2 threads per core) family 6 model 69 stepping 1, cmov, cx8, fxsr, mmx, sse, sse2, sse3, ssse3, sse4.1, sse4.2, popcnt, avx, avx2, aes, clmul, erms, lzcnt, ht, tsc, tscinvbit, bmi1, bmi2

Memory: 4k page, physical 4133144k(454768k free), swap 11879416k(1540k free)

vm_info: Java HotSpot(TM) 64-Bit Server VM (25.73-b02) for windows-amd64 JRE (1.8.0_73-b02), built on Jan 29 2016 17:38:49 by "java_re" with MS VC++ 10.0 (VS2010)

time: Wed Oct 19 22:11:11 2016
elapsed time: 0 seconds (0d 0h 0m 0s)

