#
# There is insufficient memory for the Java Runtime Environment to continue.
# Native memory allocation (malloc) failed to allocate 32744 bytes for ChunkPool::allocate
# Possible reasons:
#   The system is out of physical RAM or swap space
#   In 32 bit mode, the process size limit was hit
# Possible solutions:
#   Reduce memory load on the system
#   Increase physical memory or swap space
#   Check if swap backing store is full
#   Use 64 bit Java on a 64 bit OS
#   Decrease Java heap size (-Xmx/-Xms)
#   Decrease number of Java threads
#   Decrease Java thread stack sizes (-Xss)
#   Set larger code cache with -XX:ReservedCodeCacheSize=
# This output file may be truncated or incomplete.
#
#  Out of Memory Error (allocation.cpp:273), pid=884, tid=6236
#
# JRE version: Java(TM) SE Runtime Environment (8.0_73-b02) (build 1.8.0_73-b02)
# Java VM: Java HotSpot(TM) 64-Bit Server VM (25.73-b02 mixed mode windows-amd64 compressed oops)
# Failed to write core dump. Minidumps are not enabled by default on client versions of Windows
#

---------------  T H R E A D  ---------------

Current thread (0x000000001581d000):  JavaThread "C2 CompilerThread0" daemon [_thread_in_native, id=6236, stack(0x0000000016e70000,0x0000000016f70000)]

Stack: [0x0000000016e70000,0x0000000016f70000]
[error occurred during error reporting (printing stack bounds), id 0xc0000005]

Native frames: (J=compiled Java code, j=interpreted, Vv=VM code, C=native code)


Current CompileTask:
C2:   4288 1427   !   4       com.android.dx.cf.cst.ConstantPoolParser::parse0 (731 bytes)


---------------  P R O C E S S  ---------------

Java Threads: ( => current thread )
  0x00000000172e4000 JavaThread "pool-2-thread-4" [_thread_in_Java, id=3808, stack(0x0000000017b70000,0x0000000017c70000)]
  0x00000000172e2800 JavaThread "pool-2-thread-3" [_thread_in_Java, id=6060, stack(0x0000000017a70000,0x0000000017b70000)]
  0x00000000172e2000 JavaThread "pool-2-thread-2" [_thread_in_Java, id=1640, stack(0x0000000017970000,0x0000000017a70000)]
  0x00000000172d9000 JavaThread "pool-3-thread-1" [_thread_blocked, id=8912, stack(0x0000000017870000,0x0000000017970000)]
  0x00000000172d8800 JavaThread "pool-2-thread-1" [_thread_in_Java, id=7404, stack(0x0000000017770000,0x0000000017870000)]
  0x0000000017095800 JavaThread "Service Thread" daemon [_thread_blocked, id=2200, stack(0x0000000017570000,0x0000000017670000)]
  0x0000000015879000 JavaThread "C1 CompilerThread2" daemon [_thread_blocked, id=4824, stack(0x0000000017470000,0x0000000017570000)]
  0x0000000015820000 JavaThread "C2 CompilerThread1" daemon [_thread_in_native, id=8136, stack(0x0000000016f70000,0x0000000017070000)]
=>0x000000001581d000 JavaThread "C2 CompilerThread0" daemon [_thread_in_native, id=6236, stack(0x0000000016e70000,0x0000000016f70000)]
  0x000000001581b000 JavaThread "Attach Listener" daemon [_thread_blocked, id=652, stack(0x0000000016d70000,0x0000000016e70000)]
  0x000000001581a000 JavaThread "Signal Dispatcher" daemon [_thread_blocked, id=8600, stack(0x0000000016c70000,0x0000000016d70000)]
  0x0000000003141800 JavaThread "Finalizer" daemon [_thread_blocked, id=3200, stack(0x0000000016a90000,0x0000000016b90000)]
  0x000000000313e800 JavaThread "Reference Handler" daemon [_thread_blocked, id=5520, stack(0x0000000016990000,0x0000000016a90000)]
  0x0000000003050800 JavaThread "main" [_thread_in_Java, id=6380, stack(0x0000000002e50000,0x0000000002f50000)]

Other Threads:
  0x000000000313b000 VMThread [stack: 0x0000000016890000,0x0000000016990000] [id=5076]
  0x000000001709c000 WatcherThread [stack: 0x0000000017670000,0x0000000017770000] [id=212]

VM state:not at safepoint (normal execution)

VM Mutex/Monitor currently owned by a thread: None

Heap:
 PSYoungGen      total 35328K, used 23979K [0x00000000eab00000, 0x00000000ed000000, 0x0000000100000000)
  eden space 32768K, 65% used [0x00000000eab00000,0x00000000ebff2138,0x00000000ecb00000)
  from space 2560K, 98% used [0x00000000ecd80000,0x00000000ecff8c00,0x00000000ed000000)
  to   space 2560K, 0% used [0x00000000ecb00000,0x00000000ecb00000,0x00000000ecd80000)
 ParOldGen       total 44032K, used 4090K [0x00000000c0000000, 0x00000000c2b00000, 0x00000000eab00000)
  object space 44032K, 9% used [0x00000000c0000000,0x00000000c03feb88,0x00000000c2b00000)
 Metaspace       used 6153K, capacity 7096K, committed 7296K, reserved 1056768K
  class space    used 609K, capacity 624K, committed 640K, reserved 1048576K

Card table byte_map: [0x0000000012510000,0x0000000012720000] byte_map_base: 0x0000000011f10000

Marking Bits: (ParMarkBitMap*) 0x00000000600e0600
 Begin Bits: [0x0000000012c80000, 0x0000000013c80000)
 End Bits:   [0x0000000013c80000, 0x0000000014c80000)

Polling page: 0x0000000002d70000

CodeCache: size=245760Kb used=6363Kb max_used=6382Kb free=239396Kb
 bounds [0x0000000003150000, 0x00000000037a0000, 0x0000000012150000]
 total_blobs=1766 nmethods=1502 adapters=176
 compilation: enabled

Compilation events (10 events):
Event: 4.166 Thread 0x0000000015879000 1512       2       com.android.dx.dex.code.OutputCollector::appendSuffixToOutput (45 bytes)
Event: 4.167 Thread 0x0000000015879000 nmethod 1512 0x0000000003781750 code [0x0000000003781900, 0x0000000003781db8]
Event: 4.170 Thread 0x0000000015820000 nmethod 1450 0x0000000003782310 code [0x00000000037827a0, 0x00000000037864e0]
Event: 4.170 Thread 0x0000000015820000 1461       4       java.util.HashMap::getNode (148 bytes)
Event: 4.174 Thread 0x0000000015820000 nmethod 1461 0x000000000377de10 code [0x000000000377df60, 0x000000000377e188]
Event: 4.174 Thread 0x0000000015820000 1490   !   4       com.android.dx.rop.code.RegisterSpec::intern (70 bytes)
Event: 4.193 Thread 0x0000000015879000 1513       3       com.android.dx.dex.file.ClassDefItem::addInstanceField (9 bytes)
Event: 4.194 Thread 0x0000000015879000 nmethod 1513 0x0000000003779390 code [0x0000000003779540, 0x0000000003779bf8]
Event: 4.247 Thread 0x0000000015820000 nmethod 1490 0x000000000378c110 code [0x000000000378c3c0, 0x000000000378e270]
Event: 4.247 Thread 0x0000000015820000 1484       4       com.android.dx.ssa.back.LivenessAnalyzer::run (231 bytes)

GC Heap History (4 events):
Event: 2.824 GC heap before
{Heap before GC invocations=1 (full 0):
 PSYoungGen      total 18944K, used 16383K [0x00000000eab00000, 0x00000000ec000000, 0x0000000100000000)
  eden space 16384K, 99% used [0x00000000eab00000,0x00000000ebafffd8,0x00000000ebb00000)
  from space 2560K, 0% used [0x00000000ebd80000,0x00000000ebd80000,0x00000000ec000000)
  to   space 2560K, 0% used [0x00000000ebb00000,0x00000000ebb00000,0x00000000ebd80000)
 ParOldGen       total 44032K, used 0K [0x00000000c0000000, 0x00000000c2b00000, 0x00000000eab00000)
  object space 44032K, 0% used [0x00000000c0000000,0x00000000c0000000,0x00000000c2b00000)
 Metaspace       used 5621K, capacity 6704K, committed 6784K, reserved 1056768K
  class space    used 587K, capacity 616K, committed 640K, reserved 1048576K
Event: 2.876 GC heap after
Heap after GC invocations=1 (full 0):
 PSYoungGen      total 18944K, used 2532K [0x00000000eab00000, 0x00000000ed000000, 0x0000000100000000)
  eden space 16384K, 0% used [0x00000000eab00000,0x00000000eab00000,0x00000000ebb00000)
  from space 2560K, 98% used [0x00000000ebb00000,0x00000000ebd792c0,0x00000000ebd80000)
  to   space 2560K, 0% used [0x00000000ecd80000,0x00000000ecd80000,0x00000000ed000000)
 ParOldGen       total 44032K, used 1524K [0x00000000c0000000, 0x00000000c2b00000, 0x00000000eab00000)
  object space 44032K, 3% used [0x00000000c0000000,0x00000000c017d348,0x00000000c2b00000)
 Metaspace       used 5621K, capacity 6704K, committed 6784K, reserved 1056768K
  class space    used 587K, capacity 616K, committed 640K, reserved 1048576K
}
Event: 3.478 GC heap before
{Heap before GC invocations=2 (full 0):
 PSYoungGen      total 18944K, used 18916K [0x00000000eab00000, 0x00000000ed000000, 0x0000000100000000)
  eden space 16384K, 100% used [0x00000000eab00000,0x00000000ebb00000,0x00000000ebb00000)
  from space 2560K, 98% used [0x00000000ebb00000,0x00000000ebd792c0,0x00000000ebd80000)
  to   space 2560K, 0% used [0x00000000ecd80000,0x00000000ecd80000,0x00000000ed000000)
 ParOldGen       total 44032K, used 1524K [0x00000000c0000000, 0x00000000c2b00000, 0x00000000eab00000)
  object space 44032K, 3% used [0x00000000c0000000,0x00000000c017d348,0x00000000c2b00000)
 Metaspace       used 5889K, capacity 6960K, committed 7040K, reserved 1056768K
  class space    used 588K, capacity 616K, committed 640K, reserved 1048576K
Event: 3.502 GC heap after
Heap after GC invocations=2 (full 0):
 PSYoungGen      total 35328K, used 2531K [0x00000000eab00000, 0x00000000ed000000, 0x0000000100000000)
  eden space 32768K, 0% used [0x00000000eab00000,0x00000000eab00000,0x00000000ecb00000)
  from space 2560K, 98% used [0x00000000ecd80000,0x00000000ecff8c00,0x00000000ed000000)
  to   space 2560K, 0% used [0x00000000ecb00000,0x00000000ecb00000,0x00000000ecd80000)
 ParOldGen       total 44032K, used 4090K [0x00000000c0000000, 0x00000000c2b00000, 0x00000000eab00000)
  object space 44032K, 9% used [0x00000000c0000000,0x00000000c03feb88,0x00000000c2b00000)
 Metaspace       used 5889K, capacity 6960K, committed 7040K, reserved 1056768K
  class space    used 588K, capacity 616K, committed 640K, reserved 1048576K
}

Deoptimization events (10 events):
Event: 3.666 Thread 0x00000000172e2800 Uncommon trap: reason=bimorphic action=maybe_recompile pc=0x00000000035e8f50 method=java.util.HashMap.putVal(ILjava/lang/Object;Ljava/lang/Object;ZZ)Ljava/lang/Object; @ 203
Event: 3.666 Thread 0x00000000172e2800 Uncommon trap: reason=bimorphic action=maybe_recompile pc=0x0000000003366724 method=java.util.HashMap.getNode(ILjava/lang/Object;)Ljava/util/HashMap$Node; @ 126
Event: 3.666 Thread 0x00000000172e2800 Uncommon trap: reason=bimorphic action=maybe_recompile pc=0x00000000035e8f50 method=java.util.HashMap.putVal(ILjava/lang/Object;Ljava/lang/Object;ZZ)Ljava/lang/Object; @ 203
Event: 3.737 Thread 0x00000000172e4000 Uncommon trap: reason=null_check action=make_not_entrant pc=0x00000000034319c0 method=com.android.dx.ssa.SsaRenamer.getLocalForNewReg(I)Lcom/android/dx/rop/code/LocalItem; @ 19
Event: 3.742 Thread 0x00000000172e4000 Uncommon trap: reason=null_check action=make_not_entrant pc=0x00000000033f62d4 method=com.android.dx.ssa.SsaRenamer.getLocalForNewReg(I)Lcom/android/dx/rop/code/LocalItem; @ 19
Event: 3.814 Thread 0x00000000172e2800 Uncommon trap: reason=uninitialized action=reinterpret pc=0x00000000036cc6bc method=com.android.dx.cf.code.BytecodeArray.parseInstruction(ILcom/android/dx/cf/code/BytecodeArray$Visitor;)I @ 999
Event: 3.851 Thread 0x00000000172e2800 Uncommon trap: reason=unstable_if action=reinterpret pc=0x0000000003484884 method=java.util.HashMap.putVal(ILjava/lang/Object;Ljava/lang/Object;ZZ)Ljava/lang/Object; @ 162
Event: 3.875 Thread 0x00000000172e2800 Uncommon trap: reason=unstable_if action=reinterpret pc=0x000000000368c494 method=java.util.HashMap.getNode(ILjava/lang/Object;)Ljava/util/HashMap$Node; @ 84
Event: 3.890 Thread 0x00000000172e2000 Uncommon trap: reason=unstable_if action=reinterpret pc=0x000000000344e618 method=com.android.dx.rop.code.LocalItem.hashCode()I @ 25
Event: 3.902 Thread 0x00000000172e2800 Uncommon trap: reason=unstable_if action=reinterpret pc=0x00000000035e1e9c method=java.util.HashMap.putVal(ILjava/lang/Object;Ljava/lang/Object;ZZ)Ljava/lang/Object; @ 109

Internal exceptions (7 events):
Event: 0.611 Thread 0x0000000003050800 Exception <a 'java/lang/NoSuchMethodError': Method sun.misc.Unsafe.defineClass(Ljava/lang/String;[BII)Ljava/lang/Class; name or signature does not match> (0x00000000eab0d560) thrown at [D:\re\puppet\workspace\8-2-build-windows-amd64-cygwin\jdk8u73\6086\hotâyŸEÚ‘ã?
Event: 0.612 Thread 0x0000000003050800 Exception <a 'java/lang/NoSuchMethodError': Method sun.misc.Unsafe.prefetchRead(Ljava/lang/Object;J)V name or signature does not match> (0x00000000eab0d848) thrown at [D:\re\puppet\workspace\8-2-build-windows-amd64-cygwin\jdk8u73\6086\hotspot\src\share\vm\®šå@
Event: 3.737 Thread 0x00000000172e4000 Implicit null exception at 0x000000000342fff2 to 0x0000000003431979
Event: 3.741 Thread 0x00000000172e4000 Implicit null exception at 0x00000000033f496e to 0x00000000033f62ad
Event: 3.871 Thread 0x00000000172e2800 Exception <a 'java/lang/ArrayIndexOutOfBoundsException': 18> (0x00000000eb5692a8) thrown at [D:\re\puppet\workspace\8-2-build-windows-amd64-cygwin\jdk8u73\6086\hotspot\src\share\vm\interpreter\interpreterRuntime.cpp, line 366]
Event: 3.872 Thread 0x00000000172e2800 Exception <a 'java/lang/ArrayIndexOutOfBoundsException': 145> (0x00000000eb56ae28) thrown at [D:\re\puppet\workspace\8-2-build-windows-amd64-cygwin\jdk8u73\6086\hotspot\src\share\vm\interpreter\interpreterRuntime.cpp, line 366]
Event: 3.874 Thread 0x00000000172e2800 Exception <a 'java/lang/ArrayIndexOutOfBoundsException'> (0x00000000eb56c110) thrown at [D:\re\puppet\workspace\8-2-build-windows-amd64-cygwin\jdk8u73\6086\hotspot\src\share\vm\runtime\sharedRuntime.cpp, line 605]

Events (10 events):
Event: 3.874 loading class sun/reflect/generics/reflectiveObjects/TypeVariableImpl done
Event: 3.875 Thread 0x00000000172e2800 Uncommon trap: trap_request=0xffffff65 fr.pc=0x000000000368c494
Event: 3.875 Thread 0x00000000172e2800 DEOPT PACKING pc=0x000000000368c494 sp=0x0000000017b6e2d0
Event: 3.875 Thread 0x00000000172e2800 DEOPT UNPACKING pc=0x000000000319582a sp=0x0000000017b6e248 mode 2
Event: 3.890 Thread 0x00000000172e2000 Uncommon trap: trap_request=0xffffff65 fr.pc=0x000000000344e618
Event: 3.890 Thread 0x00000000172e2000 DEOPT PACKING pc=0x000000000344e618 sp=0x0000000017a6e4d0
Event: 3.890 Thread 0x00000000172e2000 DEOPT UNPACKING pc=0x000000000319582a sp=0x0000000017a6e408 mode 2
Event: 3.902 Thread 0x00000000172e2800 Uncommon trap: trap_request=0xffffff65 fr.pc=0x00000000035e1e9c
Event: 3.902 Thread 0x00000000172e2800 DEOPT PACKING pc=0x00000000035e1e9c sp=0x0000000017b6e550
Event: 3.902 Thread 0x00000000172e2800 DEOPT UNPACKING pc=0x000000000319582a sp=0x0000000017b6e4e0 mode 2


Dynamic libraries:
0x00007ff7fc950000 - 0x00007ff7fc987000 	C:\Program Files\Java\jdk1.8.0_73\bin\java.exe
0x00007ffbac100000 - 0x00007ffbac2c1000 	C:\WINDOWS\SYSTEM32\ntdll.dll
0x00007ffbabdd0000 - 0x00007ffbabe7d000 	C:\WINDOWS\system32\KERNEL32.DLL
0x00007ffba8c50000 - 0x00007ffba8e38000 	C:\WINDOWS\system32\KERNELBASE.dll
0x00007ffbabd20000 - 0x00007ffbabdc7000 	C:\WINDOWS\system32\ADVAPI32.dll
0x00007ffbaba60000 - 0x00007ffbabafd000 	C:\WINDOWS\system32\msvcrt.dll
0x00007ffba9670000 - 0x00007ffba96cb000 	C:\WINDOWS\system32\sechost.dll
0x00007ffbabfe0000 - 0x00007ffbac0fc000 	C:\WINDOWS\system32\RPCRT4.dll
0x00007ffbabe80000 - 0x00007ffbabfd6000 	C:\WINDOWS\system32\USER32.dll
0x00007ffbab760000 - 0x00007ffbab8e6000 	C:\WINDOWS\system32\GDI32.dll
0x00007ffb9b690000 - 0x00007ffb9b904000 	C:\WINDOWS\WinSxS\amd64_microsoft.windows.common-controls_6595b64144ccf1df_6.0.10586.589_none_a2ddb3caa539acce\COMCTL32.dll
0x00007ffbaaed0000 - 0x00007ffbab14d000 	C:\WINDOWS\system32\combase.dll
0x00007ffba9490000 - 0x00007ffba94fa000 	C:\WINDOWS\system32\bcryptPrimitives.dll
0x00007ffbaae90000 - 0x00007ffbaaecb000 	C:\WINDOWS\system32\IMM32.DLL
0x0000000060160000 - 0x0000000060232000 	C:\Program Files\Java\jdk1.8.0_73\jre\bin\msvcr100.dll
0x000000005f8d0000 - 0x0000000060160000 	C:\Program Files\Java\jdk1.8.0_73\jre\bin\server\jvm.dll
0x00007ffbaae80000 - 0x00007ffbaae88000 	C:\WINDOWS\system32\PSAPI.DLL
0x00007ffb9ae40000 - 0x00007ffb9ae49000 	C:\WINDOWS\SYSTEM32\WSOCK32.dll
0x00007ffbab6f0000 - 0x00007ffbab75b000 	C:\WINDOWS\system32\WS2_32.dll
0x00007ffba6970000 - 0x00007ffba6993000 	C:\WINDOWS\SYSTEM32\WINMM.dll
0x00007ffb9c1d0000 - 0x00007ffb9c1da000 	C:\WINDOWS\SYSTEM32\VERSION.dll
0x00007ffba6940000 - 0x00007ffba696c000 	C:\WINDOWS\SYSTEM32\WINMMBASE.dll
0x00007ffba88d0000 - 0x00007ffba8913000 	C:\WINDOWS\system32\cfgmgr32.dll
0x000000005f8c0000 - 0x000000005f8cf000 	C:\Program Files\Java\jdk1.8.0_73\jre\bin\verify.dll
0x000000005f890000 - 0x000000005f8b9000 	C:\Program Files\Java\jdk1.8.0_73\jre\bin\java.dll
0x000000005f870000 - 0x000000005f886000 	C:\Program Files\Java\jdk1.8.0_73\jre\bin\zip.dll
0x00007ffba96d0000 - 0x00007ffbaac2c000 	C:\WINDOWS\system32\SHELL32.dll
0x00007ffba8e40000 - 0x00007ffba9485000 	C:\WINDOWS\system32\windows.storage.dll
0x00007ffbabcb0000 - 0x00007ffbabd02000 	C:\WINDOWS\system32\shlwapi.dll
0x00007ffba8730000 - 0x00007ffba873f000 	C:\WINDOWS\system32\kernel.appcore.dll
0x00007ffba8810000 - 0x00007ffba88c5000 	C:\WINDOWS\system32\shcore.dll
0x00007ffba8740000 - 0x00007ffba878b000 	C:\WINDOWS\system32\powrprof.dll
0x00007ffba8790000 - 0x00007ffba87a4000 	C:\WINDOWS\system32\profapi.dll

VM Arguments:
jvm_args: -Djava.awt.headless=true -Xmx1024M -Dfile.encoding=windows-1252 -Duser.country=GB -Duser.language=en -Duser.variant 
java_command: com.android.dx.command.Main --dex --force-jumbo --num-threads=4 --multi-dex --output C:\Users\sandhu\Documents\sdma\assignment\Assignment8\SunCalculator\app\build\intermediates\transforms\dex\debug\folders\1000\10\com.android.support-support-core-ui-24.2.1_b38dcf365b615f58bfec61dca421d35c4ee00a8a C:\Users\sandhu\Documents\sdma\assignment\Assignment8\SunCalculator\app\build\intermediates\exploded-aar\com.android.support\support-core-ui\24.2.1\jars\classes.jar
java_class_path (initial): C:\Users\sandhu\AppData\Local\Android\sdk1\build-tools\24.0.0\lib\dx.jar
Launcher Type: SUN_STANDARD

Environment Variables:
JAVA_HOME=C:\Program Files\Java\jdk1.8.0_73
PATH=C:\ProgramData\Oracle\Java\javapath;C:\Program Files (x86)\Intel\iCLS Client\;C:\Program Files\Intel\iCLS Client\;C:\WINDOWS\system32;C:\WINDOWS;C:\WINDOWS\System32\Wbem;C:\WINDOWS\System32\WindowsPowerShell\v1.0\;C:\Program Files\Java\jdk1.8.0_60\bin;C:\wamp\bin\php\php5.5.12;C:\Users\sandhu\Documents\WAAD\curl-7.46.0-win64\bin;C:\Program Files (x86)\Skype\Phone\;C:\xampp\mysql\bin
USERNAME=sandhu
OS=Windows_NT
PROCESSOR_IDENTIFIER=Intel64 Family 6 Model 69 Stepping 1, GenuineIntel



---------------  S Y S T E M  ---------------

OS: Windows 10.0 , 64 bit Build 10586 (10.0.10586.589)

CPU:total 4 (2 cores per cpu, 2 threads per core) family 6 model 69 stepping 1, cmov, cx8, fxsr, mmx, sse, sse2, sse3, ssse3, sse4.1, sse4.2, popcnt, avx, avx2, aes, clmul, erms, lzcnt, ht, tsc, tscinvbit, bmi1, bmi2

Memory: 4k page, physical 4133144k(420284k free), swap 11879416k(3020k free)

vm_info: Java HotSpot(TM) 64-Bit Server VM (25.73-b02) for windows-amd64 JRE (1.8.0_73-b02), built on Jan 29 2016 17:38:49 by "java_re" with MS VC++ 10.0 (VS2010)

time: Wed Oct 19 22:13:12 2016
elapsed time: 4 seconds (0d 0h 0m 4s)

